Using pre-set license
Built from '2021.3/staging' branch; Version is '2021.3.23f1 (213b516bf396) revision 2177873'; Using compiler version '192829333'; Build Type 'Release'
OS: 'Windows 11  (10.0.22621) 64bit CoreSingleLanguage' Language: 'en' Physical Memory: 16319 MB
BatchMode: 1, IsHumanControllingUs: 0, StartBugReporterOnCrash: 0, Is64bit: 1, IsPro: 1

COMMAND LINE ARGUMENTS:
G:\unity\2021.3.23f1\Editor\Unity.exe
-adb2
-batchMode
-noUpm
-name
AssetImportWorker2
-projectPath
E:/Build Resources_VL/Build Resources
-logFile
Logs/AssetImportWorker2.log
-srvPort
51392
Successfully changed project path to: E:/Build Resources_VL/Build Resources
E:/Build Resources_VL/Build Resources
[UnityMemory] Configuration Parameters - Can be set up in boot.config
    "memorysetup-bucket-allocator-granularity=16"
    "memorysetup-bucket-allocator-bucket-count=8"
    "memorysetup-bucket-allocator-block-size=33554432"
    "memorysetup-bucket-allocator-block-count=8"
    "memorysetup-main-allocator-block-size=16777216"
    "memorysetup-thread-allocator-block-size=16777216"
    "memorysetup-gfx-main-allocator-block-size=16777216"
    "memorysetup-gfx-thread-allocator-block-size=16777216"
    "memorysetup-cache-allocator-block-size=4194304"
    "memorysetup-typetree-allocator-block-size=2097152"
    "memorysetup-profiler-bucket-allocator-granularity=16"
    "memorysetup-profiler-bucket-allocator-bucket-count=8"
    "memorysetup-profiler-bucket-allocator-block-size=33554432"
    "memorysetup-profiler-bucket-allocator-block-count=8"
    "memorysetup-profiler-allocator-block-size=16777216"
    "memorysetup-profiler-editor-allocator-block-size=1048576"
    "memorysetup-temp-allocator-size-main=16777216"
    "memorysetup-job-temp-allocator-block-size=2097152"
    "memorysetup-job-temp-allocator-block-size-background=1048576"
    "memorysetup-job-temp-allocator-reduction-small-platforms=262144"
    "memorysetup-temp-allocator-size-background-worker=32768"
    "memorysetup-temp-allocator-size-job-worker=262144"
    "memorysetup-temp-allocator-size-preload-manager=33554432"
    "memorysetup-temp-allocator-size-nav-mesh-worker=65536"
    "memorysetup-temp-allocator-size-audio-worker=65536"
    "memorysetup-temp-allocator-size-cloud-worker=32768"
    "memorysetup-temp-allocator-size-gi-baking-worker=262144"
    "memorysetup-temp-allocator-size-gfx=262144"
Player connection [6468] Host "[IP] 192.168.1.33 [Port] 0 [Flags] 2 [Guid] 2268269422 [EditorId] 2268269422 [Version] 1048832 [Id] WindowsEditor(7,DESKTOP-22KK7VB) [Debug] 1 [PackageName] WindowsEditor [ProjectName] Editor" joined multi-casting on [225.0.0.222:54997]...

Player connection [6468] Host "[IP] 192.168.1.33 [Port] 0 [Flags] 2 [Guid] 2268269422 [EditorId] 2268269422 [Version] 1048832 [Id] WindowsEditor(7,DESKTOP-22KK7VB) [Debug] 1 [PackageName] WindowsEditor [ProjectName] Editor" joined alternative multi-casting on [225.0.0.222:34997]...

Refreshing native plugins compatible for Editor in 34.97 ms, found 2 plugins.
Preloading 0 native plugins for Editor in 0.00 ms.
Initialize engine version: 2021.3.23f1 (213b516bf396)
[Subsystems] Discovering subsystems at path G:/unity/2021.3.23f1/Editor/Data/Resources/UnitySubsystems
[Subsystems] Discovering subsystems at path E:/Build Resources_VL/Build Resources/Assets
GfxDevice: creating device client; threaded=0; jobified=0
Direct3D:
    Version:  Direct3D 11.0 [level 11.1]
    Renderer: NVIDIA GeForce GTX 1650 (ID=0x1f82)
    Vendor:   NVIDIA
    VRAM:     3962 MB
    Driver:   27.21.14.5671
Initialize mono
Mono path[0] = 'G:/unity/2021.3.23f1/Editor/Data/Managed'
Mono path[1] = 'G:/unity/2021.3.23f1/Editor/Data/MonoBleedingEdge/lib/mono/unityjit-win32'
Mono config path = 'G:/unity/2021.3.23f1/Editor/Data/MonoBleedingEdge/etc'
Using monoOptions --debugger-agent=transport=dt_socket,embedding=1,server=y,suspend=n,address=127.0.0.1:56784
Begin MonoManager ReloadAssembly
Registering precompiled unity dll's ...
Register platform support module: G:/unity/2021.3.23f1/Editor/Data/PlaybackEngines/WebGLSupport/UnityEditor.WebGL.Extensions.dll
Register platform support module: G:/unity/2021.3.23f1/Editor/Data/PlaybackEngines/WindowsStandaloneSupport/UnityEditor.WindowsStandalone.Extensions.dll
Registered in 0.001287 seconds.
Native extension for WindowsStandalone target not found
Native extension for WebGL target not found
Refreshing native plugins compatible for Editor in 31.62 ms, found 2 plugins.
Preloading 0 native plugins for Editor in 0.00 ms.
Mono: successfully reloaded assembly
- Completed reload, in  0.471 seconds
Domain Reload Profiling:
	ReloadAssembly (471ms)
		BeginReloadAssembly (57ms)
			ExecutionOrderSort (0ms)
			DisableScriptedObjects (0ms)
			BackupInstance (0ms)
			ReleaseScriptingObjects (0ms)
			CreateAndSetChildDomain (1ms)
		EndReloadAssembly (342ms)
			LoadAssemblies (56ms)
			RebuildTransferFunctionScriptingTraits (0ms)
			SetupTypeCache (89ms)
			ReleaseScriptCaches (0ms)
			RebuildScriptCaches (24ms)
			SetupLoadedEditorAssemblies (191ms)
				LogAssemblyErrors (0ms)
				InitializePlatformSupportModulesInManaged (6ms)
				SetLoadedEditorAssemblies (0ms)
				RefreshPlugins (32ms)
				BeforeProcessingInitializeOnLoad (1ms)
				ProcessInitializeOnLoadAttributes (105ms)
				ProcessInitializeOnLoadMethodAttributes (48ms)
				AfterProcessingInitializeOnLoad (0ms)
				EditorAssembliesLoaded (0ms)
			ExecutionOrderSort2 (0ms)
			AwakeInstancesAfterBackupRestoration (0ms)
Platform modules already initialized, skipping
Registering precompiled user dll's ...
Registered in 0.002414 seconds.
Begin MonoManager ReloadAssembly
Native extension for WindowsStandalone target not found
Native extension for WebGL target not found
Refreshing native plugins compatible for Editor in 0.86 ms, found 2 plugins.
Preloading 0 native plugins for Editor in 0.00 ms.
Mono: successfully reloaded assembly
- Completed reload, in  0.861 seconds
Domain Reload Profiling:
	ReloadAssembly (862ms)
		BeginReloadAssembly (91ms)
			ExecutionOrderSort (0ms)
			DisableScriptedObjects (5ms)
			BackupInstance (0ms)
			ReleaseScriptingObjects (0ms)
			CreateAndSetChildDomain (19ms)
		EndReloadAssembly (678ms)
			LoadAssemblies (59ms)
			RebuildTransferFunctionScriptingTraits (0ms)
			SetupTypeCache (161ms)
			ReleaseScriptCaches (0ms)
			RebuildScriptCaches (43ms)
			SetupLoadedEditorAssemblies (386ms)
				LogAssemblyErrors (0ms)
				InitializePlatformSupportModulesInManaged (4ms)
				SetLoadedEditorAssemblies (0ms)
				RefreshPlugins (1ms)
				BeforeProcessingInitializeOnLoad (54ms)
				ProcessInitializeOnLoadAttributes (202ms)
				ProcessInitializeOnLoadMethodAttributes (123ms)
				AfterProcessingInitializeOnLoad (2ms)
				EditorAssembliesLoaded (0ms)
			ExecutionOrderSort2 (0ms)
			AwakeInstancesAfterBackupRestoration (5ms)
Platform modules already initialized, skipping
========================================================================
Worker process is ready to serve import requests
Launched and connected shader compiler UnityShaderCompiler.exe after 0.02 seconds
Refreshing native plugins compatible for Editor in 0.67 ms, found 2 plugins.
Preloading 0 native plugins for Editor in 0.00 ms.
Unloading 2296 Unused Serialized files (Serialized files now loaded: 0)
Unloading 62 unused Assets / (57.3 KB). Loaded Objects now: 2738.
Memory consumption went from 88.8 MB to 88.7 MB.
Total: 5.562000 ms (FindLiveObjects: 0.204000 ms CreateObjectMapping: 0.164000 ms MarkObjects: 5.106200 ms  DeleteObjects: 0.086400 ms)

AssetImportParameters requested are different than current active one (requested -> active):
  custom:video-decoder-ogg-theora: a1e56fd34408186e4bbccfd4996cb3dc -> 
  custom:container-muxer-webm: aa71ff27fc2769a1b78a27578f13a17b -> 
  custom:container-demuxer-webm: 4f35f7cbe854078d1ac9338744f61a02 -> 
  custom:postprocessor/textureSprite: 1909f56bfc062723c751e8b465ee728b -> 6c974d5fbdd46f48f79c9d1ddb8bc3f3
  custom:video-encoder-webm-vp8: eb34c28f22e8b96e1ab97ce403110664 -> 
  custom:audio-encoder-webm-vorbis: bf7c407c2cedff20999df2af8eb42d56 -> 
  custom:framework-win-MediaFoundation: 216162199b28c13a410421893ffa2e32 -> 
  custom:container-demuxer-ogg: 62fdf1f143b41e24485cea50d1cbac27 -> 
  custom:video-decoder-webm-vp8: 9c59270c3fd7afecdb556c50c9e8de78 -> 
  custom:audio-decoder-ogg-vorbis: bf7c407c2cedff20999df2af8eb42d56 -> 
  custom:postprocessor/texturePreprocessor: 1909f56bfc062723c751e8b465ee728b -> 6c974d5fbdd46f48f79c9d1ddb8bc3f3
========================================================================
Received Import Request.
  Time since last request: 1758.541387 seconds.
  path: Assets/Title/ThienVuong/ThienVuong.png
  artifactKey: Guid(13283912345c1044494a4246826b24c7) Importer(-1,00000000000000000000000000000000)
Start importing Assets/Title/ThienVuong/ThienVuong.png using Guid(13283912345c1044494a4246826b24c7) Importer(-1,00000000000000000000000000000000)  -> (artifact id: 'bfcfaf00e83f07b5f6c592ee2a3b9b7c') in 0.087335 seconds 
========================================================================
Received Import Request.
  Time since last request: 0.000019 seconds.
  path: Packages/com.unity.textmeshpro/Editor Resources/Gizmos/TMP - Text Component Icon.psd
  artifactKey: Guid(2fd6421f253b4ef1a19526541f9ffc0c) Importer(-1,00000000000000000000000000000000)
Start importing Packages/com.unity.textmeshpro/Editor Resources/Gizmos/TMP - Text Component Icon.psd using Guid(2fd6421f253b4ef1a19526541f9ffc0c) Importer(-1,00000000000000000000000000000000)  -> (artifact id: '38a0ae74cedce4c0695307fdb21e8aea') in 0.004442 seconds 
========================================================================
Received Import Request.
  Time since last request: 0.000020 seconds.
  path: Packages/com.unity.collab-proxy/Editor/PlasticSCM/Assets/Images/d_icondeletedremoteoverlay@2x.png
  artifactKey: Guid(2cfbf6619eb047545a425e8a31732c83) Importer(-1,00000000000000000000000000000000)
Start importing Packages/com.unity.collab-proxy/Editor/PlasticSCM/Assets/Images/d_icondeletedremoteoverlay@2x.png using Guid(2cfbf6619eb047545a425e8a31732c83) Importer(-1,00000000000000000000000000000000)  -> (artifact id: '8c73da1d337b59428d5a632a1392105f') in 0.002833 seconds 
========================================================================
Received Import Request.
  Time since last request: 0.000028 seconds.
  path: Packages/com.unity.textmeshpro/Editor Resources/Textures/btn_AlignRight_Light.psd
  artifactKey: Guid(e05ace3bd15740cda0bad60d89092a5b) Importer(-1,00000000000000000000000000000000)
Start importing Packages/com.unity.textmeshpro/Editor Resources/Textures/btn_AlignRight_Light.psd using Guid(e05ace3bd15740cda0bad60d89092a5b) Importer(-1,00000000000000000000000000000000)  -> (artifact id: 'c37504161e6d73ba70294a208822b1c2') in 0.003305 seconds 
========================================================================
Received Import Request.
  Time since last request: 0.000013 seconds.
  path: Packages/com.unity.textmeshpro/Editor Resources/Textures/btn_AlignBottom.psd
  artifactKey: Guid(ca51b19024094d1b87f3e07edb0a75fb) Importer(-1,00000000000000000000000000000000)
Start importing Packages/com.unity.textmeshpro/Editor Resources/Textures/btn_AlignBottom.psd using Guid(ca51b19024094d1b87f3e07edb0a75fb) Importer(-1,00000000000000000000000000000000)  -> (artifact id: '4a6f890834141f62ddde1885e9e19ec0') in 0.003209 seconds 
========================================================================
Received Import Request.
  Time since last request: 0.000013 seconds.
  path: Assets/codeandweb.com/Example/Sprites/capguy/turn/0007_n.png
  artifactKey: Guid(7480e4ee5f3054f37ab5334025754874) Importer(-1,00000000000000000000000000000000)
Start importing Assets/codeandweb.com/Example/Sprites/capguy/turn/0007_n.png using Guid(7480e4ee5f3054f37ab5334025754874) Importer(-1,00000000000000000000000000000000)  -> (artifact id: '2a6d23d2123dcc6c27cf44989b29d679') in 0.005187 seconds 
========================================================================
Received Import Request.
  Time since last request: 0.000012 seconds.
  path: Packages/com.unity.timeline/Editor/StyleSheets/Images/Icons/TimelineEditModeRippleON.png
  artifactKey: Guid(c5c1f094d9a9b3f4c9cc6c3a87af871c) Importer(-1,00000000000000000000000000000000)
Start importing Packages/com.unity.timeline/Editor/StyleSheets/Images/Icons/TimelineEditModeRippleON.png using Guid(c5c1f094d9a9b3f4c9cc6c3a87af871c) Importer(-1,00000000000000000000000000000000)  -> (artifact id: 'fda7e51b7afa9e508f9928a1106748c8') in 0.004025 seconds 
========================================================================
Received Import Request.
  Time since last request: 0.000022 seconds.
  path: Packages/com.unity.2d.tilemap/Editor/Icons/Grid.RotateCW@2x.png
  artifactKey: Guid(3239e705bdc364b47a21e44901809b91) Importer(-1,00000000000000000000000000000000)
Start importing Packages/com.unity.2d.tilemap/Editor/Icons/Grid.RotateCW@2x.png using Guid(3239e705bdc364b47a21e44901809b91) Importer(-1,00000000000000000000000000000000)  -> (artifact id: 'b8a048e553bd4f4c95c2891c064be66d') in 0.003264 seconds 
========================================================================
Received Import Request.
  Time since last request: 0.000014 seconds.
  path: Packages/com.unity.collab-proxy/Editor/PlasticSCM/Assets/Images/d_secondarytabclosehover.png
  artifactKey: Guid(6a9d211bea1bc4a429d86cbb2d0b0a3e) Importer(-1,00000000000000000000000000000000)
Start importing Packages/com.unity.collab-proxy/Editor/PlasticSCM/Assets/Images/d_secondarytabclosehover.png using Guid(6a9d211bea1bc4a429d86cbb2d0b0a3e) Importer(-1,00000000000000000000000000000000)  -> (artifact id: '6d93bd46f0b9fc9f0c81a7680b5cb183') in 0.003067 seconds 
========================================================================
Received Import Request.
  Time since last request: 0.000012 seconds.
  path: Assets/codeandweb.com/Example/Sprites/capguy/turn/0009_n.png
  artifactKey: Guid(1123e6deec07143919515e0c8c3d75aa) Importer(-1,00000000000000000000000000000000)
Start importing Assets/codeandweb.com/Example/Sprites/capguy/turn/0009_n.png using Guid(1123e6deec07143919515e0c8c3d75aa) Importer(-1,00000000000000000000000000000000)  -> (artifact id: 'fdb78536ba39490c6ae9c2825c3cf16d') in 0.005926 seconds 
========================================================================
Received Import Request.
  Time since last request: 0.000013 seconds.
  path: Packages/com.unity.collab-proxy/Editor/PlasticSCM/Assets/Images/iconlockedlocaloverlay@2x.png
  artifactKey: Guid(b528c1b33a65cf94ea74f830b54c9acb) Importer(-1,00000000000000000000000000000000)
Start importing Packages/com.unity.collab-proxy/Editor/PlasticSCM/Assets/Images/iconlockedlocaloverlay@2x.png using Guid(b528c1b33a65cf94ea74f830b54c9acb) Importer(-1,00000000000000000000000000000000)  -> (artifact id: '0f55df9d01c06fff08d8949a7baa8679') in 0.002465 seconds 
========================================================================
Received Import Request.
  Time since last request: 0.000030 seconds.
  path: Assets/codeandweb.com/Example/Sprites/capguy/walk/0015.png
  artifactKey: Guid(2ce41d26778b544bead453a5cf7df813) Importer(-1,00000000000000000000000000000000)
Start importing Assets/codeandweb.com/Example/Sprites/capguy/walk/0015.png using Guid(2ce41d26778b544bead453a5cf7df813) Importer(-1,00000000000000000000000000000000)  -> (artifact id: '639681fa3abefdf7a81b22848cda79c7') in 0.011919 seconds 
========================================================================
Received Import Request.
  Time since last request: 0.000016 seconds.
  path: Packages/com.unity.collab-proxy/Editor/PlasticSCM/Assets/Images/d_step2.png
  artifactKey: Guid(897c3a3f5c4038345a7143573bbb4a40) Importer(-1,00000000000000000000000000000000)
Start importing Packages/com.unity.collab-proxy/Editor/PlasticSCM/Assets/Images/d_step2.png using Guid(897c3a3f5c4038345a7143573bbb4a40) Importer(-1,00000000000000000000000000000000)  -> (artifact id: '6c9207dc49eab7014804bfd7b923830b') in 0.002821 seconds 
========================================================================
Received Import Request.
  Time since last request: 0.000017 seconds.
  path: Packages/com.unity.timeline/Editor/StyleSheets/Images/DarkSkin/TimelineSignalSelected.png
  artifactKey: Guid(a5e21f4e466690645980dd0cf0b664bc) Importer(-1,00000000000000000000000000000000)
Start importing Packages/com.unity.timeline/Editor/StyleSheets/Images/DarkSkin/TimelineSignalSelected.png using Guid(a5e21f4e466690645980dd0cf0b664bc) Importer(-1,00000000000000000000000000000000)  -> (artifact id: 'e27742d2d6cd79f51e3e4f418fb56bd9') in 0.002776 seconds 
========================================================================
Received Import Request.
  Time since last request: 0.000014 seconds.
  path: Packages/com.unity.timeline/Editor/StyleSheets/Images/Icons/d_TrackMarkerButtonDisabled@2x.png
  artifactKey: Guid(77d926c9a4ddcc940b8c000b45cbfb35) Importer(-1,00000000000000000000000000000000)
Start importing Packages/com.unity.timeline/Editor/StyleSheets/Images/Icons/d_TrackMarkerButtonDisabled@2x.png using Guid(77d926c9a4ddcc940b8c000b45cbfb35) Importer(-1,00000000000000000000000000000000)  -> (artifact id: '9a60bd625d59abeb386d55b445271841') in 0.002856 seconds 
========================================================================
Received Import Request.
  Time since last request: 0.000012 seconds.
  path: Packages/com.unity.collab-proxy/Editor/PlasticSCM/Assets/Images/d_iconoutofsync.png
  artifactKey: Guid(0e80bd0b4a8196f46acf73711b9505ec) Importer(-1,00000000000000000000000000000000)
Start importing Packages/com.unity.collab-proxy/Editor/PlasticSCM/Assets/Images/d_iconoutofsync.png using Guid(0e80bd0b4a8196f46acf73711b9505ec) Importer(-1,00000000000000000000000000000000)  -> (artifact id: '738b82e89a500b41a9e743fa82417e41') in 0.002811 seconds 
========================================================================
Received Import Request.
  Time since last request: 0.000027 seconds.
  path: Packages/com.unity.collab-proxy/Editor/PlasticSCM/Assets/Images/iconplasticnotifyincoming@2x.png
  artifactKey: Guid(ae869fe6797f4454cbbf417d87ff637c) Importer(-1,00000000000000000000000000000000)
Start importing Packages/com.unity.collab-proxy/Editor/PlasticSCM/Assets/Images/iconplasticnotifyincoming@2x.png using Guid(ae869fe6797f4454cbbf417d87ff637c) Importer(-1,00000000000000000000000000000000)  -> (artifact id: '4e04d86f3709e0be3f5d147f35cf8ad2') in 0.002910 seconds 
========================================================================
Received Import Request.
  Time since last request: 0.000013 seconds.
  path: Packages/com.unity.textmeshpro/Editor Resources/Textures/btn_AlignTop_Light.psd
  artifactKey: Guid(ed041e68439749a69d0efa0e3d896c2e) Importer(-1,00000000000000000000000000000000)
Start importing Packages/com.unity.textmeshpro/Editor Resources/Textures/btn_AlignTop_Light.psd using Guid(ed041e68439749a69d0efa0e3d896c2e) Importer(-1,00000000000000000000000000000000)  -> (artifact id: '4cfa7c6f22e563d5bab4583266f560cc') in 0.003046 seconds 
========================================================================
Received Import Request.
  Time since last request: 0.000021 seconds.
  path: Packages/com.unity.2d.tilemap/Editor/Icons/d_Grid.RotateCW@2x.png
  artifactKey: Guid(e41a6ab3ac7354642a9006c03183e95e) Importer(-1,00000000000000000000000000000000)
Start importing Packages/com.unity.2d.tilemap/Editor/Icons/d_Grid.RotateCW@2x.png using Guid(e41a6ab3ac7354642a9006c03183e95e) Importer(-1,00000000000000000000000000000000)  -> (artifact id: '354d6aa638fa48c733de4f8c1e80f51c') in 0.003616 seconds 
========================================================================
Received Import Request.
  Time since last request: 0.000024 seconds.
  path: Packages/com.unity.timeline/Editor/StyleSheets/Images/Icons/TrackMarkerButtonDisabled.png
  artifactKey: Guid(33a52b41b4de5874ca7da1da32067e39) Importer(-1,00000000000000000000000000000000)
Start importing Packages/com.unity.timeline/Editor/StyleSheets/Images/Icons/TrackMarkerButtonDisabled.png using Guid(33a52b41b4de5874ca7da1da32067e39) Importer(-1,00000000000000000000000000000000)  -> (artifact id: 'e7872f9fdb26074348460cf71433f414') in 0.003185 seconds 
========================================================================
Received Import Request.
  Time since last request: 0.000025 seconds.
  path: Packages/com.unity.timeline/Editor/StyleSheets/Images/Icons/TimelineEditModeMixON.png
  artifactKey: Guid(a82846d41464fcf4b962ebdc815963f5) Importer(-1,00000000000000000000000000000000)
Start importing Packages/com.unity.timeline/Editor/StyleSheets/Images/Icons/TimelineEditModeMixON.png using Guid(a82846d41464fcf4b962ebdc815963f5) Importer(-1,00000000000000000000000000000000)  -> (artifact id: '3a1bec68709c42a726c4bc1131ea5b0a') in 0.003480 seconds 
========================================================================
Received Import Request.
  Time since last request: 0.000023 seconds.
  path: Packages/com.unity.collab-proxy/Editor/PlasticSCM/Assets/Images/d_iconprivateoverlay.png
  artifactKey: Guid(059fb5367594a3343814dc25ace454b3) Importer(-1,00000000000000000000000000000000)
Start importing Packages/com.unity.collab-proxy/Editor/PlasticSCM/Assets/Images/d_iconprivateoverlay.png using Guid(059fb5367594a3343814dc25ace454b3) Importer(-1,00000000000000000000000000000000)  -> (artifact id: '5c9b8d613cd4560d7c6d40cddccbdf5d') in 0.003203 seconds 
========================================================================
Received Import Request.
  Time since last request: 0.000019 seconds.
  path: Assets/Resources/UI/Shop/Shop.png
  artifactKey: Guid(3b1af17d552b667499d1f8346456d146) Importer(-1,00000000000000000000000000000000)
Start importing Assets/Resources/UI/Shop/Shop.png using Guid(3b1af17d552b667499d1f8346456d146) Importer(-1,00000000000000000000000000000000)  -> (artifact id: '8f3ae31d44899bed0aba84e0492e6209') in 0.540178 seconds 
========================================================================
Received Import Request.
  Time since last request: 0.000024 seconds.
  path: Assets/codeandweb.com/Example/Sprites/capguy/turn/0004_n.png
  artifactKey: Guid(07034e388fbed42549c2abdff0717cf9) Importer(-1,00000000000000000000000000000000)
Start importing Assets/codeandweb.com/Example/Sprites/capguy/turn/0004_n.png using Guid(07034e388fbed42549c2abdff0717cf9) Importer(-1,00000000000000000000000000000000)  -> (artifact id: 'd0c549a8be384ea68b45707292319b9f') in 0.005133 seconds 
========================================================================
Received Import Request.
  Time since last request: 0.000015 seconds.
  path: Packages/com.unity.collab-proxy/Editor/PlasticSCM/Assets/Images/secondarytabclosehover.png
  artifactKey: Guid(8fac55fff4ce5fa40a7b2efefc0e617a) Importer(-1,00000000000000000000000000000000)
Start importing Packages/com.unity.collab-proxy/Editor/PlasticSCM/Assets/Images/secondarytabclosehover.png using Guid(8fac55fff4ce5fa40a7b2efefc0e617a) Importer(-1,00000000000000000000000000000000)  -> (artifact id: '3f6f7c5da53041e41cd58c5d10b7d248') in 0.002662 seconds 
========================================================================
Received Import Request.
  Time since last request: 0.000012 seconds.
  path: Packages/com.unity.collab-proxy/Editor/PlasticSCM/Assets/Images/d_iconoutofsync@2x.png
  artifactKey: Guid(f82dfc5fc3c5a8f4080a3550427019c8) Importer(-1,00000000000000000000000000000000)
Start importing Packages/com.unity.collab-proxy/Editor/PlasticSCM/Assets/Images/d_iconoutofsync@2x.png using Guid(f82dfc5fc3c5a8f4080a3550427019c8) Importer(-1,00000000000000000000000000000000)  -> (artifact id: '76d391889982d29ed03bb364646f9622') in 0.002641 seconds 
========================================================================
Received Import Request.
  Time since last request: 0.000009 seconds.
  path: Assets/Resources/UI/CoreUI/Elemental/Elemental.png
  artifactKey: Guid(1a9fb68c7af72eb43b23cb3b5aec7d20) Importer(-1,00000000000000000000000000000000)
Start importing Assets/Resources/UI/CoreUI/Elemental/Elemental.png using Guid(1a9fb68c7af72eb43b23cb3b5aec7d20) Importer(-1,00000000000000000000000000000000)  -> (artifact id: '8d45f01f2284e60c37961eee9d210e3b') in 0.014611 seconds 
========================================================================
Received Import Request.
  Time since last request: 0.000011 seconds.
  path: Assets/Resources/UI/Mission.png
  artifactKey: Guid(564fec7d78b76734dafbb2e724605a1c) Importer(-1,00000000000000000000000000000000)
Start importing Assets/Resources/UI/Mission.png using Guid(564fec7d78b76734dafbb2e724605a1c) Importer(-1,00000000000000000000000000000000)  -> (artifact id: 'fb0ffda4db073da38da3e2db2f778b2b') in 0.122085 seconds 
========================================================================
Received Import Request.
  Time since last request: 0.000014 seconds.
  path: Assets/Title/denhatcaothu/caothu.png
  artifactKey: Guid(8c2e8843c7037a543b619f5fe620ca91) Importer(-1,00000000000000000000000000000000)
Start importing Assets/Title/denhatcaothu/caothu.png using Guid(8c2e8843c7037a543b619f5fe620ca91) Importer(-1,00000000000000000000000000000000)  -> (artifact id: 'dd0a0894f731e0c2f70382891ae6d185') in 0.010824 seconds 
========================================================================
Received Import Request.
  Time since last request: 0.000017 seconds.
  path: Assets/Title/HoaSon/HoaSon.png
  artifactKey: Guid(eb29a0e03549c1248b8fc275c30e7124) Importer(-1,00000000000000000000000000000000)
Start importing Assets/Title/HoaSon/HoaSon.png using Guid(eb29a0e03549c1248b8fc275c30e7124) Importer(-1,00000000000000000000000000000000)  -> (artifact id: '42404cf898f70e0c47c8b157b043495a') in 0.045861 seconds 
========================================================================
Received Import Request.
  Time since last request: 0.000013 seconds.
  path: Packages/com.unity.timeline/Editor/StyleSheets/Images/Icons/d_TrackRecordButtonDisabled@2x.png
  artifactKey: Guid(db15c78579dee4a4db85f392634c8ecc) Importer(-1,00000000000000000000000000000000)
Start importing Packages/com.unity.timeline/Editor/StyleSheets/Images/Icons/d_TrackRecordButtonDisabled@2x.png using Guid(db15c78579dee4a4db85f392634c8ecc) Importer(-1,00000000000000000000000000000000)  -> (artifact id: '671823a31448efc610aeaede9eef6e62') in 0.002877 seconds 
========================================================================
Received Import Request.
  Time since last request: 0.000027 seconds.
  path: Assets/Title/NguDoc/NguDoc.png
  artifactKey: Guid(e6e035b7a8351874b8f7fb2ce8f8950f) Importer(-1,00000000000000000000000000000000)
Start importing Assets/Title/NguDoc/NguDoc.png using Guid(e6e035b7a8351874b8f7fb2ce8f8950f) Importer(-1,00000000000000000000000000000000)  -> (artifact id: '4485c2841df64d761d3d5487623bfa37') in 0.043566 seconds 
========================================================================
Received Import Request.
  Time since last request: 0.000014 seconds.
  path: Packages/com.unity.timeline/Editor/StyleSheets/Images/DarkSkin/TimelineAutokey_active.png
  artifactKey: Guid(e17ee60887efdd04389991a15ee0c578) Importer(-1,00000000000000000000000000000000)
Start importing Packages/com.unity.timeline/Editor/StyleSheets/Images/DarkSkin/TimelineAutokey_active.png using Guid(e17ee60887efdd04389991a15ee0c578) Importer(-1,00000000000000000000000000000000)  -> (artifact id: '883a248fec42aa54577c4d7491014b3c') in 0.002686 seconds 
========================================================================
Received Import Request.
  Time since last request: 0.000013 seconds.
  path: Packages/com.unity.2d.sprite/Editor/ObjectMenuCreation/DefaultAssets/Textures/v2/IsometricDiamond.png
  artifactKey: Guid(19fb86013d8c24d6cb8410c0aadf30fa) Importer(-1,00000000000000000000000000000000)
Start importing Packages/com.unity.2d.sprite/Editor/ObjectMenuCreation/DefaultAssets/Textures/v2/IsometricDiamond.png using Guid(19fb86013d8c24d6cb8410c0aadf30fa) Importer(-1,00000000000000000000000000000000)  -> (artifact id: '97da476468c4e9f19c8acc0539ca1e22') in 0.003911 seconds 
========================================================================
Received Import Request.
  Time since last request: 0.000013 seconds.
  path: Packages/com.unity.timeline/Editor/StyleSheets/Images/Icons/TimelineEditModeReplaceON.png
  artifactKey: Guid(6d41c3e8796a4fd4e80840354039e4ac) Importer(-1,00000000000000000000000000000000)
Start importing Packages/com.unity.timeline/Editor/StyleSheets/Images/Icons/TimelineEditModeReplaceON.png using Guid(6d41c3e8796a4fd4e80840354039e4ac) Importer(-1,00000000000000000000000000000000)  -> (artifact id: 'b3904ab8ab5cf3cfd89c3c3e87bb780d') in 0.003082 seconds 
========================================================================
Received Import Request.
  Time since last request: 0.000012 seconds.
  path: Packages/com.unity.timeline/Editor/StyleSheets/Images/Icons/TrackAvatarButtonEnabled.png
  artifactKey: Guid(4bf6507f1346b2746a35384f6a5fd5f9) Importer(-1,00000000000000000000000000000000)
Start importing Packages/com.unity.timeline/Editor/StyleSheets/Images/Icons/TrackAvatarButtonEnabled.png using Guid(4bf6507f1346b2746a35384f6a5fd5f9) Importer(-1,00000000000000000000000000000000)  -> (artifact id: '479cea04971f2cf17aea7b3c1e343768') in 0.003076 seconds 
========================================================================
Received Import Request.
  Time since last request: 0.000012 seconds.
  path: Packages/com.unity.collab-proxy/Editor/PlasticSCM/Assets/Images/iconplasticview@2x.png
  artifactKey: Guid(97a4e2b6ae08b1140a5ba9e22953e029) Importer(-1,00000000000000000000000000000000)
Start importing Packages/com.unity.collab-proxy/Editor/PlasticSCM/Assets/Images/iconplasticview@2x.png using Guid(97a4e2b6ae08b1140a5ba9e22953e029) Importer(-1,00000000000000000000000000000000)  -> (artifact id: '270ca58c8172f6bbff914b188d4ff7cb') in 0.002479 seconds 
========================================================================
Received Import Request.
  Time since last request: 0.000012 seconds.
  path: Packages/com.unity.timeline/Editor/StyleSheets/Images/Icons/d_TrackCurvesButtonEnabled@2x.png
  artifactKey: Guid(43ed4593c5ddda0439fcc1bdaf8309fe) Importer(-1,00000000000000000000000000000000)
Start importing Packages/com.unity.timeline/Editor/StyleSheets/Images/Icons/d_TrackCurvesButtonEnabled@2x.png using Guid(43ed4593c5ddda0439fcc1bdaf8309fe) Importer(-1,00000000000000000000000000000000)  -> (artifact id: 'b28d83d476c142eb2788f60d762a49ad') in 0.003484 seconds 
========================================================================
Received Import Request.
  Time since last request: 0.000049 seconds.
  path: Packages/com.unity.textmeshpro/Editor Resources/Gizmos/TMP - Sprite Asset Icon.psd
  artifactKey: Guid(ec7c645d93308c04d8840982af12101e) Importer(-1,00000000000000000000000000000000)
Start importing Packages/com.unity.textmeshpro/Editor Resources/Gizmos/TMP - Sprite Asset Icon.psd using Guid(ec7c645d93308c04d8840982af12101e) Importer(-1,00000000000000000000000000000000)  -> (artifact id: '84d97574ff432600d1b669893451db8e') in 0.008180 seconds 
========================================================================
Received Import Request.
  Time since last request: 0.000060 seconds.
  path: Packages/com.unity.collab-proxy/Editor/PlasticSCM/Assets/Images/iconoutofsyncoverlay@2x.png
  artifactKey: Guid(3728580c149181a44b359e89f6edacae) Importer(-1,00000000000000000000000000000000)
Start importing Packages/com.unity.collab-proxy/Editor/PlasticSCM/Assets/Images/iconoutofsyncoverlay@2x.png using Guid(3728580c149181a44b359e89f6edacae) Importer(-1,00000000000000000000000000000000)  -> (artifact id: '9e90e88abcc0ce054143c3901208c2e0') in 0.006379 seconds 
========================================================================
Received Import Request.
  Time since last request: 0.000018 seconds.
  path: Packages/com.unity.collab-proxy/Editor/PlasticSCM/Assets/Images/iconconflicted@2x.png
  artifactKey: Guid(f95f697d66d238446b1ab717def09945) Importer(-1,00000000000000000000000000000000)
Start importing Packages/com.unity.collab-proxy/Editor/PlasticSCM/Assets/Images/iconconflicted@2x.png using Guid(f95f697d66d238446b1ab717def09945) Importer(-1,00000000000000000000000000000000)  -> (artifact id: 'c4542248050796464f1dd421f567cdc6') in 0.003180 seconds 
========================================================================
Received Import Request.
  Time since last request: 0.000017 seconds.
  path: Assets/codeandweb.com/Example/Sprites/capguy/turn/0004.png
  artifactKey: Guid(d68b788b41fd74fc09b1407967cd8c4b) Importer(-1,00000000000000000000000000000000)
Start importing Assets/codeandweb.com/Example/Sprites/capguy/turn/0004.png using Guid(d68b788b41fd74fc09b1407967cd8c4b) Importer(-1,00000000000000000000000000000000)  -> (artifact id: 'd558e2a0b1a377ef1679139483d00d05') in 0.008346 seconds 
========================================================================
Received Import Request.
  Time since last request: 0.000015 seconds.
  path: Assets/codeandweb.com/Example/Sprites/capguy/walk/0003_n.png
  artifactKey: Guid(4c5458e6b9c98433cb0913d1af2e2351) Importer(-1,00000000000000000000000000000000)
Start importing Assets/codeandweb.com/Example/Sprites/capguy/walk/0003_n.png using Guid(4c5458e6b9c98433cb0913d1af2e2351) Importer(-1,00000000000000000000000000000000)  -> (artifact id: '5263223572700a59d014280077afc31e') in 0.005252 seconds 
========================================================================
Received Import Request.
  Time since last request: 0.000015 seconds.
  path: Packages/com.unity.collab-proxy/Editor/PlasticSCM/Assets/Images/d_stepok@2x.png
  artifactKey: Guid(3494dc956dfd7174abc07060940a2848) Importer(-1,00000000000000000000000000000000)
Start importing Packages/com.unity.collab-proxy/Editor/PlasticSCM/Assets/Images/d_stepok@2x.png using Guid(3494dc956dfd7174abc07060940a2848) Importer(-1,00000000000000000000000000000000)  -> (artifact id: 'ad44ea82354c5dcafbab3bd0ae35e5f9') in 0.002645 seconds 
========================================================================
Received Import Request.
  Time since last request: 0.000013 seconds.
  path: Packages/com.unity.collab-proxy/Editor/PlasticSCM/Assets/Images/d_iconaddedoverlay@2x.png
  artifactKey: Guid(a6fbd5a181bc51e42a61a73fe8d727c8) Importer(-1,00000000000000000000000000000000)
Start importing Packages/com.unity.collab-proxy/Editor/PlasticSCM/Assets/Images/d_iconaddedoverlay@2x.png using Guid(a6fbd5a181bc51e42a61a73fe8d727c8) Importer(-1,00000000000000000000000000000000)  -> (artifact id: '4aaabeafafe04793e582a5a4ca0560fb') in 0.002693 seconds 
========================================================================
Received Import Request.
  Time since last request: 0.000013 seconds.
  path: Packages/com.unity.textmeshpro/Editor Resources/Textures/btn_AlignLeft_Light.psd
  artifactKey: Guid(12736c98af174f91827a26b66d2b01b9) Importer(-1,00000000000000000000000000000000)
Start importing Packages/com.unity.textmeshpro/Editor Resources/Textures/btn_AlignLeft_Light.psd using Guid(12736c98af174f91827a26b66d2b01b9) Importer(-1,00000000000000000000000000000000)  -> (artifact id: 'aeb72ce4e4658a3203cd173b5410ed69') in 0.003196 seconds 
========================================================================
Received Import Request.
  Time since last request: 0.000018 seconds.
  path: Packages/com.unity.2d.sprite/Editor/ObjectMenuCreation/DefaultAssets/Textures/v2/Circle.png
  artifactKey: Guid(a86470a33a6bf42c4b3595704624658b) Importer(-1,00000000000000000000000000000000)
Start importing Packages/com.unity.2d.sprite/Editor/ObjectMenuCreation/DefaultAssets/Textures/v2/Circle.png using Guid(a86470a33a6bf42c4b3595704624658b) Importer(-1,00000000000000000000000000000000)  -> (artifact id: 'cdc636a00f5ea38a57a95708a73cc538') in 0.004641 seconds 
========================================================================
Received Import Request.
  Time since last request: 0.000016 seconds.
  path: Packages/com.unity.timeline/Editor/StyleSheets/Images/Icons/TrackRecordButtonEnabled.png
  artifactKey: Guid(c6a0c6226c05f954fa6cd03aebb4d255) Importer(-1,00000000000000000000000000000000)
Start importing Packages/com.unity.timeline/Editor/StyleSheets/Images/Icons/TrackRecordButtonEnabled.png using Guid(c6a0c6226c05f954fa6cd03aebb4d255) Importer(-1,00000000000000000000000000000000)  -> (artifact id: 'eb83038f7fe2139d603fb8db3d32c992') in 0.003151 seconds 
========================================================================
Received Import Request.
  Time since last request: 0.000013 seconds.
  path: Packages/com.unity.collab-proxy/Editor/PlasticSCM/Assets/Images/d_iconbranch.png
  artifactKey: Guid(612c5e166a121e3449dad067fbdc37a4) Importer(-1,00000000000000000000000000000000)
Start importing Packages/com.unity.collab-proxy/Editor/PlasticSCM/Assets/Images/d_iconbranch.png using Guid(612c5e166a121e3449dad067fbdc37a4) Importer(-1,00000000000000000000000000000000)  -> (artifact id: 'bc3e947208132cc671afb932e9e44245') in 0.012355 seconds 
========================================================================
Received Import Request.
  Time since last request: 0.000020 seconds.
  path: Packages/com.unity.2d.sprite/Editor/ObjectMenuCreation/DefaultAssets/Textures/IsometricDiamond.png
  artifactKey: Guid(045b15ec09bba42448d89db77fa6f20a) Importer(-1,00000000000000000000000000000000)
Start importing Packages/com.unity.2d.sprite/Editor/ObjectMenuCreation/DefaultAssets/Textures/IsometricDiamond.png using Guid(045b15ec09bba42448d89db77fa6f20a) Importer(-1,00000000000000000000000000000000)  -> (artifact id: 'ac11ad9884b2ef884023c8dc7b5c543e') in 0.004566 seconds 
========================================================================
Received Import Request.
  Time since last request: 0.000021 seconds.
  path: Packages/com.unity.textmeshpro/Editor Resources/Textures/btn_AlignCenter_Light.psd
  artifactKey: Guid(6ace62d30f494c948b71d5594afce11d) Importer(-1,00000000000000000000000000000000)
Start importing Packages/com.unity.textmeshpro/Editor Resources/Textures/btn_AlignCenter_Light.psd using Guid(6ace62d30f494c948b71d5594afce11d) Importer(-1,00000000000000000000000000000000)  -> (artifact id: '7e25f1753f2d27d611a713bf7acbc095') in 0.003321 seconds 
========================================================================
Received Import Request.
  Time since last request: 0.000013 seconds.
  path: Assets/codeandweb.com/Example/Sprites/capguy/turn/0008_n.png
  artifactKey: Guid(16cf6a60885c94ac4ace38e61f8da7ae) Importer(-1,00000000000000000000000000000000)
Start importing Assets/codeandweb.com/Example/Sprites/capguy/turn/0008_n.png using Guid(16cf6a60885c94ac4ace38e61f8da7ae) Importer(-1,00000000000000000000000000000000)  -> (artifact id: 'd0a60cfdbf32c46773a4e78d27e2da49') in 0.006173 seconds 
========================================================================
Received Import Request.
  Time since last request: 0.000014 seconds.
  path: Assets/Title/DuongMon/DuongMon.png
  artifactKey: Guid(6ca1204130333a34e99af141910da8f5) Importer(-1,00000000000000000000000000000000)
Start importing Assets/Title/DuongMon/DuongMon.png using Guid(6ca1204130333a34e99af141910da8f5) Importer(-1,00000000000000000000000000000000)  -> (artifact id: '35ad373a6e1f08f0f3a046b74a90f0ee') in 0.043664 seconds 
========================================================================
Received Import Request.
  Time since last request: 0.000019 seconds.
  path: Packages/com.unity.collab-proxy/Editor/PlasticSCM/Assets/Images/d_iconconflictresolvedoverlay@2x.png
  artifactKey: Guid(4a231ba0e81e63849a8f985c228e8acd) Importer(-1,00000000000000000000000000000000)
Start importing Packages/com.unity.collab-proxy/Editor/PlasticSCM/Assets/Images/d_iconconflictresolvedoverlay@2x.png using Guid(4a231ba0e81e63849a8f985c228e8acd) Importer(-1,00000000000000000000000000000000)  -> (artifact id: '58f108695a10e8c2ec782a4c63af9329') in 0.002800 seconds 
========================================================================
Received Import Request.
  Time since last request: 0.000024 seconds.
  path: Packages/com.unity.2d.sprite/Editor/ObjectMenuCreation/DefaultAssets/Textures/v2/HexagonFlatTop.png
  artifactKey: Guid(b670ab75dde984907b8570040daa08c5) Importer(-1,00000000000000000000000000000000)
Start importing Packages/com.unity.2d.sprite/Editor/ObjectMenuCreation/DefaultAssets/Textures/v2/HexagonFlatTop.png using Guid(b670ab75dde984907b8570040daa08c5) Importer(-1,00000000000000000000000000000000)  -> (artifact id: 'a7425be6db36fae35ea5e075371d02d7') in 0.004091 seconds 
========================================================================
Received Import Request.
  Time since last request: 0.000013 seconds.
  path: Packages/com.unity.collab-proxy/Editor/PlasticSCM/Assets/Images/d_iconemptygravatar@2x.png
  artifactKey: Guid(0ac55f9f886d827408c102bdf33c5ff7) Importer(-1,00000000000000000000000000000000)
Start importing Packages/com.unity.collab-proxy/Editor/PlasticSCM/Assets/Images/d_iconemptygravatar@2x.png using Guid(0ac55f9f886d827408c102bdf33c5ff7) Importer(-1,00000000000000000000000000000000)  -> (artifact id: '821abc5a2e87b950641376230623eaac') in 0.002850 seconds 
========================================================================
Received Import Request.
  Time since last request: 0.000013 seconds.
  path: Assets/codeandweb.com/Example/Sprites/capguy/turn/0011_n.png
  artifactKey: Guid(7067f0235062442dbb4ad9414e4de074) Importer(-1,00000000000000000000000000000000)
Start importing Assets/codeandweb.com/Example/Sprites/capguy/turn/0011_n.png using Guid(7067f0235062442dbb4ad9414e4de074) Importer(-1,00000000000000000000000000000000)  -> (artifact id: '5fc9f2640c095322291c5466b3bb3d5f') in 0.005040 seconds 
========================================================================
Received Import Request.
  Time since last request: 0.000017 seconds.
  path: Packages/com.unity.timeline/Editor/StyleSheets/Images/LightSkin/TimelineSignalSelected.png
  artifactKey: Guid(1a7852b1b33b816498b6af1e739f5995) Importer(-1,00000000000000000000000000000000)
Start importing Packages/com.unity.timeline/Editor/StyleSheets/Images/LightSkin/TimelineSignalSelected.png using Guid(1a7852b1b33b816498b6af1e739f5995) Importer(-1,00000000000000000000000000000000)  -> (artifact id: 'd7d285c23053a1bec2ac874800b1b5a9') in 0.002863 seconds 
========================================================================
Received Import Request.
  Time since last request: 0.000015 seconds.
  path: Assets/codeandweb.com/Example/Sprites/capguy/walk/0007_n.png
  artifactKey: Guid(ac35450a43a71428f9314a18cc64b1d4) Importer(-1,00000000000000000000000000000000)
Start importing Assets/codeandweb.com/Example/Sprites/capguy/walk/0007_n.png using Guid(ac35450a43a71428f9314a18cc64b1d4) Importer(-1,00000000000000000000000000000000)  -> (artifact id: 'cb4e1f869bcbbca33c64c782742c8529') in 0.004461 seconds 
========================================================================
Received Prepare
Refreshing native plugins compatible for Editor in 6.10 ms, found 2 plugins.
Preloading 0 native plugins for Editor in 0.00 ms.
Unloading 52 Unused Serialized files (Serialized files now loaded: 0)
Unloading 52 unused Assets / (52.7 KB). Loaded Objects now: 2757.
Memory consumption went from 47.6 MB to 47.5 MB.
Total: 5.822800 ms (FindLiveObjects: 0.211200 ms CreateObjectMapping: 0.181400 ms MarkObjects: 5.344800 ms  DeleteObjects: 0.084600 ms)

AssetImportParameters requested are different than current active one (requested -> active):
  custom:video-decoder-ogg-theora: a1e56fd34408186e4bbccfd4996cb3dc -> 
  custom:container-muxer-webm: aa71ff27fc2769a1b78a27578f13a17b -> 
  custom:container-demuxer-webm: 4f35f7cbe854078d1ac9338744f61a02 -> 
  custom:postprocessor/textureSprite: 1909f56bfc062723c751e8b465ee728b -> 6c974d5fbdd46f48f79c9d1ddb8bc3f3
  custom:video-encoder-webm-vp8: eb34c28f22e8b96e1ab97ce403110664 -> 
  custom:audio-encoder-webm-vorbis: bf7c407c2cedff20999df2af8eb42d56 -> 
  custom:framework-win-MediaFoundation: 216162199b28c13a410421893ffa2e32 -> 
  custom:container-demuxer-ogg: 62fdf1f143b41e24485cea50d1cbac27 -> 
  custom:video-decoder-webm-vp8: 9c59270c3fd7afecdb556c50c9e8de78 -> 
  custom:audio-decoder-ogg-vorbis: bf7c407c2cedff20999df2af8eb42d56 -> 
  custom:postprocessor/texturePreprocessor: 1909f56bfc062723c751e8b465ee728b -> 6c974d5fbdd46f48f79c9d1ddb8bc3f3
Editor requested this worker to shutdown with reason: Scaling down because of idle timeout
AssetImportWorker is now disconnected from the server
Process exiting
Exiting without the bug reporter. Application will terminate with return code 0