Using pre-set license
Built from '2021.3/staging' branch; Version is '2021.3.23f1 (213b516bf396) revision 2177873'; Using compiler version '192829333'; Build Type 'Release'
OS: 'Windows 11  (10.0.22621) 64bit CoreSingleLanguage' Language: 'en' Physical Memory: 16319 MB
BatchMode: 1, IsHumanControllingUs: 0, StartBugReporterOnCrash: 0, Is64bit: 1, IsPro: 1

COMMAND LINE ARGUMENTS:
G:\unity\2021.3.23f1\Editor\Unity.exe
-adb2
-batchMode
-noUpm
-name
AssetImportWorker4
-projectPath
E:/Build Resources_VL/Build Resources
-logFile
Logs/AssetImportWorker4.log
-srvPort
51392
Successfully changed project path to: E:/Build Resources_VL/Build Resources
E:/Build Resources_VL/Build Resources
[UnityMemory] Configuration Parameters - Can be set up in boot.config
    "memorysetup-bucket-allocator-granularity=16"
    "memorysetup-bucket-allocator-bucket-count=8"
    "memorysetup-bucket-allocator-block-size=33554432"
    "memorysetup-bucket-allocator-block-count=8"
    "memorysetup-main-allocator-block-size=16777216"
    "memorysetup-thread-allocator-block-size=16777216"
    "memorysetup-gfx-main-allocator-block-size=16777216"
    "memorysetup-gfx-thread-allocator-block-size=16777216"
    "memorysetup-cache-allocator-block-size=4194304"
    "memorysetup-typetree-allocator-block-size=2097152"
    "memorysetup-profiler-bucket-allocator-granularity=16"
    "memorysetup-profiler-bucket-allocator-bucket-count=8"
    "memorysetup-profiler-bucket-allocator-block-size=33554432"
    "memorysetup-profiler-bucket-allocator-block-count=8"
    "memorysetup-profiler-allocator-block-size=16777216"
    "memorysetup-profiler-editor-allocator-block-size=1048576"
    "memorysetup-temp-allocator-size-main=16777216"
    "memorysetup-job-temp-allocator-block-size=2097152"
    "memorysetup-job-temp-allocator-block-size-background=1048576"
    "memorysetup-job-temp-allocator-reduction-small-platforms=262144"
    "memorysetup-temp-allocator-size-background-worker=32768"
    "memorysetup-temp-allocator-size-job-worker=262144"
    "memorysetup-temp-allocator-size-preload-manager=33554432"
    "memorysetup-temp-allocator-size-nav-mesh-worker=65536"
    "memorysetup-temp-allocator-size-audio-worker=65536"
    "memorysetup-temp-allocator-size-cloud-worker=32768"
    "memorysetup-temp-allocator-size-gi-baking-worker=262144"
    "memorysetup-temp-allocator-size-gfx=262144"
Player connection [4256] Host "[IP] 192.168.1.33 [Port] 0 [Flags] 2 [Guid] 2940772235 [EditorId] 2940772235 [Version] 1048832 [Id] WindowsEditor(7,DESKTOP-22KK7VB) [Debug] 1 [PackageName] WindowsEditor [ProjectName] Editor" joined multi-casting on [225.0.0.222:54997]...

Player connection [4256] Host "[IP] 192.168.1.33 [Port] 0 [Flags] 2 [Guid] 2940772235 [EditorId] 2940772235 [Version] 1048832 [Id] WindowsEditor(7,DESKTOP-22KK7VB) [Debug] 1 [PackageName] WindowsEditor [ProjectName] Editor" joined alternative multi-casting on [225.0.0.222:34997]...

Refreshing native plugins compatible for Editor in 45.96 ms, found 2 plugins.
Preloading 0 native plugins for Editor in 0.00 ms.
Initialize engine version: 2021.3.23f1 (213b516bf396)
[Subsystems] Discovering subsystems at path G:/unity/2021.3.23f1/Editor/Data/Resources/UnitySubsystems
[Subsystems] Discovering subsystems at path E:/Build Resources_VL/Build Resources/Assets
GfxDevice: creating device client; threaded=0; jobified=0
Direct3D:
    Version:  Direct3D 11.0 [level 11.1]
    Renderer: NVIDIA GeForce GTX 1650 (ID=0x1f82)
    Vendor:   NVIDIA
    VRAM:     3962 MB
    Driver:   27.21.14.5671
Initialize mono
Mono path[0] = 'G:/unity/2021.3.23f1/Editor/Data/Managed'
Mono path[1] = 'G:/unity/2021.3.23f1/Editor/Data/MonoBleedingEdge/lib/mono/unityjit-win32'
Mono config path = 'G:/unity/2021.3.23f1/Editor/Data/MonoBleedingEdge/etc'
Using monoOptions --debugger-agent=transport=dt_socket,embedding=1,server=y,suspend=n,address=127.0.0.1:56528
Begin MonoManager ReloadAssembly
Registering precompiled unity dll's ...
Register platform support module: G:/unity/2021.3.23f1/Editor/Data/PlaybackEngines/WebGLSupport/UnityEditor.WebGL.Extensions.dll
Register platform support module: G:/unity/2021.3.23f1/Editor/Data/PlaybackEngines/WindowsStandaloneSupport/UnityEditor.WindowsStandalone.Extensions.dll
Registered in 0.002046 seconds.
Native extension for WindowsStandalone target not found
Native extension for WebGL target not found
Refreshing native plugins compatible for Editor in 69.67 ms, found 2 plugins.
Preloading 0 native plugins for Editor in 0.00 ms.
Mono: successfully reloaded assembly
- Completed reload, in  1.072 seconds
Domain Reload Profiling:
	ReloadAssembly (1072ms)
		BeginReloadAssembly (168ms)
			ExecutionOrderSort (0ms)
			DisableScriptedObjects (0ms)
			BackupInstance (0ms)
			ReleaseScriptingObjects (0ms)
			CreateAndSetChildDomain (1ms)
		EndReloadAssembly (738ms)
			LoadAssemblies (167ms)
			RebuildTransferFunctionScriptingTraits (0ms)
			SetupTypeCache (128ms)
			ReleaseScriptCaches (0ms)
			RebuildScriptCaches (95ms)
			SetupLoadedEditorAssemblies (438ms)
				LogAssemblyErrors (0ms)
				InitializePlatformSupportModulesInManaged (78ms)
				SetLoadedEditorAssemblies (0ms)
				RefreshPlugins (70ms)
				BeforeProcessingInitializeOnLoad (2ms)
				ProcessInitializeOnLoadAttributes (251ms)
				ProcessInitializeOnLoadMethodAttributes (38ms)
				AfterProcessingInitializeOnLoad (0ms)
				EditorAssembliesLoaded (0ms)
			ExecutionOrderSort2 (0ms)
			AwakeInstancesAfterBackupRestoration (0ms)
Platform modules already initialized, skipping
Registering precompiled user dll's ...
Registered in 0.002374 seconds.
Begin MonoManager ReloadAssembly
Native extension for WindowsStandalone target not found
Native extension for WebGL target not found
Refreshing native plugins compatible for Editor in 0.99 ms, found 2 plugins.
Preloading 0 native plugins for Editor in 0.00 ms.
Mono: successfully reloaded assembly
- Completed reload, in  1.760 seconds
Domain Reload Profiling:
	ReloadAssembly (1762ms)
		BeginReloadAssembly (198ms)
			ExecutionOrderSort (0ms)
			DisableScriptedObjects (8ms)
			BackupInstance (0ms)
			ReleaseScriptingObjects (0ms)
			CreateAndSetChildDomain (57ms)
		EndReloadAssembly (1373ms)
			LoadAssemblies (84ms)
			RebuildTransferFunctionScriptingTraits (0ms)
			SetupTypeCache (433ms)
			ReleaseScriptCaches (1ms)
			RebuildScriptCaches (177ms)
			SetupLoadedEditorAssemblies (652ms)
				LogAssemblyErrors (0ms)
				InitializePlatformSupportModulesInManaged (6ms)
				SetLoadedEditorAssemblies (5ms)
				RefreshPlugins (1ms)
				BeforeProcessingInitializeOnLoad (69ms)
				ProcessInitializeOnLoadAttributes (357ms)
				ProcessInitializeOnLoadMethodAttributes (212ms)
				AfterProcessingInitializeOnLoad (2ms)
				EditorAssembliesLoaded (0ms)
			ExecutionOrderSort2 (0ms)
			AwakeInstancesAfterBackupRestoration (5ms)
Platform modules already initialized, skipping
========================================================================
Worker process is ready to serve import requests
Launched and connected shader compiler UnityShaderCompiler.exe after 0.02 seconds
Refreshing native plugins compatible for Editor in 0.59 ms, found 2 plugins.
Preloading 0 native plugins for Editor in 0.00 ms.
Unloading 2297 Unused Serialized files (Serialized files now loaded: 0)
Unloading 62 unused Assets / (57.2 KB). Loaded Objects now: 2739.
Memory consumption went from 89.1 MB to 89.1 MB.
Total: 4.932500 ms (FindLiveObjects: 0.204000 ms CreateObjectMapping: 0.131100 ms MarkObjects: 4.536000 ms  DeleteObjects: 0.060300 ms)

AssetImportParameters requested are different than current active one (requested -> active):
  custom:video-decoder-ogg-theora: a1e56fd34408186e4bbccfd4996cb3dc -> 
  custom:container-muxer-webm: aa71ff27fc2769a1b78a27578f13a17b -> 
  custom:container-demuxer-webm: 4f35f7cbe854078d1ac9338744f61a02 -> 
  custom:postprocessor/textureSprite: 1909f56bfc062723c751e8b465ee728b -> 6c974d5fbdd46f48f79c9d1ddb8bc3f3
  custom:video-encoder-webm-vp8: eb34c28f22e8b96e1ab97ce403110664 -> 
  custom:audio-encoder-webm-vorbis: bf7c407c2cedff20999df2af8eb42d56 -> 
  custom:framework-win-MediaFoundation: 216162199b28c13a410421893ffa2e32 -> 
  custom:container-demuxer-ogg: 62fdf1f143b41e24485cea50d1cbac27 -> 
  custom:video-decoder-webm-vp8: 9c59270c3fd7afecdb556c50c9e8de78 -> 
  custom:audio-decoder-ogg-vorbis: bf7c407c2cedff20999df2af8eb42d56 -> 
  custom:postprocessor/texturePreprocessor: 1909f56bfc062723c751e8b465ee728b -> 6c974d5fbdd46f48f79c9d1ddb8bc3f3
========================================================================
Received Import Request.
  Time since last request: 1880.986483 seconds.
  path: Assets/codeandweb.com/Example/Sprites/capguy/walk/0002.png
  artifactKey: Guid(edeaa69fca431443f97a033d27c63a58) Importer(-1,00000000000000000000000000000000)
Start importing Assets/codeandweb.com/Example/Sprites/capguy/walk/0002.png using Guid(edeaa69fca431443f97a033d27c63a58) Importer(-1,00000000000000000000000000000000)  -> (artifact id: 'bb9f861110fae947ef797a62c699a52e') in 0.179110 seconds 
========================================================================
Received Import Request.
  Time since last request: 0.000015 seconds.
  path: Packages/com.unity.collab-proxy/Editor/PlasticSCM/Assets/Images/buttonssosigninunity.png
  artifactKey: Guid(f9161c6c9e06dc445ada3ee16d991f90) Importer(-1,00000000000000000000000000000000)
Start importing Packages/com.unity.collab-proxy/Editor/PlasticSCM/Assets/Images/buttonssosigninunity.png using Guid(f9161c6c9e06dc445ada3ee16d991f90) Importer(-1,00000000000000000000000000000000)  -> (artifact id: 'fe116a543da15d22497544404aefda3d') in 0.005390 seconds 
========================================================================
Received Import Request.
  Time since last request: 0.000024 seconds.
  path: Packages/com.unity.collab-proxy/Editor/PlasticSCM/Assets/Images/step3.png
  artifactKey: Guid(69899ed144c8eea4baea48b858b37746) Importer(-1,00000000000000000000000000000000)
Start importing Packages/com.unity.collab-proxy/Editor/PlasticSCM/Assets/Images/step3.png using Guid(69899ed144c8eea4baea48b858b37746) Importer(-1,00000000000000000000000000000000)  -> (artifact id: '10a70e185be1645beba9b2ea62c7273d') in 0.060694 seconds 
========================================================================
Received Import Request.
  Time since last request: 0.000018 seconds.
  path: Packages/com.unity.collab-proxy/Editor/PlasticSCM/Assets/Images/d_iconplasticview.png
  artifactKey: Guid(519d97e745e55f041b609f3666cbc037) Importer(-1,00000000000000000000000000000000)
Start importing Packages/com.unity.collab-proxy/Editor/PlasticSCM/Assets/Images/d_iconplasticview.png using Guid(519d97e745e55f041b609f3666cbc037) Importer(-1,00000000000000000000000000000000)  -> (artifact id: '487a70c3e39a8a10b60281a35ead45c5') in 0.011204 seconds 
========================================================================
Received Import Request.
  Time since last request: 0.000016 seconds.
  path: Packages/com.unity.timeline/Editor/StyleSheets/Images/Icons/d_TrackMuteButtonEnabled@2x.png
  artifactKey: Guid(e54e20c7a9730fe4c822d63228527ae4) Importer(-1,00000000000000000000000000000000)
Start importing Packages/com.unity.timeline/Editor/StyleSheets/Images/Icons/d_TrackMuteButtonEnabled@2x.png using Guid(e54e20c7a9730fe4c822d63228527ae4) Importer(-1,00000000000000000000000000000000)  -> (artifact id: '42ac1cfde3459131594b81951aa1e938') in 0.011059 seconds 
========================================================================
Received Import Request.
  Time since last request: 0.000016 seconds.
  path: Packages/com.unity.collab-proxy/Editor/PlasticSCM/Assets/Images/d_iconbranch@2x.png
  artifactKey: Guid(874d8401331ede14087e8d8d486ddda6) Importer(-1,00000000000000000000000000000000)
Start importing Packages/com.unity.collab-proxy/Editor/PlasticSCM/Assets/Images/d_iconbranch@2x.png using Guid(874d8401331ede14087e8d8d486ddda6) Importer(-1,00000000000000000000000000000000)  -> (artifact id: '6c3f9d349b675ade6940a321453385cd') in 0.005906 seconds 
========================================================================
Received Import Request.
  Time since last request: 0.000014 seconds.
  path: Packages/com.unity.collab-proxy/Editor/PlasticSCM/Assets/Images/d_loading.png
  artifactKey: Guid(d58e94bfb1bac774dbb8ca9c2597ef2e) Importer(-1,00000000000000000000000000000000)
Start importing Packages/com.unity.collab-proxy/Editor/PlasticSCM/Assets/Images/d_loading.png using Guid(d58e94bfb1bac774dbb8ca9c2597ef2e) Importer(-1,00000000000000000000000000000000)  -> (artifact id: '721e4f1b0cff56ae8b51e5dd0f70f89d') in 0.006133 seconds 
========================================================================
Received Import Request.
  Time since last request: 0.000012 seconds.
  path: Packages/com.unity.timeline/Editor/StyleSheets/Images/Icons/TimelineEditModeRippleOFF.png
  artifactKey: Guid(bd7b7cac6eb0c3f469781d9a729a1c94) Importer(-1,00000000000000000000000000000000)
Start importing Packages/com.unity.timeline/Editor/StyleSheets/Images/Icons/TimelineEditModeRippleOFF.png using Guid(bd7b7cac6eb0c3f469781d9a729a1c94) Importer(-1,00000000000000000000000000000000)  -> (artifact id: 'f760d1fd2a323a354383f94876676cd5') in 0.003752 seconds 
========================================================================
Received Import Request.
  Time since last request: 0.000016 seconds.
  path: Assets/codeandweb.com/Example/Sprites/capguy/walk/0015_n.png
  artifactKey: Guid(2894e9aa20bc3486c8604bf6bf04f82f) Importer(-1,00000000000000000000000000000000)
Start importing Assets/codeandweb.com/Example/Sprites/capguy/walk/0015_n.png using Guid(2894e9aa20bc3486c8604bf6bf04f82f) Importer(-1,00000000000000000000000000000000)  -> (artifact id: '38ac8187547ed2b8f33e4400c6a1efcd') in 0.064293 seconds 
========================================================================
Received Import Request.
  Time since last request: 0.000014 seconds.
  path: Packages/com.unity.collab-proxy/Editor/PlasticSCM/Assets/Images/d_buttonssosigninemail@2x.png
  artifactKey: Guid(144aa74618b85974a9a50f612c2fa8fd) Importer(-1,00000000000000000000000000000000)
Start importing Packages/com.unity.collab-proxy/Editor/PlasticSCM/Assets/Images/d_buttonssosigninemail@2x.png using Guid(144aa74618b85974a9a50f612c2fa8fd) Importer(-1,00000000000000000000000000000000)  -> (artifact id: 'e7ba722da4bfe8762904b4e5a272f030') in 0.006073 seconds 
========================================================================
Received Import Request.
  Time since last request: 0.000012 seconds.
  path: Packages/com.unity.collab-proxy/Editor/PlasticSCM/Assets/Images/d_iconundo@2x.png
  artifactKey: Guid(6d6088174bb906b49ad8428526ee337b) Importer(-1,00000000000000000000000000000000)
Start importing Packages/com.unity.collab-proxy/Editor/PlasticSCM/Assets/Images/d_iconundo@2x.png using Guid(6d6088174bb906b49ad8428526ee337b) Importer(-1,00000000000000000000000000000000)  -> (artifact id: '2ca626aa04db52a1d64c054a7c474efb') in 0.035654 seconds 
========================================================================
Received Import Request.
  Time since last request: 0.000285 seconds.
  path: Packages/com.unity.timeline/Editor/StyleSheets/Images/Icons/d_TrackMarkerButtonDisabled.png
  artifactKey: Guid(b3644a971cca0bd4eb357cb9aca4dde1) Importer(-1,00000000000000000000000000000000)
Start importing Packages/com.unity.timeline/Editor/StyleSheets/Images/Icons/d_TrackMarkerButtonDisabled.png using Guid(b3644a971cca0bd4eb357cb9aca4dde1) Importer(-1,00000000000000000000000000000000)  -> (artifact id: '61137371c96c3fb7b95729c259ab140f') in 0.006599 seconds 
========================================================================
Received Import Request.
  Time since last request: 0.000014 seconds.
  path: Packages/com.unity.timeline/Editor/StyleSheets/Images/Icons/TrackRecordButtonDisabled.png
  artifactKey: Guid(495998c718a094540bbe57ae5ab07647) Importer(-1,00000000000000000000000000000000)
Start importing Packages/com.unity.timeline/Editor/StyleSheets/Images/Icons/TrackRecordButtonDisabled.png using Guid(495998c718a094540bbe57ae5ab07647) Importer(-1,00000000000000000000000000000000)  -> (artifact id: '214a79ca38a76d85bdda745438c4978b') in 0.003467 seconds 
========================================================================
Received Import Request.
  Time since last request: 0.000016 seconds.
  path: Packages/com.unity.collab-proxy/Editor/PlasticSCM/Assets/Images/iconbranch.png
  artifactKey: Guid(a6219d44b6fc910449f7c3fee45db5c5) Importer(-1,00000000000000000000000000000000)
Start importing Packages/com.unity.collab-proxy/Editor/PlasticSCM/Assets/Images/iconbranch.png using Guid(a6219d44b6fc910449f7c3fee45db5c5) Importer(-1,00000000000000000000000000000000)  -> (artifact id: '8b6f35a880e4acf91b7a888fba96517c') in 0.061537 seconds 
========================================================================
Received Import Request.
  Time since last request: 0.000014 seconds.
  path: Packages/com.unity.timeline/Editor/StyleSheets/Images/LightSkin/TimelineKeyframe.png
  artifactKey: Guid(f9fd2f335364cda41937eab39bf20049) Importer(-1,00000000000000000000000000000000)
Start importing Packages/com.unity.timeline/Editor/StyleSheets/Images/LightSkin/TimelineKeyframe.png using Guid(f9fd2f335364cda41937eab39bf20049) Importer(-1,00000000000000000000000000000000)  -> (artifact id: '2a04eadcc84c5a4f465ae365dba2598d') in 0.003300 seconds 
========================================================================
Received Import Request.
  Time since last request: 0.000013 seconds.
  path: Packages/com.unity.timeline/Editor/StyleSheets/Images/Icons/TimelineCollapseMarkerButtonDisabled.png
  artifactKey: Guid(b80d5b6acdfbc114b9efab6295fd96c1) Importer(-1,00000000000000000000000000000000)
Start importing Packages/com.unity.timeline/Editor/StyleSheets/Images/Icons/TimelineCollapseMarkerButtonDisabled.png using Guid(b80d5b6acdfbc114b9efab6295fd96c1) Importer(-1,00000000000000000000000000000000)  -> (artifact id: 'ee7c46164c354428f69eb806c7cdfb07') in 0.003929 seconds 
========================================================================
Received Import Request.
  Time since last request: 0.000017 seconds.
  path: Packages/com.unity.2d.sprite/Editor/ObjectMenuCreation/DefaultAssets/Textures/Capsule.png
  artifactKey: Guid(bd3cb4af8406d4436a2ae8c2aafe1f8d) Importer(-1,00000000000000000000000000000000)
Start importing Packages/com.unity.2d.sprite/Editor/ObjectMenuCreation/DefaultAssets/Textures/Capsule.png using Guid(bd3cb4af8406d4436a2ae8c2aafe1f8d) Importer(-1,00000000000000000000000000000000)  -> (artifact id: '4afede7a33d64915d33422818959df13') in 0.021258 seconds 
========================================================================
Received Import Request.
  Time since last request: 0.000016 seconds.
  path: Assets/Resources/UI/Transaction/Transaction.png
  artifactKey: Guid(8139ece05cf475f4f960e858b2577d0e) Importer(-1,00000000000000000000000000000000)
Start importing Assets/Resources/UI/Transaction/Transaction.png using Guid(8139ece05cf475f4f960e858b2577d0e) Importer(-1,00000000000000000000000000000000)  -> (artifact id: '4a930e3f904b8c5fdc1536a34de06c91') in 0.476832 seconds 
========================================================================
Received Import Request.
  Time since last request: 0.000015 seconds.
  path: Assets/Resources/UI/Gifftcode/formgiftcode.png
  artifactKey: Guid(21282d375201562458dbeffc209a2105) Importer(-1,00000000000000000000000000000000)
Start importing Assets/Resources/UI/Gifftcode/formgiftcode.png using Guid(21282d375201562458dbeffc209a2105) Importer(-1,00000000000000000000000000000000)  -> (artifact id: '67522c632aa71f4c0989f7723f681fac') in 0.044377 seconds 
========================================================================
Received Import Request.
  Time since last request: 0.000022 seconds.
  path: Assets/codeandweb.com/Example/Sprites/capguy/walk/0013.png
  artifactKey: Guid(63b17801fc1534b1eae36f1d6cf3bdc1) Importer(-1,00000000000000000000000000000000)
Start importing Assets/codeandweb.com/Example/Sprites/capguy/walk/0013.png using Guid(63b17801fc1534b1eae36f1d6cf3bdc1) Importer(-1,00000000000000000000000000000000)  -> (artifact id: 'c032dadb19e3bdac9feaeedf33aae6e9') in 0.024036 seconds 
========================================================================
Received Import Request.
  Time since last request: 0.000014 seconds.
  path: Packages/com.unity.collab-proxy/Editor/PlasticSCM/Assets/Images/d_icondeletedlocaloverlay@2x.png
  artifactKey: Guid(92b204cca46037444ab18ba6701f86f7) Importer(-1,00000000000000000000000000000000)
Start importing Packages/com.unity.collab-proxy/Editor/PlasticSCM/Assets/Images/d_icondeletedlocaloverlay@2x.png using Guid(92b204cca46037444ab18ba6701f86f7) Importer(-1,00000000000000000000000000000000)  -> (artifact id: '1fa55e4609b46860330f44749c610232') in 0.006829 seconds 
========================================================================
Received Import Request.
  Time since last request: 0.000015 seconds.
  path: Packages/com.unity.timeline/Editor/StyleSheets/Images/Shared/Timeline-Marker-Multi-Overlay.png
  artifactKey: Guid(75f26f1c549568c4e9950a368bd08cb8) Importer(-1,00000000000000000000000000000000)
Start importing Packages/com.unity.timeline/Editor/StyleSheets/Images/Shared/Timeline-Marker-Multi-Overlay.png using Guid(75f26f1c549568c4e9950a368bd08cb8) Importer(-1,00000000000000000000000000000000)  -> (artifact id: '166ebf99131dc2f195c7cfb2bd420e1c') in 0.013240 seconds 
========================================================================
Received Import Request.
  Time since last request: 0.000016 seconds.
  path: Packages/com.unity.2d.tilemap/Editor/Icons/Grid.RotateACW.png
  artifactKey: Guid(28df830b98d0a3f44b58e73d78060ab0) Importer(-1,00000000000000000000000000000000)
Start importing Packages/com.unity.2d.tilemap/Editor/Icons/Grid.RotateACW.png using Guid(28df830b98d0a3f44b58e73d78060ab0) Importer(-1,00000000000000000000000000000000)  -> (artifact id: '4ba441c0a36d20f1b4a4fd83e49768f0') in 0.078403 seconds 
========================================================================
Received Import Request.
  Time since last request: 0.000015 seconds.
  path: Assets/Resources/UI/Logo/Logo.png
  artifactKey: Guid(5c58b953d0ee9be48808ec0dcb643d4c) Importer(-1,00000000000000000000000000000000)
Start importing Assets/Resources/UI/Logo/Logo.png using Guid(5c58b953d0ee9be48808ec0dcb643d4c) Importer(-1,00000000000000000000000000000000)  -> (artifact id: '204352b2d913e0b0f86dc43bc997eecb') in 0.303391 seconds 
========================================================================
Received Import Request.
  Time since last request: 0.000012 seconds.
  path: Packages/com.unity.timeline/Editor/StyleSheets/Images/Icons/d_TrackLockButtonDisabled@2x.png
  artifactKey: Guid(6f0b77e050cdb12478ed9514b3a0e40e) Importer(-1,00000000000000000000000000000000)
Start importing Packages/com.unity.timeline/Editor/StyleSheets/Images/Icons/d_TrackLockButtonDisabled@2x.png using Guid(6f0b77e050cdb12478ed9514b3a0e40e) Importer(-1,00000000000000000000000000000000)  -> (artifact id: '9b74b00a6523f735a5cee160e541bddb') in 0.002930 seconds 
========================================================================
Received Import Request.
  Time since last request: 0.000017 seconds.
  path: Packages/com.unity.timeline/Editor/StyleSheets/Images/LightSkin/TimelineLoop.png
  artifactKey: Guid(c7df1e797b21c774f9b859d17f674737) Importer(-1,00000000000000000000000000000000)
Start importing Packages/com.unity.timeline/Editor/StyleSheets/Images/LightSkin/TimelineLoop.png using Guid(c7df1e797b21c774f9b859d17f674737) Importer(-1,00000000000000000000000000000000)  -> (artifact id: 'bd567871f9dadceb9b751c6772b7b612') in 0.002950 seconds 
========================================================================
Received Import Request.
  Time since last request: 0.000013 seconds.
  path: Packages/com.unity.timeline/Editor/StyleSheets/Images/DarkSkin/TimelineDisabledBackground.png
  artifactKey: Guid(412f73153f3a3c549b67b2a847741145) Importer(-1,00000000000000000000000000000000)
Start importing Packages/com.unity.timeline/Editor/StyleSheets/Images/DarkSkin/TimelineDisabledBackground.png using Guid(412f73153f3a3c549b67b2a847741145) Importer(-1,00000000000000000000000000000000)  -> (artifact id: '478e6a72fd0167c20e9dd031596bae39') in 0.017057 seconds 
========================================================================
Received Import Request.
  Time since last request: 0.000013 seconds.
  path: Packages/com.unity.2d.sprite/Editor/ObjectMenuCreation/DefaultAssets/Textures/SquareWithBorder.png
  artifactKey: Guid(db750325989564987a34393247d883b4) Importer(-1,00000000000000000000000000000000)
Start importing Packages/com.unity.2d.sprite/Editor/ObjectMenuCreation/DefaultAssets/Textures/SquareWithBorder.png using Guid(db750325989564987a34393247d883b4) Importer(-1,00000000000000000000000000000000)  -> (artifact id: 'f05fe1b3d4a7f73cf84067982d87007c') in 0.013927 seconds 
========================================================================
Received Import Request.
  Time since last request: 0.003358 seconds.
  path: Packages/com.unity.timeline/Editor/StyleSheets/Images/Icons/TrackMarkerButtonDisabled@2x.png
  artifactKey: Guid(193dae938a3136440b693b45a2494737) Importer(-1,00000000000000000000000000000000)
Start importing Packages/com.unity.timeline/Editor/StyleSheets/Images/Icons/TrackMarkerButtonDisabled@2x.png using Guid(193dae938a3136440b693b45a2494737) Importer(-1,00000000000000000000000000000000)  -> (artifact id: 'b9d5e0136e348216ce88cfe2d2a68a77') in 0.019407 seconds 
========================================================================
Received Import Request.
  Time since last request: 0.000017 seconds.
  path: Packages/com.unity.collab-proxy/Editor/PlasticSCM/Assets/Images/stepok.png
  artifactKey: Guid(d4780dc1205c7c7478c970d8c61d24e8) Importer(-1,00000000000000000000000000000000)
Start importing Packages/com.unity.collab-proxy/Editor/PlasticSCM/Assets/Images/stepok.png using Guid(d4780dc1205c7c7478c970d8c61d24e8) Importer(-1,00000000000000000000000000000000)  -> (artifact id: '6064f5a62697e833e334748aab514c54') in 0.025976 seconds 
========================================================================
Received Import Request.
  Time since last request: 0.000017 seconds.
  path: Packages/com.unity.textmeshpro/Editor Resources/Textures/btn_AlignCenterGeo_Light.psd
  artifactKey: Guid(35ff0937876540d3bd4b6a941df62a92) Importer(-1,00000000000000000000000000000000)
Start importing Packages/com.unity.textmeshpro/Editor Resources/Textures/btn_AlignCenterGeo_Light.psd using Guid(35ff0937876540d3bd4b6a941df62a92) Importer(-1,00000000000000000000000000000000)  -> (artifact id: '07ce5be49f19da8eccda385f486ffe4f') in 0.019508 seconds 
========================================================================
Received Import Request.
  Time since last request: 0.000017 seconds.
  path: Packages/com.unity.collab-proxy/Editor/PlasticSCM/Assets/Images/d_iconaddedlocal@2x.png
  artifactKey: Guid(02800fb9cff14da47a04572790384d8b) Importer(-1,00000000000000000000000000000000)
Start importing Packages/com.unity.collab-proxy/Editor/PlasticSCM/Assets/Images/d_iconaddedlocal@2x.png using Guid(02800fb9cff14da47a04572790384d8b) Importer(-1,00000000000000000000000000000000)  -> (artifact id: '81d1c4b60487d296113dbef501b5cbdb') in 0.011869 seconds 
========================================================================
Received Import Request.
  Time since last request: 0.000016 seconds.
  path: Packages/com.unity.timeline/Editor/StyleSheets/Images/LightSkin/TimelineDisabledBackground.png
  artifactKey: Guid(0304baf8d224f3e47b22d872c8dcd412) Importer(-1,00000000000000000000000000000000)
Start importing Packages/com.unity.timeline/Editor/StyleSheets/Images/LightSkin/TimelineDisabledBackground.png using Guid(0304baf8d224f3e47b22d872c8dcd412) Importer(-1,00000000000000000000000000000000)  -> (artifact id: '692cb32b72ab7d64e60010e9f3b29a6b') in 0.003850 seconds 
========================================================================
Received Import Request.
  Time since last request: 0.000011 seconds.
  path: Packages/com.unity.2d.tilemap/Editor/Icons/Grid.RotateACW@2x.png
  artifactKey: Guid(51b8cbcbf34a36243a954f42c5d344fc) Importer(-1,00000000000000000000000000000000)
Start importing Packages/com.unity.2d.tilemap/Editor/Icons/Grid.RotateACW@2x.png using Guid(51b8cbcbf34a36243a954f42c5d344fc) Importer(-1,00000000000000000000000000000000)  -> (artifact id: 'be3bd7e67200c17ebf61d497cceb6e87') in 0.027388 seconds 
========================================================================
Received Import Request.
  Time since last request: 0.000011 seconds.
  path: Assets/codeandweb.com/Example/Sprites/capguy/walk/0011.png
  artifactKey: Guid(2986c02e336154935ae255b1dd33430c) Importer(-1,00000000000000000000000000000000)
Start importing Assets/codeandweb.com/Example/Sprites/capguy/walk/0011.png using Guid(2986c02e336154935ae255b1dd33430c) Importer(-1,00000000000000000000000000000000)  -> (artifact id: 'e17ba2523f5ba9af641bfa5ef0c56668') in 0.059176 seconds 
========================================================================
Received Import Request.
  Time since last request: 0.000014 seconds.
  path: Packages/com.unity.2d.tilemap/Editor/Icons/Grid.FlipX@2x.png
  artifactKey: Guid(367a9e3649215be42869f99bdeecbab6) Importer(-1,00000000000000000000000000000000)
Start importing Packages/com.unity.2d.tilemap/Editor/Icons/Grid.FlipX@2x.png using Guid(367a9e3649215be42869f99bdeecbab6) Importer(-1,00000000000000000000000000000000)  -> (artifact id: 'cae53cb00c0e103e0b5b634d04743065') in 0.012996 seconds 
========================================================================
Received Import Request.
  Time since last request: 0.000016 seconds.
  path: Packages/com.unity.timeline/Editor/StyleSheets/Images/LightSkin/TimelinePingPong.png
  artifactKey: Guid(88d697f38121de443ba144702e5122d9) Importer(-1,00000000000000000000000000000000)
Start importing Packages/com.unity.timeline/Editor/StyleSheets/Images/LightSkin/TimelinePingPong.png using Guid(88d697f38121de443ba144702e5122d9) Importer(-1,00000000000000000000000000000000)  -> (artifact id: '8dd3b7fa927db74267430336a705a1ce') in 0.002904 seconds 
========================================================================
Received Import Request.
  Time since last request: 0.000015 seconds.
  path: Packages/com.unity.services.mediation/Editor/Settings/Images/menu.png
  artifactKey: Guid(2f6a52972ad704ed595f495e293c603f) Importer(-1,00000000000000000000000000000000)
Start importing Packages/com.unity.services.mediation/Editor/Settings/Images/menu.png using Guid(2f6a52972ad704ed595f495e293c603f) Importer(-1,00000000000000000000000000000000)  -> (artifact id: 'b7a764172f6262100aadfaf23ef1f8d3') in 0.012071 seconds 
========================================================================
Received Import Request.
  Time since last request: 0.000019 seconds.
  path: Packages/com.unity.textmeshpro/Editor Resources/Textures/btn_AlignMidLine.psd
  artifactKey: Guid(c2f7f6a88b4c4f20a53deb72f3d9144c) Importer(-1,00000000000000000000000000000000)
Start importing Packages/com.unity.textmeshpro/Editor Resources/Textures/btn_AlignMidLine.psd using Guid(c2f7f6a88b4c4f20a53deb72f3d9144c) Importer(-1,00000000000000000000000000000000)  -> (artifact id: '4374fc95dcaeed913af4ccc281b0f106') in 0.005359 seconds 
========================================================================
Received Import Request.
  Time since last request: 0.000012 seconds.
  path: Packages/com.unity.collab-proxy/Editor/PlasticSCM/Assets/Images/d_iconlockedremoteoverlay.png
  artifactKey: Guid(1046ed65e6aaffb4391378f6d08d6c14) Importer(-1,00000000000000000000000000000000)
Start importing Packages/com.unity.collab-proxy/Editor/PlasticSCM/Assets/Images/d_iconlockedremoteoverlay.png using Guid(1046ed65e6aaffb4391378f6d08d6c14) Importer(-1,00000000000000000000000000000000)  -> (artifact id: '0f40c5fef0d10b76919dc0d3ba900fbb') in 0.007035 seconds 
========================================================================
Received Import Request.
  Time since last request: 0.000169 seconds.
  path: Packages/com.unity.timeline/Editor/StyleSheets/Images/Icons/d_TrackAvatarButtonEnabled@2x.png
  artifactKey: Guid(fd12dbe3b63ae464f824b4a74c0e1766) Importer(-1,00000000000000000000000000000000)
Start importing Packages/com.unity.timeline/Editor/StyleSheets/Images/Icons/d_TrackAvatarButtonEnabled@2x.png using Guid(fd12dbe3b63ae464f824b4a74c0e1766) Importer(-1,00000000000000000000000000000000)  -> (artifact id: 'a283b5f7b21d162fa9b4222620b0210b') in 0.002851 seconds 
========================================================================
Received Import Request.
  Time since last request: 0.000015 seconds.
  path: Packages/com.unity.timeline/Editor/StyleSheets/Images/Icons/d_TrackMuteButtonDisabled.png
  artifactKey: Guid(6ab002208ec290544b44bc263dc58a95) Importer(-1,00000000000000000000000000000000)
Start importing Packages/com.unity.timeline/Editor/StyleSheets/Images/Icons/d_TrackMuteButtonDisabled.png using Guid(6ab002208ec290544b44bc263dc58a95) Importer(-1,00000000000000000000000000000000)  -> (artifact id: 'ea36dbd95d0db5e19377d82c1053ba57') in 0.025750 seconds 
========================================================================
Received Import Request.
  Time since last request: 0.000015 seconds.
  path: Assets/codeandweb.com/Example/Sprites/capguy/walk/0010.png
  artifactKey: Guid(67e11091d977a4e628c07b51cfd2871e) Importer(-1,00000000000000000000000000000000)
Start importing Assets/codeandweb.com/Example/Sprites/capguy/walk/0010.png using Guid(67e11091d977a4e628c07b51cfd2871e) Importer(-1,00000000000000000000000000000000)  -> (artifact id: '91d606aa2e753a9bf6f770b16140236a') in 0.047750 seconds 
========================================================================
Received Import Request.
  Time since last request: 0.000014 seconds.
  path: Packages/com.unity.timeline/Editor/StyleSheets/Images/DarkSkin/TimelineEndPlayback.png
  artifactKey: Guid(c285802d9d414814fad592b90b223f15) Importer(-1,00000000000000000000000000000000)
Start importing Packages/com.unity.timeline/Editor/StyleSheets/Images/DarkSkin/TimelineEndPlayback.png using Guid(c285802d9d414814fad592b90b223f15) Importer(-1,00000000000000000000000000000000)  -> (artifact id: '5b40ea591d8d74054288ed46cec309a8') in 0.007206 seconds 
========================================================================
Received Import Request.
  Time since last request: 0.000011 seconds.
  path: Assets/codeandweb.com/Example/Sprites/capguy/walk/0011_n.png
  artifactKey: Guid(5f9d211085d8541ca89a0b0d25a2a7c5) Importer(-1,00000000000000000000000000000000)
Start importing Assets/codeandweb.com/Example/Sprites/capguy/walk/0011_n.png using Guid(5f9d211085d8541ca89a0b0d25a2a7c5) Importer(-1,00000000000000000000000000000000)  -> (artifact id: '7aa65c5be577acaff3be870dad04b67b') in 0.041896 seconds 
========================================================================
Received Import Request.
  Time since last request: 0.000016 seconds.
  path: Packages/com.unity.analytics/Editor/AnalyticsEventTracker icon.png
  artifactKey: Guid(5e7c9ab97e5884e4eaa5967e9024f39d) Importer(-1,00000000000000000000000000000000)
Start importing Packages/com.unity.analytics/Editor/AnalyticsEventTracker icon.png using Guid(5e7c9ab97e5884e4eaa5967e9024f39d) Importer(-1,00000000000000000000000000000000)  -> (artifact id: '6e380116f5951bd04692168e95d1ce5a') in 0.002914 seconds 
========================================================================
Received Import Request.
  Time since last request: 0.000013 seconds.
  path: Packages/com.unity.textmeshpro/Editor Resources/Gizmos/TMP - Text Component Icon.psd
  artifactKey: Guid(2fd6421f253b4ef1a19526541f9ffc0c) Importer(-1,00000000000000000000000000000000)
Start importing Packages/com.unity.textmeshpro/Editor Resources/Gizmos/TMP - Text Component Icon.psd using Guid(2fd6421f253b4ef1a19526541f9ffc0c) Importer(-1,00000000000000000000000000000000)  -> (artifact id: '36f4277ce40aef21b1df905fdd3018fe') in 0.007000 seconds 
========================================================================
Received Import Request.
  Time since last request: 0.000012 seconds.
  path: Packages/com.unity.collab-proxy/Editor/PlasticSCM/Assets/Images/d_icondeletedremoteoverlay@2x.png
  artifactKey: Guid(2cfbf6619eb047545a425e8a31732c83) Importer(-1,00000000000000000000000000000000)
Start importing Packages/com.unity.collab-proxy/Editor/PlasticSCM/Assets/Images/d_icondeletedremoteoverlay@2x.png using Guid(2cfbf6619eb047545a425e8a31732c83) Importer(-1,00000000000000000000000000000000)  -> (artifact id: 'c98f352d4bc75c690195a327f77fe470') in 0.004400 seconds 
========================================================================
Received Import Request.
  Time since last request: 0.000014 seconds.
  path: Packages/com.unity.textmeshpro/Editor Resources/Textures/btn_AlignRight_Light.psd
  artifactKey: Guid(e05ace3bd15740cda0bad60d89092a5b) Importer(-1,00000000000000000000000000000000)
Start importing Packages/com.unity.textmeshpro/Editor Resources/Textures/btn_AlignRight_Light.psd using Guid(e05ace3bd15740cda0bad60d89092a5b) Importer(-1,00000000000000000000000000000000)  -> (artifact id: 'ae365137bd71b667c77d6e4541d3e79f') in 0.014847 seconds 
========================================================================
Received Import Request.
  Time since last request: 0.000017 seconds.
  path: Assets/codeandweb.com/Example/Sprites/capguy/walk/0007.png
  artifactKey: Guid(71326940c7d374cd1906918f6202f732) Importer(-1,00000000000000000000000000000000)
Start importing Assets/codeandweb.com/Example/Sprites/capguy/walk/0007.png using Guid(71326940c7d374cd1906918f6202f732) Importer(-1,00000000000000000000000000000000)  -> (artifact id: '3078d073867a9d8de5baaaa4f1ac3d86') in 0.022177 seconds 
========================================================================
Received Import Request.
  Time since last request: 0.000026 seconds.
  path: Packages/com.unity.textmeshpro/Editor Resources/Textures/btn_AlignBottom.psd
  artifactKey: Guid(ca51b19024094d1b87f3e07edb0a75fb) Importer(-1,00000000000000000000000000000000)
Start importing Packages/com.unity.textmeshpro/Editor Resources/Textures/btn_AlignBottom.psd using Guid(ca51b19024094d1b87f3e07edb0a75fb) Importer(-1,00000000000000000000000000000000)  -> (artifact id: '139e34712fd4b3378d0ff66ee116b176') in 0.004171 seconds 
========================================================================
Received Import Request.
  Time since last request: 0.000015 seconds.
  path: Assets/codeandweb.com/Example/Sprites/capguy/turn/0007_n.png
  artifactKey: Guid(7480e4ee5f3054f37ab5334025754874) Importer(-1,00000000000000000000000000000000)
Start importing Assets/codeandweb.com/Example/Sprites/capguy/turn/0007_n.png using Guid(7480e4ee5f3054f37ab5334025754874) Importer(-1,00000000000000000000000000000000)  -> (artifact id: '25b89e7ce1d9f48d3f4ae8cc0650b14f') in 0.080108 seconds 
========================================================================
Received Import Request.
  Time since last request: 0.000022 seconds.
  path: Assets/Resources/UI/Mission/Mission.png
  artifactKey: Guid(9a04e9f68fb51284ebd58b1d03521b1a) Importer(-1,00000000000000000000000000000000)
Start importing Assets/Resources/UI/Mission/Mission.png using Guid(9a04e9f68fb51284ebd58b1d03521b1a) Importer(-1,00000000000000000000000000000000)  -> (artifact id: 'ff2fc71ec29360056ff1b22c3bea7010') in 0.638562 seconds 
========================================================================
Received Import Request.
  Time since last request: 0.004254 seconds.
  path: Packages/com.unity.timeline/Editor/StyleSheets/Images/Icons/TimelineEditModeRippleON.png
  artifactKey: Guid(c5c1f094d9a9b3f4c9cc6c3a87af871c) Importer(-1,00000000000000000000000000000000)
Start importing Packages/com.unity.timeline/Editor/StyleSheets/Images/Icons/TimelineEditModeRippleON.png using Guid(c5c1f094d9a9b3f4c9cc6c3a87af871c) Importer(-1,00000000000000000000000000000000)  -> (artifact id: 'e740c59c615d1ff5b467aa62026989cd') in 0.013696 seconds 
========================================================================
Received Import Request.
  Time since last request: 0.000015 seconds.
  path: Packages/com.unity.collab-proxy/Editor/PlasticSCM/Assets/Images/d_secondarytabclosehover.png
  artifactKey: Guid(6a9d211bea1bc4a429d86cbb2d0b0a3e) Importer(-1,00000000000000000000000000000000)
Start importing Packages/com.unity.collab-proxy/Editor/PlasticSCM/Assets/Images/d_secondarytabclosehover.png using Guid(6a9d211bea1bc4a429d86cbb2d0b0a3e) Importer(-1,00000000000000000000000000000000)  -> (artifact id: 'adf4333ccfbfbaeeb27755dc03b39d2a') in 0.012016 seconds 
========================================================================
Received Import Request.
  Time since last request: 0.000016 seconds.
  path: Packages/com.unity.collab-proxy/Editor/PlasticSCM/Assets/Images/iconlockedlocaloverlay@2x.png
  artifactKey: Guid(b528c1b33a65cf94ea74f830b54c9acb) Importer(-1,00000000000000000000000000000000)
Start importing Packages/com.unity.collab-proxy/Editor/PlasticSCM/Assets/Images/iconlockedlocaloverlay@2x.png using Guid(b528c1b33a65cf94ea74f830b54c9acb) Importer(-1,00000000000000000000000000000000)  -> (artifact id: '20ee243ea5b8e26829eb2a3aee227025') in 0.036448 seconds 
========================================================================
Received Import Request.
  Time since last request: 0.000017 seconds.
  path: Assets/codeandweb.com/Example/Sprites/capguy/walk/0015.png
  artifactKey: Guid(2ce41d26778b544bead453a5cf7df813) Importer(-1,00000000000000000000000000000000)
Start importing Assets/codeandweb.com/Example/Sprites/capguy/walk/0015.png using Guid(2ce41d26778b544bead453a5cf7df813) Importer(-1,00000000000000000000000000000000)  -> (artifact id: 'e4a43193958276bf73042f24561e7175') in 0.042952 seconds 
========================================================================
Received Import Request.
  Time since last request: 0.000016 seconds.
  path: Packages/com.unity.collab-proxy/Editor/PlasticSCM/Assets/Images/d_step2.png
  artifactKey: Guid(897c3a3f5c4038345a7143573bbb4a40) Importer(-1,00000000000000000000000000000000)
Start importing Packages/com.unity.collab-proxy/Editor/PlasticSCM/Assets/Images/d_step2.png using Guid(897c3a3f5c4038345a7143573bbb4a40) Importer(-1,00000000000000000000000000000000)  -> (artifact id: 'c1e8561ac660a4a1b47f0904df87656f') in 0.013314 seconds 
========================================================================
Received Import Request.
  Time since last request: 0.000020 seconds.
  path: Packages/com.unity.timeline/Editor/StyleSheets/Images/DarkSkin/TimelineSignalSelected.png
  artifactKey: Guid(a5e21f4e466690645980dd0cf0b664bc) Importer(-1,00000000000000000000000000000000)
Start importing Packages/com.unity.timeline/Editor/StyleSheets/Images/DarkSkin/TimelineSignalSelected.png using Guid(a5e21f4e466690645980dd0cf0b664bc) Importer(-1,00000000000000000000000000000000)  -> (artifact id: 'bda1179b99433ac573109556c45d6ee3') in 0.013641 seconds 
========================================================================
Received Import Request.
  Time since last request: 0.000013 seconds.
  path: Packages/com.unity.timeline/Editor/StyleSheets/Images/Icons/d_TrackMarkerButtonDisabled@2x.png
  artifactKey: Guid(77d926c9a4ddcc940b8c000b45cbfb35) Importer(-1,00000000000000000000000000000000)
Start importing Packages/com.unity.timeline/Editor/StyleSheets/Images/Icons/d_TrackMarkerButtonDisabled@2x.png using Guid(77d926c9a4ddcc940b8c000b45cbfb35) Importer(-1,00000000000000000000000000000000)  -> (artifact id: 'a7a14a757e77caae65fef04193d762d6') in 0.011318 seconds 
========================================================================
Received Import Request.
  Time since last request: 0.000012 seconds.
  path: Packages/com.unity.textmeshpro/Editor Resources/Textures/btn_AlignTop_Light.psd
  artifactKey: Guid(ed041e68439749a69d0efa0e3d896c2e) Importer(-1,00000000000000000000000000000000)
Start importing Packages/com.unity.textmeshpro/Editor Resources/Textures/btn_AlignTop_Light.psd using Guid(ed041e68439749a69d0efa0e3d896c2e) Importer(-1,00000000000000000000000000000000)  -> (artifact id: '4eae03ca9b39c33e95eedd69080882a6') in 0.002581 seconds 
========================================================================
Received Import Request.
  Time since last request: 0.000016 seconds.
  path: Packages/com.unity.timeline/Editor/StyleSheets/Images/Icons/TrackMarkerButtonDisabled.png
  artifactKey: Guid(33a52b41b4de5874ca7da1da32067e39) Importer(-1,00000000000000000000000000000000)
Start importing Packages/com.unity.timeline/Editor/StyleSheets/Images/Icons/TrackMarkerButtonDisabled.png using Guid(33a52b41b4de5874ca7da1da32067e39) Importer(-1,00000000000000000000000000000000)  -> (artifact id: '38ce57a0f16b2a65a48722d3bd344376') in 0.004472 seconds 
========================================================================
Received Import Request.
  Time since last request: 0.000012 seconds.
  path: Packages/com.unity.collab-proxy/Editor/PlasticSCM/Assets/Images/d_iconprivateoverlay.png
  artifactKey: Guid(059fb5367594a3343814dc25ace454b3) Importer(-1,00000000000000000000000000000000)
Start importing Packages/com.unity.collab-proxy/Editor/PlasticSCM/Assets/Images/d_iconprivateoverlay.png using Guid(059fb5367594a3343814dc25ace454b3) Importer(-1,00000000000000000000000000000000)  -> (artifact id: '05754a1b26d8380473944f932a536532') in 0.004484 seconds 
========================================================================
Received Import Request.
  Time since last request: 0.000012 seconds.
  path: Packages/com.unity.collab-proxy/Editor/PlasticSCM/Assets/Images/d_iconplasticnotifyconflict.png
  artifactKey: Guid(51582ae5ea51fa14996791a550f89473) Importer(-1,00000000000000000000000000000000)
Start importing Packages/com.unity.collab-proxy/Editor/PlasticSCM/Assets/Images/d_iconplasticnotifyconflict.png using Guid(51582ae5ea51fa14996791a550f89473) Importer(-1,00000000000000000000000000000000)  -> (artifact id: '8a111475f739d43c354212ec5a869c64') in 0.008859 seconds 
========================================================================
Received Import Request.
  Time since last request: 0.000013 seconds.
  path: Packages/com.unity.2d.tilemap/Editor/Icons/Grid.RotateCW.png
  artifactKey: Guid(e25f34c849d45714e86b14d3afbb763e) Importer(-1,00000000000000000000000000000000)
Start importing Packages/com.unity.2d.tilemap/Editor/Icons/Grid.RotateCW.png using Guid(e25f34c849d45714e86b14d3afbb763e) Importer(-1,00000000000000000000000000000000)  -> (artifact id: '2df2be20c09e6e8ee708b1101ac07c00') in 0.004483 seconds 
========================================================================
Received Import Request.
  Time since last request: 0.000017 seconds.
  path: Packages/com.unity.timeline/Editor/StyleSheets/Images/DarkSkin/TimelineContinue.png
  artifactKey: Guid(f747f9cdf03f2ff418fe728a77e8cbef) Importer(-1,00000000000000000000000000000000)
Start importing Packages/com.unity.timeline/Editor/StyleSheets/Images/DarkSkin/TimelineContinue.png using Guid(f747f9cdf03f2ff418fe728a77e8cbef) Importer(-1,00000000000000000000000000000000)  -> (artifact id: '650178af740e6f2e40b1ab576525fc3a') in 0.027099 seconds 
========================================================================
Received Import Request.
  Time since last request: 0.000013 seconds.
  path: Packages/com.unity.collab-proxy/Editor/PlasticSCM/Assets/Images/d_iconemptygravatar.png
  artifactKey: Guid(9aebd705574f9e642aef1e5f59b3e4d8) Importer(-1,00000000000000000000000000000000)
Start importing Packages/com.unity.collab-proxy/Editor/PlasticSCM/Assets/Images/d_iconemptygravatar.png using Guid(9aebd705574f9e642aef1e5f59b3e4d8) Importer(-1,00000000000000000000000000000000)  -> (artifact id: '2e10a7e9fa6abc8438c42d3a1e0d7bac') in 0.006262 seconds 
========================================================================
Received Import Request.
  Time since last request: 0.000015 seconds.
  path: Packages/com.unity.settings-manager/Content/Options.png
  artifactKey: Guid(9eff477e4332346818c96745043dae9e) Importer(-1,00000000000000000000000000000000)
Start importing Packages/com.unity.settings-manager/Content/Options.png using Guid(9eff477e4332346818c96745043dae9e) Importer(-1,00000000000000000000000000000000)  -> (artifact id: '836517961cc80ac9def29694cef392bb') in 0.013024 seconds 
========================================================================
Received Import Request.
  Time since last request: 0.000057 seconds.
  path: Packages/com.unity.collab-proxy/Editor/PlasticSCM/Assets/Images/iconplastic.png
  artifactKey: Guid(3042b019b052942a1baf7aa49d7ca6bb) Importer(-1,00000000000000000000000000000000)
Start importing Packages/com.unity.collab-proxy/Editor/PlasticSCM/Assets/Images/iconplastic.png using Guid(3042b019b052942a1baf7aa49d7ca6bb) Importer(-1,00000000000000000000000000000000)  -> (artifact id: 'c7a5ce3ea1e851d3e7bd67ef74dafe2a') in 0.022931 seconds 
========================================================================
Received Import Request.
  Time since last request: 0.000021 seconds.
  path: Packages/com.unity.timeline/Editor/StyleSheets/Images/Icons/TrackMuteButtonEnabled@2x.png
  artifactKey: Guid(512aaee9b220348408a2e518f98d6e14) Importer(-1,00000000000000000000000000000000)
Start importing Packages/com.unity.timeline/Editor/StyleSheets/Images/Icons/TrackMuteButtonEnabled@2x.png using Guid(512aaee9b220348408a2e518f98d6e14) Importer(-1,00000000000000000000000000000000)  -> (artifact id: 'f53b941e3e90160e628522e49f6d699b') in 0.004462 seconds 
========================================================================
Received Import Request.
  Time since last request: 0.000018 seconds.
  path: Packages/com.unity.collab-proxy/Editor/PlasticSCM/Assets/Images/iconpressedclosebutton.png
  artifactKey: Guid(94fe868620119564f9474f40cd6145aa) Importer(-1,00000000000000000000000000000000)
Start importing Packages/com.unity.collab-proxy/Editor/PlasticSCM/Assets/Images/iconpressedclosebutton.png using Guid(94fe868620119564f9474f40cd6145aa) Importer(-1,00000000000000000000000000000000)  -> (artifact id: '10a8399a481c4437cfd70b4ffc886ea7') in 0.009131 seconds 
========================================================================
Received Import Request.
  Time since last request: 0.000036 seconds.
  path: Packages/com.unity.timeline/Editor/StyleSheets/Images/Icons/d_TrackCurvesButtonEnabled.png
  artifactKey: Guid(fbcdeb07ee516a64daa01ce462874280) Importer(-1,00000000000000000000000000000000)
Start importing Packages/com.unity.timeline/Editor/StyleSheets/Images/Icons/d_TrackCurvesButtonEnabled.png using Guid(fbcdeb07ee516a64daa01ce462874280) Importer(-1,00000000000000000000000000000000)  -> (artifact id: '324001a52c652a68ae06f7d16cdfbb38') in 0.002953 seconds 
========================================================================
Received Import Request.
  Time since last request: 0.000012 seconds.
  path: Assets/Resources/UI/MainGame/AutoAttack/AutoAttack.png
  artifactKey: Guid(2148c6f2990e8d541bffdce304e42271) Importer(-1,00000000000000000000000000000000)
Start importing Assets/Resources/UI/MainGame/AutoAttack/AutoAttack.png using Guid(2148c6f2990e8d541bffdce304e42271) Importer(-1,00000000000000000000000000000000)  -> (artifact id: 'ea9e077874ad472ed1eb49fbb4b53809') in 1.166006 seconds 
========================================================================
Received Import Request.
  Time since last request: 0.000017 seconds.
  path: Packages/com.unity.timeline/Editor/StyleSheets/Images/Icons/Timeline-Marker-Warning-Overlay.png
  artifactKey: Guid(945f4ecec6df62244b9ebcc363833642) Importer(-1,00000000000000000000000000000000)
Start importing Packages/com.unity.timeline/Editor/StyleSheets/Images/Icons/Timeline-Marker-Warning-Overlay.png using Guid(945f4ecec6df62244b9ebcc363833642) Importer(-1,00000000000000000000000000000000)  -> (artifact id: '65a2fe46cb9a7318f327d6a7d23555ba') in 0.006624 seconds 
========================================================================
Received Import Request.
  Time since last request: 0.000022 seconds.
  path: Assets/Resources/UI/Ring/Ring.png
  artifactKey: Guid(fd9e8c085e12b79438ba78e5d6d9998e) Importer(-1,00000000000000000000000000000000)
Start importing Assets/Resources/UI/Ring/Ring.png using Guid(fd9e8c085e12b79438ba78e5d6d9998e) Importer(-1,00000000000000000000000000000000)  -> (artifact id: '19f5be8dd7407c0179c34c21f1f03c4c') in 0.638054 seconds 
========================================================================
Received Import Request.
  Time since last request: 0.000016 seconds.
  path: Packages/com.unity.timeline/Editor/StyleSheets/Images/Icons/d_TrackMuteButtonDisabled@2x.png
  artifactKey: Guid(9c706019afb28944eb19b500ea0da38c) Importer(-1,00000000000000000000000000000000)
Start importing Packages/com.unity.timeline/Editor/StyleSheets/Images/Icons/d_TrackMuteButtonDisabled@2x.png using Guid(9c706019afb28944eb19b500ea0da38c) Importer(-1,00000000000000000000000000000000)  -> (artifact id: '704b2b0957189e5bef6dd72847654e60') in 0.002580 seconds 
========================================================================
Received Import Request.
  Time since last request: 0.000016 seconds.
  path: Packages/com.unity.collab-proxy/Editor/PlasticSCM/Assets/Images/secondarytabclosehover.png
  artifactKey: Guid(8fac55fff4ce5fa40a7b2efefc0e617a) Importer(-1,00000000000000000000000000000000)
Start importing Packages/com.unity.collab-proxy/Editor/PlasticSCM/Assets/Images/secondarytabclosehover.png using Guid(8fac55fff4ce5fa40a7b2efefc0e617a) Importer(-1,00000000000000000000000000000000)  -> (artifact id: '4794fe9dad609379c2c9f2b413dad2b3') in 0.003719 seconds 
========================================================================
Received Import Request.
  Time since last request: 0.000013 seconds.
  path: Packages/com.unity.collab-proxy/Editor/PlasticSCM/Assets/Images/icondeleted.png
  artifactKey: Guid(77a39e873655d3c4b93d0b7696397b83) Importer(-1,00000000000000000000000000000000)
Start importing Packages/com.unity.collab-proxy/Editor/PlasticSCM/Assets/Images/icondeleted.png using Guid(77a39e873655d3c4b93d0b7696397b83) Importer(-1,00000000000000000000000000000000)  -> (artifact id: '24b64de4555a5fe2a226420476fb39b3') in 0.004755 seconds 
========================================================================
Received Import Request.
  Time since last request: 0.000019 seconds.
  path: Packages/com.unity.collab-proxy/Editor/PlasticSCM/Assets/Images/d_iconoutofsync@2x.png
  artifactKey: Guid(f82dfc5fc3c5a8f4080a3550427019c8) Importer(-1,00000000000000000000000000000000)
Start importing Packages/com.unity.collab-proxy/Editor/PlasticSCM/Assets/Images/d_iconoutofsync@2x.png using Guid(f82dfc5fc3c5a8f4080a3550427019c8) Importer(-1,00000000000000000000000000000000)  -> (artifact id: 'db1c318b5b0070825088e72af82378bb') in 0.017413 seconds 
========================================================================
Received Import Request.
  Time since last request: 0.000015 seconds.
  path: Packages/com.unity.textmeshpro/Editor Resources/Textures/btn_AlignLeft.psd
  artifactKey: Guid(9288066c33474b94b6ee5465f4df1cc0) Importer(-1,00000000000000000000000000000000)
Start importing Packages/com.unity.textmeshpro/Editor Resources/Textures/btn_AlignLeft.psd using Guid(9288066c33474b94b6ee5465f4df1cc0) Importer(-1,00000000000000000000000000000000)  -> (artifact id: '73a61e31c76bf6240d02b31dc30fd081') in 0.006196 seconds 
========================================================================
Received Import Request.
  Time since last request: 0.000015 seconds.
  path: Assets/Resources/UI/CoreUI/Elemental/Elemental.png
  artifactKey: Guid(1a9fb68c7af72eb43b23cb3b5aec7d20) Importer(-1,00000000000000000000000000000000)
Start importing Assets/Resources/UI/CoreUI/Elemental/Elemental.png using Guid(1a9fb68c7af72eb43b23cb3b5aec7d20) Importer(-1,00000000000000000000000000000000)  -> (artifact id: 'cf086634f5e37498006581fa0a374556') in 0.148850 seconds 
========================================================================
Received Import Request.
  Time since last request: 0.000017 seconds.
  path: Packages/com.unity.timeline/Editor/StyleSheets/Images/DarkSkin/TimelineTimeCursor.png
  artifactKey: Guid(3b9e9b3d9ade166499e7a17109ca73bf) Importer(-1,00000000000000000000000000000000)
Start importing Packages/com.unity.timeline/Editor/StyleSheets/Images/DarkSkin/TimelineTimeCursor.png using Guid(3b9e9b3d9ade166499e7a17109ca73bf) Importer(-1,00000000000000000000000000000000)  -> (artifact id: '1dd5bb89673218e6b46140a60776c849') in 0.003626 seconds 
========================================================================
Received Import Request.
  Time since last request: 0.000015 seconds.
  path: Packages/com.unity.textmeshpro/Editor Resources/Textures/SectionHeader_Dark.psd
  artifactKey: Guid(fb5730e24283d0c489e5c7d0bee023d9) Importer(-1,00000000000000000000000000000000)
Start importing Packages/com.unity.textmeshpro/Editor Resources/Textures/SectionHeader_Dark.psd using Guid(fb5730e24283d0c489e5c7d0bee023d9) Importer(-1,00000000000000000000000000000000)  -> (artifact id: 'b483fb8cccd527d92f96a91dba891523') in 0.004061 seconds 
========================================================================
Received Import Request.
  Time since last request: 0.000013 seconds.
  path: Packages/com.unity.collab-proxy/Editor/PlasticSCM/Assets/Images/d_iconoutofsyncoverlay@2x.png
  artifactKey: Guid(4d7e6e570e9d65a4c9a994783a0652e2) Importer(-1,00000000000000000000000000000000)
Start importing Packages/com.unity.collab-proxy/Editor/PlasticSCM/Assets/Images/d_iconoutofsyncoverlay@2x.png using Guid(4d7e6e570e9d65a4c9a994783a0652e2) Importer(-1,00000000000000000000000000000000)  -> (artifact id: '888d1f54048678cadbac5fc558bfb666') in 0.006799 seconds 
========================================================================
Received Import Request.
  Time since last request: 0.000014 seconds.
  path: Assets/Resources/UI/Mission.png
  artifactKey: Guid(564fec7d78b76734dafbb2e724605a1c) Importer(-1,00000000000000000000000000000000)
Start importing Assets/Resources/UI/Mission.png using Guid(564fec7d78b76734dafbb2e724605a1c) Importer(-1,00000000000000000000000000000000)  -> (artifact id: '5cfc166c1d573a368feeb00d9b8f7bf0') in 0.348215 seconds 
========================================================================
Received Import Request.
  Time since last request: 0.000018 seconds.
  path: Packages/com.unity.timeline/Editor/StyleSheets/Images/LightSkin/TimelineMarkerItemSelected.png
  artifactKey: Guid(b6e9dc9aad5843748a0124b8925c3743) Importer(-1,00000000000000000000000000000000)
Start importing Packages/com.unity.timeline/Editor/StyleSheets/Images/LightSkin/TimelineMarkerItemSelected.png using Guid(b6e9dc9aad5843748a0124b8925c3743) Importer(-1,00000000000000000000000000000000)  -> (artifact id: '7088924ba49c1a0ec51305bc7fbf6300') in 0.003782 seconds 
========================================================================
Received Import Request.
  Time since last request: 0.000021 seconds.
  path: Packages/com.unity.collab-proxy/Editor/PlasticSCM/Assets/Images/d_icondeletedremote.png
  artifactKey: Guid(23e66f7264c74424889342127f229577) Importer(-1,00000000000000000000000000000000)
Start importing Packages/com.unity.collab-proxy/Editor/PlasticSCM/Assets/Images/d_icondeletedremote.png using Guid(23e66f7264c74424889342127f229577) Importer(-1,00000000000000000000000000000000)  -> (artifact id: '78137601d9243279e2d050c637c2fcba') in 0.004520 seconds 
========================================================================
Received Import Request.
  Time since last request: 0.000014 seconds.
  path: Packages/com.unity.timeline/Editor/StyleSheets/Images/Icons/TimelineClipFG.png
  artifactKey: Guid(33b1871a2d09cfa459a93f4e8feb5c41) Importer(-1,00000000000000000000000000000000)
Start importing Packages/com.unity.timeline/Editor/StyleSheets/Images/Icons/TimelineClipFG.png using Guid(33b1871a2d09cfa459a93f4e8feb5c41) Importer(-1,00000000000000000000000000000000)  -> (artifact id: '3f44c02cda3a31c1c77e27df7afacdad') in 0.003906 seconds 
========================================================================
Received Import Request.
  Time since last request: 0.000015 seconds.
  path: Packages/com.unity.collab-proxy/Editor/PlasticSCM/Assets/Images/d_icondeletedlocaloverlay.png
  artifactKey: Guid(4da274d970a82a943ae3979e7833f3dd) Importer(-1,00000000000000000000000000000000)
Start importing Packages/com.unity.collab-proxy/Editor/PlasticSCM/Assets/Images/d_icondeletedlocaloverlay.png using Guid(4da274d970a82a943ae3979e7833f3dd) Importer(-1,00000000000000000000000000000000)  -> (artifact id: '42006bbc1b82de292aeb994788b47bd7') in 0.004829 seconds 
========================================================================
Received Import Request.
  Time since last request: 0.000017 seconds.
  path: Assets/Title/ThuyYen/ThuyYen.png
  artifactKey: Guid(f982f4d80b6a5e04e9950b0309906bc0) Importer(-1,00000000000000000000000000000000)
Start importing Assets/Title/ThuyYen/ThuyYen.png using Guid(f982f4d80b6a5e04e9950b0309906bc0) Importer(-1,00000000000000000000000000000000) crunched in 1.014294
 -> (artifact id: '90c9c9b3f05537d5976b717097a85d2c') in 1.097138 seconds 
========================================================================
Received Import Request.
  Time since last request: 0.000017 seconds.
  path: Assets/codeandweb.com/Example/Sprites/capguy/walk/0013_n.png
  artifactKey: Guid(2f1a2378a66de4508a9066ae346b6890) Importer(-1,00000000000000000000000000000000)
Start importing Assets/codeandweb.com/Example/Sprites/capguy/walk/0013_n.png using Guid(2f1a2378a66de4508a9066ae346b6890) Importer(-1,00000000000000000000000000000000)  -> (artifact id: 'a6c4737f6dbb5c561d458a100da5e7d2') in 0.071442 seconds 
========================================================================
Received Import Request.
  Time since last request: 0.000196 seconds.
  path: Packages/com.unity.collab-proxy/Editor/PlasticSCM/Assets/Images/iconbranch@2x.png
  artifactKey: Guid(e45389a8a97044d4caf408f252370632) Importer(-1,00000000000000000000000000000000)
Start importing Packages/com.unity.collab-proxy/Editor/PlasticSCM/Assets/Images/iconbranch@2x.png using Guid(e45389a8a97044d4caf408f252370632) Importer(-1,00000000000000000000000000000000)  -> (artifact id: '11ec45d3b22e751b07e9d57d74f81f97') in 0.010127 seconds 
========================================================================
Received Import Request.
  Time since last request: 0.000018 seconds.
  path: Packages/com.unity.collab-proxy/Editor/PlasticSCM/Assets/Images/iconemptygravatar@2x.png
  artifactKey: Guid(da545229eea36164d8b8cba2f75a1143) Importer(-1,00000000000000000000000000000000)
Start importing Packages/com.unity.collab-proxy/Editor/PlasticSCM/Assets/Images/iconemptygravatar@2x.png using Guid(da545229eea36164d8b8cba2f75a1143) Importer(-1,00000000000000000000000000000000)  -> (artifact id: '912faa74e50a6a04003433501d7f172b') in 0.008138 seconds 
========================================================================
Received Import Request.
  Time since last request: 0.000015 seconds.
  path: Packages/com.unity.collab-proxy/Editor/PlasticSCM/Assets/Images/iconoutofsync.png
  artifactKey: Guid(636d03a8834e3ed4cac3a1cb4b82deaf) Importer(-1,00000000000000000000000000000000)
Start importing Packages/com.unity.collab-proxy/Editor/PlasticSCM/Assets/Images/iconoutofsync.png using Guid(636d03a8834e3ed4cac3a1cb4b82deaf) Importer(-1,00000000000000000000000000000000)  -> (artifact id: '092988bc60229285b5858e5b6c421d78') in 0.008088 seconds 
========================================================================
Received Import Request.
  Time since last request: 0.000017 seconds.
  path: Assets/Resources/UI/Friend/Friend.png
  artifactKey: Guid(ea32846c22cbca64d963fa9f08c1918e) Importer(-1,00000000000000000000000000000000)
Start importing Assets/Resources/UI/Friend/Friend.png using Guid(ea32846c22cbca64d963fa9f08c1918e) Importer(-1,00000000000000000000000000000000)  -> (artifact id: '9ca27ec3eec1966c45b0dcb59b6993d4') in 1.160415 seconds 
========================================================================
Received Prepare
Refreshing native plugins compatible for Editor in 5.35 ms, found 2 plugins.
Preloading 0 native plugins for Editor in 0.00 ms.
Unloading 51 Unused Serialized files (Serialized files now loaded: 0)
Unloading 51 unused Assets / (23.1 KB). Loaded Objects now: 2758.
Memory consumption went from 47.4 MB to 47.4 MB.
Total: 4.786700 ms (FindLiveObjects: 0.189600 ms CreateObjectMapping: 0.127400 ms MarkObjects: 4.447600 ms  DeleteObjects: 0.021500 ms)

AssetImportParameters requested are different than current active one (requested -> active):
  custom:video-decoder-ogg-theora: a1e56fd34408186e4bbccfd4996cb3dc -> 
  custom:container-muxer-webm: aa71ff27fc2769a1b78a27578f13a17b -> 
  custom:container-demuxer-webm: 4f35f7cbe854078d1ac9338744f61a02 -> 
  custom:postprocessor/textureSprite: 1909f56bfc062723c751e8b465ee728b -> 6c974d5fbdd46f48f79c9d1ddb8bc3f3
  custom:video-encoder-webm-vp8: eb34c28f22e8b96e1ab97ce403110664 -> 
  custom:audio-encoder-webm-vorbis: bf7c407c2cedff20999df2af8eb42d56 -> 
  custom:framework-win-MediaFoundation: 216162199b28c13a410421893ffa2e32 -> 
  custom:container-demuxer-ogg: 62fdf1f143b41e24485cea50d1cbac27 -> 
  custom:video-decoder-webm-vp8: 9c59270c3fd7afecdb556c50c9e8de78 -> 
  custom:audio-decoder-ogg-vorbis: bf7c407c2cedff20999df2af8eb42d56 -> 
  custom:postprocessor/texturePreprocessor: 1909f56bfc062723c751e8b465ee728b -> 6c974d5fbdd46f48f79c9d1ddb8bc3f3
========================================================================
Received Prepare
Refreshing native plugins compatible for Editor in 5.21 ms, found 2 plugins.
Preloading 0 native plugins for Editor in 0.00 ms.
Unloading 51 Unused Serialized files (Serialized files now loaded: 0)
Unloading 51 unused Assets / (23.1 KB). Loaded Objects now: 2758.
Memory consumption went from 47.4 MB to 47.4 MB.
Total: 4.839400 ms (FindLiveObjects: 0.181300 ms CreateObjectMapping: 0.134000 ms MarkObjects: 4.497600 ms  DeleteObjects: 0.026000 ms)

AssetImportParameters requested are different than current active one (requested -> active):
  custom:video-decoder-ogg-theora: a1e56fd34408186e4bbccfd4996cb3dc -> 
  custom:container-muxer-webm: aa71ff27fc2769a1b78a27578f13a17b -> 
  custom:container-demuxer-webm: 4f35f7cbe854078d1ac9338744f61a02 -> 
  custom:postprocessor/textureSprite: 1909f56bfc062723c751e8b465ee728b -> 6c974d5fbdd46f48f79c9d1ddb8bc3f3
  custom:video-encoder-webm-vp8: eb34c28f22e8b96e1ab97ce403110664 -> 
  custom:audio-encoder-webm-vorbis: bf7c407c2cedff20999df2af8eb42d56 -> 
  custom:framework-win-MediaFoundation: 216162199b28c13a410421893ffa2e32 -> 
  custom:container-demuxer-ogg: 62fdf1f143b41e24485cea50d1cbac27 -> 
  custom:video-decoder-webm-vp8: 9c59270c3fd7afecdb556c50c9e8de78 -> 
  custom:audio-decoder-ogg-vorbis: bf7c407c2cedff20999df2af8eb42d56 -> 
  custom:postprocessor/texturePreprocessor: 1909f56bfc062723c751e8b465ee728b -> 6c974d5fbdd46f48f79c9d1ddb8bc3f3
Editor requested this worker to shutdown with reason: Scaling down because of idle timeout
AssetImportWorker is now disconnected from the server
Process exiting
Exiting without the bug reporter. Application will terminate with return code 0