Using pre-set license
Built from '2021.3/staging' branch; Version is '2021.3.23f1 (213b516bf396) revision 2177873'; Using compiler version '192829333'; Build Type 'Release'
OS: 'Windows 11  (10.0.22621) 64bit CoreSingleLanguage' Language: 'en' Physical Memory: 16319 MB
BatchMode: 1, IsHumanControllingUs: 0, StartBugReporterOnCrash: 0, Is64bit: 1, IsPro: 1

COMMAND LINE ARGUMENTS:
G:\unity\2021.3.23f1\Editor\Unity.exe
-adb2
-batchMode
-noUpm
-name
AssetImportWorker5
-projectPath
E:/Build Resources_VL/Build Resources
-logFile
Logs/AssetImportWorker5.log
-srvPort
51392
Successfully changed project path to: E:/Build Resources_VL/Build Resources
E:/Build Resources_VL/Build Resources
[UnityMemory] Configuration Parameters - Can be set up in boot.config
    "memorysetup-bucket-allocator-granularity=16"
    "memorysetup-bucket-allocator-bucket-count=8"
    "memorysetup-bucket-allocator-block-size=33554432"
    "memorysetup-bucket-allocator-block-count=8"
    "memorysetup-main-allocator-block-size=16777216"
    "memorysetup-thread-allocator-block-size=16777216"
    "memorysetup-gfx-main-allocator-block-size=16777216"
    "memorysetup-gfx-thread-allocator-block-size=16777216"
    "memorysetup-cache-allocator-block-size=4194304"
    "memorysetup-typetree-allocator-block-size=2097152"
    "memorysetup-profiler-bucket-allocator-granularity=16"
    "memorysetup-profiler-bucket-allocator-bucket-count=8"
    "memorysetup-profiler-bucket-allocator-block-size=33554432"
    "memorysetup-profiler-bucket-allocator-block-count=8"
    "memorysetup-profiler-allocator-block-size=16777216"
    "memorysetup-profiler-editor-allocator-block-size=1048576"
    "memorysetup-temp-allocator-size-main=16777216"
    "memorysetup-job-temp-allocator-block-size=2097152"
    "memorysetup-job-temp-allocator-block-size-background=1048576"
    "memorysetup-job-temp-allocator-reduction-small-platforms=262144"
    "memorysetup-temp-allocator-size-background-worker=32768"
    "memorysetup-temp-allocator-size-job-worker=262144"
    "memorysetup-temp-allocator-size-preload-manager=33554432"
    "memorysetup-temp-allocator-size-nav-mesh-worker=65536"
    "memorysetup-temp-allocator-size-audio-worker=65536"
    "memorysetup-temp-allocator-size-cloud-worker=32768"
    "memorysetup-temp-allocator-size-gi-baking-worker=262144"
    "memorysetup-temp-allocator-size-gfx=262144"
Player connection [13632] Host "[IP] 192.168.1.33 [Port] 0 [Flags] 2 [Guid] 3974472701 [EditorId] 3974472701 [Version] 1048832 [Id] WindowsEditor(7,DESKTOP-22KK7VB) [Debug] 1 [PackageName] WindowsEditor [ProjectName] Editor" joined multi-casting on [225.0.0.222:54997]...

Player connection [13632] Host "[IP] 192.168.1.33 [Port] 0 [Flags] 2 [Guid] 3974472701 [EditorId] 3974472701 [Version] 1048832 [Id] WindowsEditor(7,DESKTOP-22KK7VB) [Debug] 1 [PackageName] WindowsEditor [ProjectName] Editor" joined alternative multi-casting on [225.0.0.222:34997]...

Refreshing native plugins compatible for Editor in 69.47 ms, found 2 plugins.
Preloading 0 native plugins for Editor in 0.00 ms.
Initialize engine version: 2021.3.23f1 (213b516bf396)
[Subsystems] Discovering subsystems at path G:/unity/2021.3.23f1/Editor/Data/Resources/UnitySubsystems
[Subsystems] Discovering subsystems at path E:/Build Resources_VL/Build Resources/Assets
GfxDevice: creating device client; threaded=0; jobified=0
Direct3D:
    Version:  Direct3D 11.0 [level 11.1]
    Renderer: NVIDIA GeForce GTX 1650 (ID=0x1f82)
    Vendor:   NVIDIA
    VRAM:     3962 MB
    Driver:   27.21.14.5671
Initialize mono
Mono path[0] = 'G:/unity/2021.3.23f1/Editor/Data/Managed'
Mono path[1] = 'G:/unity/2021.3.23f1/Editor/Data/MonoBleedingEdge/lib/mono/unityjit-win32'
Mono config path = 'G:/unity/2021.3.23f1/Editor/Data/MonoBleedingEdge/etc'
Using monoOptions --debugger-agent=transport=dt_socket,embedding=1,server=y,suspend=n,address=127.0.0.1:56260
Begin MonoManager ReloadAssembly
Registering precompiled unity dll's ...
Register platform support module: G:/unity/2021.3.23f1/Editor/Data/PlaybackEngines/WebGLSupport/UnityEditor.WebGL.Extensions.dll
Register platform support module: G:/unity/2021.3.23f1/Editor/Data/PlaybackEngines/WindowsStandaloneSupport/UnityEditor.WindowsStandalone.Extensions.dll
Registered in 0.001820 seconds.
Native extension for WindowsStandalone target not found
Native extension for WebGL target not found
Refreshing native plugins compatible for Editor in 123.53 ms, found 2 plugins.
Preloading 0 native plugins for Editor in 0.00 ms.
Mono: successfully reloaded assembly
- Completed reload, in  0.963 seconds
Domain Reload Profiling:
	ReloadAssembly (964ms)
		BeginReloadAssembly (136ms)
			ExecutionOrderSort (0ms)
			DisableScriptedObjects (0ms)
			BackupInstance (0ms)
			ReleaseScriptingObjects (0ms)
			CreateAndSetChildDomain (1ms)
		EndReloadAssembly (713ms)
			LoadAssemblies (135ms)
			RebuildTransferFunctionScriptingTraits (0ms)
			SetupTypeCache (164ms)
			ReleaseScriptCaches (0ms)
			RebuildScriptCaches (81ms)
			SetupLoadedEditorAssemblies (403ms)
				LogAssemblyErrors (0ms)
				InitializePlatformSupportModulesInManaged (48ms)
				SetLoadedEditorAssemblies (0ms)
				RefreshPlugins (124ms)
				BeforeProcessingInitializeOnLoad (1ms)
				ProcessInitializeOnLoadAttributes (194ms)
				ProcessInitializeOnLoadMethodAttributes (37ms)
				AfterProcessingInitializeOnLoad (0ms)
				EditorAssembliesLoaded (0ms)
			ExecutionOrderSort2 (0ms)
			AwakeInstancesAfterBackupRestoration (0ms)
Platform modules already initialized, skipping
Registering precompiled user dll's ...
Registered in 0.003660 seconds.
Begin MonoManager ReloadAssembly
Native extension for WindowsStandalone target not found
Native extension for WebGL target not found
Refreshing native plugins compatible for Editor in 0.98 ms, found 2 plugins.
Preloading 0 native plugins for Editor in 0.00 ms.
Mono: successfully reloaded assembly
- Completed reload, in  1.752 seconds
Domain Reload Profiling:
	ReloadAssembly (1753ms)
		BeginReloadAssembly (148ms)
			ExecutionOrderSort (0ms)
			DisableScriptedObjects (5ms)
			BackupInstance (0ms)
			ReleaseScriptingObjects (0ms)
			CreateAndSetChildDomain (36ms)
		EndReloadAssembly (1386ms)
			LoadAssemblies (81ms)
			RebuildTransferFunctionScriptingTraits (0ms)
			SetupTypeCache (425ms)
			ReleaseScriptCaches (1ms)
			RebuildScriptCaches (142ms)
			SetupLoadedEditorAssemblies (681ms)
				LogAssemblyErrors (0ms)
				InitializePlatformSupportModulesInManaged (33ms)
				SetLoadedEditorAssemblies (1ms)
				RefreshPlugins (1ms)
				BeforeProcessingInitializeOnLoad (69ms)
				ProcessInitializeOnLoadAttributes (299ms)
				ProcessInitializeOnLoadMethodAttributes (276ms)
				AfterProcessingInitializeOnLoad (2ms)
				EditorAssembliesLoaded (0ms)
			ExecutionOrderSort2 (0ms)
			AwakeInstancesAfterBackupRestoration (5ms)
Platform modules already initialized, skipping
========================================================================
Worker process is ready to serve import requests
Launched and connected shader compiler UnityShaderCompiler.exe after 0.04 seconds
Refreshing native plugins compatible for Editor in 0.66 ms, found 2 plugins.
Preloading 0 native plugins for Editor in 0.00 ms.
Unloading 2297 Unused Serialized files (Serialized files now loaded: 0)
Unloading 62 unused Assets / (57.2 KB). Loaded Objects now: 2739.
Memory consumption went from 89.0 MB to 89.0 MB.
Total: 4.949400 ms (FindLiveObjects: 0.187700 ms CreateObjectMapping: 0.119600 ms MarkObjects: 4.574100 ms  DeleteObjects: 0.067100 ms)

AssetImportParameters requested are different than current active one (requested -> active):
  custom:video-decoder-ogg-theora: a1e56fd34408186e4bbccfd4996cb3dc -> 
  custom:container-muxer-webm: aa71ff27fc2769a1b78a27578f13a17b -> 
  custom:container-demuxer-webm: 4f35f7cbe854078d1ac9338744f61a02 -> 
  custom:postprocessor/textureSprite: 1909f56bfc062723c751e8b465ee728b -> 6c974d5fbdd46f48f79c9d1ddb8bc3f3
  custom:video-encoder-webm-vp8: eb34c28f22e8b96e1ab97ce403110664 -> 
  custom:audio-encoder-webm-vorbis: bf7c407c2cedff20999df2af8eb42d56 -> 
  custom:framework-win-MediaFoundation: 216162199b28c13a410421893ffa2e32 -> 
  custom:container-demuxer-ogg: 62fdf1f143b41e24485cea50d1cbac27 -> 
  custom:video-decoder-webm-vp8: 9c59270c3fd7afecdb556c50c9e8de78 -> 
  custom:audio-decoder-ogg-vorbis: bf7c407c2cedff20999df2af8eb42d56 -> 
  custom:postprocessor/texturePreprocessor: 1909f56bfc062723c751e8b465ee728b -> 6c974d5fbdd46f48f79c9d1ddb8bc3f3
========================================================================
Received Import Request.
  Time since last request: 1880.949595 seconds.
  path: Packages/com.unity.timeline/Editor/StyleSheets/Images/Icons/d_TrackLockButtonEnabled.png
  artifactKey: Guid(e8aa120f1b4731e43a2dd31eb70bbbe2) Importer(-1,00000000000000000000000000000000)
Start importing Packages/com.unity.timeline/Editor/StyleSheets/Images/Icons/d_TrackLockButtonEnabled.png using Guid(e8aa120f1b4731e43a2dd31eb70bbbe2) Importer(-1,00000000000000000000000000000000)  -> (artifact id: 'b0acf531d730419ef2881b292137e8e6') in 0.040339 seconds 
========================================================================
Received Import Request.
  Time since last request: 0.000013 seconds.
  path: Assets/codeandweb.com/Example/Sprites/capguy/walk/0008_n.png
  artifactKey: Guid(8b837bf926e12419392b099aa06e6eb7) Importer(-1,00000000000000000000000000000000)
Start importing Assets/codeandweb.com/Example/Sprites/capguy/walk/0008_n.png using Guid(8b837bf926e12419392b099aa06e6eb7) Importer(-1,00000000000000000000000000000000)  -> (artifact id: '95821a2aa94aa1e2da396cfcd80c95cc') in 0.061756 seconds 
========================================================================
Received Import Request.
  Time since last request: 0.000026 seconds.
  path: Packages/com.unity.collab-proxy/Editor/PlasticSCM/Assets/Images/iconaddedlocal@2x.png
  artifactKey: Guid(a67b58d6cddcd4345b1e001340de5a76) Importer(-1,00000000000000000000000000000000)
Start importing Packages/com.unity.collab-proxy/Editor/PlasticSCM/Assets/Images/iconaddedlocal@2x.png using Guid(a67b58d6cddcd4345b1e001340de5a76) Importer(-1,00000000000000000000000000000000)  -> (artifact id: '5ca020f37ebaffcdee55b90db1b43777') in 0.112202 seconds 
========================================================================
Received Import Request.
  Time since last request: 0.000015 seconds.
  path: Packages/com.unity.textmeshpro/Editor Resources/Gizmos/TMP - Dropdown Icon.psd
  artifactKey: Guid(a7ec9e7ad8b847b7ae4510af83c5d868) Importer(-1,00000000000000000000000000000000)
Start importing Packages/com.unity.textmeshpro/Editor Resources/Gizmos/TMP - Dropdown Icon.psd using Guid(a7ec9e7ad8b847b7ae4510af83c5d868) Importer(-1,00000000000000000000000000000000)  -> (artifact id: 'd6be892f76dd1eb206682f56c04f305c') in 0.003753 seconds 
========================================================================
Received Import Request.
  Time since last request: 0.000013 seconds.
  path: Packages/com.unity.collab-proxy/Editor/PlasticSCM/Assets/Images/buttonssosigninemail.png
  artifactKey: Guid(d24e7e0b75e1a244bb9687d6fd4315ef) Importer(-1,00000000000000000000000000000000)
Start importing Packages/com.unity.collab-proxy/Editor/PlasticSCM/Assets/Images/buttonssosigninemail.png using Guid(d24e7e0b75e1a244bb9687d6fd4315ef) Importer(-1,00000000000000000000000000000000)  -> (artifact id: '1111bc608bce7a86a8e94773d6c44412') in 0.004796 seconds 
========================================================================
Received Import Request.
  Time since last request: 0.000019 seconds.
  path: Packages/com.unity.textmeshpro/Editor Resources/Textures/btn_AlignCapLine_Light.psd
  artifactKey: Guid(49679f302ac6408697f6b9314a38985c) Importer(-1,00000000000000000000000000000000)
Start importing Packages/com.unity.textmeshpro/Editor Resources/Textures/btn_AlignCapLine_Light.psd using Guid(49679f302ac6408697f6b9314a38985c) Importer(-1,00000000000000000000000000000000)  -> (artifact id: '1706dae07370d659c16a63d02c3067f4') in 0.054126 seconds 
========================================================================
Received Import Request.
  Time since last request: 0.000016 seconds.
  path: Packages/com.unity.timeline/Editor/StyleSheets/Images/DarkSkin/TimelineActivation.png
  artifactKey: Guid(359cf58d5969d1a4aad29b095c7fc338) Importer(-1,00000000000000000000000000000000)
Start importing Packages/com.unity.timeline/Editor/StyleSheets/Images/DarkSkin/TimelineActivation.png using Guid(359cf58d5969d1a4aad29b095c7fc338) Importer(-1,00000000000000000000000000000000)  -> (artifact id: 'e79587c68c30b277455579366c394959') in 0.004181 seconds 
========================================================================
Received Import Request.
  Time since last request: 0.000016 seconds.
  path: Packages/com.unity.collab-proxy/Editor/PlasticSCM/Assets/Images/ignored.png
  artifactKey: Guid(595bc97bc8e1e0b46bd4c2148ba3723a) Importer(-1,00000000000000000000000000000000)
Start importing Packages/com.unity.collab-proxy/Editor/PlasticSCM/Assets/Images/ignored.png using Guid(595bc97bc8e1e0b46bd4c2148ba3723a) Importer(-1,00000000000000000000000000000000)  -> (artifact id: '84112ae42ea2e8ed23665fa0648bdbe4') in 0.015630 seconds 
========================================================================
Received Import Request.
  Time since last request: 0.000018 seconds.
  path: Packages/com.unity.timeline/Editor/StyleSheets/Images/Icons/d_TrackRecordButtonDisabled.png
  artifactKey: Guid(9c6daec86666cbb4b9e558b839a103db) Importer(-1,00000000000000000000000000000000)
Start importing Packages/com.unity.timeline/Editor/StyleSheets/Images/Icons/d_TrackRecordButtonDisabled.png using Guid(9c6daec86666cbb4b9e558b839a103db) Importer(-1,00000000000000000000000000000000)  -> (artifact id: 'ba3d7f7b70f2f3118ce73f3326b478f9') in 0.003110 seconds 
========================================================================
Received Import Request.
  Time since last request: 0.000025 seconds.
  path: Packages/com.unity.timeline/Editor/StyleSheets/Images/Icons/TrackCurvesButtonEnabled.png
  artifactKey: Guid(9589d5d9eb09dec43b2ad51af4e78b1e) Importer(-1,00000000000000000000000000000000)
Start importing Packages/com.unity.timeline/Editor/StyleSheets/Images/Icons/TrackCurvesButtonEnabled.png using Guid(9589d5d9eb09dec43b2ad51af4e78b1e) Importer(-1,00000000000000000000000000000000)  -> (artifact id: 'e800610503bf365f3a24f52181a94e52') in 0.007894 seconds 
========================================================================
Received Import Request.
  Time since last request: 0.000015 seconds.
  path: Packages/com.unity.timeline/Editor/StyleSheets/Images/Icons/TrackMuteButtonDisabled.png
  artifactKey: Guid(5216b1b48296ef345ad2d2ec43105bf0) Importer(-1,00000000000000000000000000000000)
Start importing Packages/com.unity.timeline/Editor/StyleSheets/Images/Icons/TrackMuteButtonDisabled.png using Guid(5216b1b48296ef345ad2d2ec43105bf0) Importer(-1,00000000000000000000000000000000)  -> (artifact id: '93e67c04fc0572a0ff3937ee04faa35f') in 0.003772 seconds 
========================================================================
Received Import Request.
  Time since last request: 0.000018 seconds.
  path: Packages/com.unity.textmeshpro/Editor Resources/Gizmos/TMP - Font Asset Icon.psd
  artifactKey: Guid(ee148e281f3c41c5b4ff5f8a5afe5a6c) Importer(-1,00000000000000000000000000000000)
Start importing Packages/com.unity.textmeshpro/Editor Resources/Gizmos/TMP - Font Asset Icon.psd using Guid(ee148e281f3c41c5b4ff5f8a5afe5a6c) Importer(-1,00000000000000000000000000000000)  -> (artifact id: '8a022410fda48228551f8bc2e0cc2cf9') in 0.004355 seconds 
========================================================================
Received Import Request.
  Time since last request: 0.000019 seconds.
  path: Packages/com.unity.collab-proxy/Editor/PlasticSCM/Assets/Images/buttonssosigninemail@2x.png
  artifactKey: Guid(ddf2e76e8a1f88f46ae1e42277850b48) Importer(-1,00000000000000000000000000000000)
Start importing Packages/com.unity.collab-proxy/Editor/PlasticSCM/Assets/Images/buttonssosigninemail@2x.png using Guid(ddf2e76e8a1f88f46ae1e42277850b48) Importer(-1,00000000000000000000000000000000)  -> (artifact id: '122cbe83d7b05eb29dd97ac27b0ef6b0') in 0.008536 seconds 
========================================================================
Received Import Request.
  Time since last request: 0.000022 seconds.
  path: Packages/com.unity.collab-proxy/Editor/PlasticSCM/Assets/Images/d_loading@2x.png
  artifactKey: Guid(7ee48c5fba4919649a8a6094cbead669) Importer(-1,00000000000000000000000000000000)
Start importing Packages/com.unity.collab-proxy/Editor/PlasticSCM/Assets/Images/d_loading@2x.png using Guid(7ee48c5fba4919649a8a6094cbead669) Importer(-1,00000000000000000000000000000000)  -> (artifact id: '2f3af251e7dac0086589e88d61726bb0') in 0.010476 seconds 
========================================================================
Received Import Request.
  Time since last request: 0.000015 seconds.
  path: Packages/com.unity.textmeshpro/Editor Resources/Textures/btn_AlignFlush.psd
  artifactKey: Guid(691475c57a824010be0c6f474caeb7e1) Importer(-1,00000000000000000000000000000000)
Start importing Packages/com.unity.textmeshpro/Editor Resources/Textures/btn_AlignFlush.psd using Guid(691475c57a824010be0c6f474caeb7e1) Importer(-1,00000000000000000000000000000000)  -> (artifact id: '6985bff4600e1b1b5b7b43b0c49dffd5') in 0.003596 seconds 
========================================================================
Received Import Request.
  Time since last request: 0.000013 seconds.
  path: Assets/codeandweb.com/Example/Sprites/capguy/turn/0007.png
  artifactKey: Guid(c89b43bfa20a9458b9f49b9d641ac47c) Importer(-1,00000000000000000000000000000000)
Start importing Assets/codeandweb.com/Example/Sprites/capguy/turn/0007.png using Guid(c89b43bfa20a9458b9f49b9d641ac47c) Importer(-1,00000000000000000000000000000000)  -> (artifact id: 'b2e15084d8586ebdddbd1f523938a137') in 0.028915 seconds 
========================================================================
Received Import Request.
  Time since last request: 0.000015 seconds.
  path: Packages/com.unity.timeline/Editor/StyleSheets/Images/Shared/TimelineWarning.png
  artifactKey: Guid(1732e542f535d374bbfa7565fc78414e) Importer(-1,00000000000000000000000000000000)
Start importing Packages/com.unity.timeline/Editor/StyleSheets/Images/Shared/TimelineWarning.png using Guid(1732e542f535d374bbfa7565fc78414e) Importer(-1,00000000000000000000000000000000)  -> (artifact id: 'a83949a648744c443041ae165b36f27f') in 0.002995 seconds 
========================================================================
Received Import Request.
  Time since last request: 0.000015 seconds.
  path: Packages/com.unity.collab-proxy/Editor/PlasticSCM/Assets/Images/step2.png
  artifactKey: Guid(cd0b17b71a5c498428ee91dee8a78a88) Importer(-1,00000000000000000000000000000000)
Start importing Packages/com.unity.collab-proxy/Editor/PlasticSCM/Assets/Images/step2.png using Guid(cd0b17b71a5c498428ee91dee8a78a88) Importer(-1,00000000000000000000000000000000)  -> (artifact id: 'd684447403b4c1bbaa6be22da0a04469') in 0.055830 seconds 
========================================================================
Received Import Request.
  Time since last request: 0.000016 seconds.
  path: Packages/com.unity.timeline/Editor/StyleSheets/Images/LightSkin/TimelineAutokey_active@2x.png
  artifactKey: Guid(f6717d61970edba4686c297677881a77) Importer(-1,00000000000000000000000000000000)
Start importing Packages/com.unity.timeline/Editor/StyleSheets/Images/LightSkin/TimelineAutokey_active@2x.png using Guid(f6717d61970edba4686c297677881a77) Importer(-1,00000000000000000000000000000000)  -> (artifact id: '648497fd4691a32a922ca539459e7b9f') in 0.003334 seconds 
========================================================================
Received Import Request.
  Time since last request: 0.000016 seconds.
  path: Packages/com.unity.timeline/Editor/StyleSheets/Images/LightSkin/TimelineAutokey_active.png
  artifactKey: Guid(0a5e3e063c4e1ab45999cf6e40c13c07) Importer(-1,00000000000000000000000000000000)
Start importing Packages/com.unity.timeline/Editor/StyleSheets/Images/LightSkin/TimelineAutokey_active.png using Guid(0a5e3e063c4e1ab45999cf6e40c13c07) Importer(-1,00000000000000000000000000000000)  -> (artifact id: '595ed39868496b5c209359692b82488a') in 0.003513 seconds 
========================================================================
Received Import Request.
  Time since last request: 0.000014 seconds.
  path: Packages/com.unity.timeline/Editor/StyleSheets/Images/Icons/TimelineCollapseMarkerButtonEnabled.png
  artifactKey: Guid(0367ce1ebbbb18940b79eed63a0315d5) Importer(-1,00000000000000000000000000000000)
Start importing Packages/com.unity.timeline/Editor/StyleSheets/Images/Icons/TimelineCollapseMarkerButtonEnabled.png using Guid(0367ce1ebbbb18940b79eed63a0315d5) Importer(-1,00000000000000000000000000000000)  -> (artifact id: '25915d910fc236312ea7970315fab32d') in 0.003383 seconds 
========================================================================
Received Import Request.
  Time since last request: 0.000012 seconds.
  path: Packages/com.unity.timeline/Editor/StyleSheets/Images/DarkSkin/TimelineIconClipOut.png
  artifactKey: Guid(32f7e3598d6414c489127629e29af3f6) Importer(-1,00000000000000000000000000000000)
Start importing Packages/com.unity.timeline/Editor/StyleSheets/Images/DarkSkin/TimelineIconClipOut.png using Guid(32f7e3598d6414c489127629e29af3f6) Importer(-1,00000000000000000000000000000000)  -> (artifact id: '33d0304e72edb44aa70ffcd3583797e4') in 0.003262 seconds 
========================================================================
Received Import Request.
  Time since last request: 0.000013 seconds.
  path: Packages/com.unity.2d.tilemap/Editor/Icons/d_Grid.RotateACW.png
  artifactKey: Guid(53da314bfe3845741ad14976e09ee6cf) Importer(-1,00000000000000000000000000000000)
Start importing Packages/com.unity.2d.tilemap/Editor/Icons/d_Grid.RotateACW.png using Guid(53da314bfe3845741ad14976e09ee6cf) Importer(-1,00000000000000000000000000000000)  -> (artifact id: '28a50ff5fbca4d2cc0567040e69af9fd') in 0.040815 seconds 
========================================================================
Received Import Request.
  Time since last request: 0.000017 seconds.
  path: Packages/com.unity.collab-proxy/Editor/PlasticSCM/Assets/Images/icondeletedlocaloverlay@2x.png
  artifactKey: Guid(a3e491f99ea3ad74f8731ca93e84c497) Importer(-1,00000000000000000000000000000000)
Start importing Packages/com.unity.collab-proxy/Editor/PlasticSCM/Assets/Images/icondeletedlocaloverlay@2x.png using Guid(a3e491f99ea3ad74f8731ca93e84c497) Importer(-1,00000000000000000000000000000000)  -> (artifact id: 'e8aa33885d685958ba89c48bff1a476b') in 0.006825 seconds 
========================================================================
Received Import Request.
  Time since last request: 0.000016 seconds.
  path: Assets/codeandweb.com/Example/Sprites/capguy/walk/0016_n.png
  artifactKey: Guid(7a47025d0eb2c47c9957b2771bdb46fb) Importer(-1,00000000000000000000000000000000)
Start importing Assets/codeandweb.com/Example/Sprites/capguy/walk/0016_n.png using Guid(7a47025d0eb2c47c9957b2771bdb46fb) Importer(-1,00000000000000000000000000000000)  -> (artifact id: 'ef42a827e2e5a7aa7c97a110eaaad2f3') in 0.062298 seconds 
========================================================================
Received Import Request.
  Time since last request: 0.000024 seconds.
  path: Packages/com.unity.collab-proxy/Editor/PlasticSCM/Assets/Images/d_iconclosebutton@2x.png
  artifactKey: Guid(0525793900d728a42936791a8a6de63b) Importer(-1,00000000000000000000000000000000)
Start importing Packages/com.unity.collab-proxy/Editor/PlasticSCM/Assets/Images/d_iconclosebutton@2x.png using Guid(0525793900d728a42936791a8a6de63b) Importer(-1,00000000000000000000000000000000)  -> (artifact id: '60d56b0c0b40830b93a1eb06e3b4cf72') in 0.004499 seconds 
========================================================================
Received Import Request.
  Time since last request: 0.000014 seconds.
  path: Packages/com.unity.timeline/Editor/StyleSheets/Images/DarkSkin/TimelineMarkerItem.png
  artifactKey: Guid(c133595e3c100774496e03e66fa69259) Importer(-1,00000000000000000000000000000000)
Start importing Packages/com.unity.timeline/Editor/StyleSheets/Images/DarkSkin/TimelineMarkerItem.png using Guid(c133595e3c100774496e03e66fa69259) Importer(-1,00000000000000000000000000000000)  -> (artifact id: 'ac78bd82997dbf18c8554e44fd1ba5dc') in 0.003685 seconds 
========================================================================
Received Import Request.
  Time since last request: 0.000015 seconds.
  path: Packages/com.unity.collab-proxy/Editor/PlasticSCM/Assets/Images/secondarytabclose.png
  artifactKey: Guid(03cefa94d5aa9d74993fb2138af9d607) Importer(-1,00000000000000000000000000000000)
Start importing Packages/com.unity.collab-proxy/Editor/PlasticSCM/Assets/Images/secondarytabclose.png using Guid(03cefa94d5aa9d74993fb2138af9d607) Importer(-1,00000000000000000000000000000000)  -> (artifact id: '53c5ab583123b0b66822ba2efc33175c') in 0.025737 seconds 
========================================================================
Received Import Request.
  Time since last request: 0.000017 seconds.
  path: Packages/com.unity.2d.sprite/Editor/ObjectMenuCreation/DefaultAssets/Textures/9-SlicedWithBorder.png
  artifactKey: Guid(cc35afd292fc349128b36a291fb3a165) Importer(-1,00000000000000000000000000000000)
Start importing Packages/com.unity.2d.sprite/Editor/ObjectMenuCreation/DefaultAssets/Textures/9-SlicedWithBorder.png using Guid(cc35afd292fc349128b36a291fb3a165) Importer(-1,00000000000000000000000000000000)  -> (artifact id: '50ac8bd2fc163399a46dc5c7cf2601ee') in 0.012123 seconds 
========================================================================
Received Import Request.
  Time since last request: 0.000016 seconds.
  path: Packages/com.unity.timeline/Editor/StyleSheets/Images/Shared/TimelineConnector.png
  artifactKey: Guid(a04f1625bf500f64e97445265dfbcc93) Importer(-1,00000000000000000000000000000000)
Start importing Packages/com.unity.timeline/Editor/StyleSheets/Images/Shared/TimelineConnector.png using Guid(a04f1625bf500f64e97445265dfbcc93) Importer(-1,00000000000000000000000000000000)  -> (artifact id: '4753535938475216d11ef4da13adae64') in 0.004137 seconds 
========================================================================
Received Import Request.
  Time since last request: 0.000021 seconds.
  path: Assets/Resources/UI/LoginSevenday/LoginSevenDays.png
  artifactKey: Guid(2dae775c47f712847b1129f69a4cbdbe) Importer(-1,00000000000000000000000000000000)
Start importing Assets/Resources/UI/LoginSevenday/LoginSevenDays.png using Guid(2dae775c47f712847b1129f69a4cbdbe) Importer(-1,00000000000000000000000000000000)  -> (artifact id: '0285b7ab52b1c773de5ee6993a9bea0f') in 0.851669 seconds 
========================================================================
Received Import Request.
  Time since last request: 0.000014 seconds.
  path: Packages/com.unity.timeline/Editor/StyleSheets/Images/LightSkin/TimelineHold.png
  artifactKey: Guid(a09fd8b5d9396c24a96a6de50cddc3b9) Importer(-1,00000000000000000000000000000000)
Start importing Packages/com.unity.timeline/Editor/StyleSheets/Images/LightSkin/TimelineHold.png using Guid(a09fd8b5d9396c24a96a6de50cddc3b9) Importer(-1,00000000000000000000000000000000)  -> (artifact id: '3d701655cd88e97d6ba90c0ad4b0db18') in 0.002985 seconds 
========================================================================
Received Import Request.
  Time since last request: 0.000017 seconds.
  path: Assets/codeandweb.com/Example/Sprites/capguy/turn/0009.png
  artifactKey: Guid(8259936af20c04a72a00663e88da641d) Importer(-1,00000000000000000000000000000000)
Start importing Assets/codeandweb.com/Example/Sprites/capguy/turn/0009.png using Guid(8259936af20c04a72a00663e88da641d) Importer(-1,00000000000000000000000000000000)  -> (artifact id: '520a2e4c3fab19dd8c58ca796779e0ad') in 0.024488 seconds 
========================================================================
Received Import Request.
  Time since last request: 0.000013 seconds.
  path: Packages/com.unity.timeline/Editor/StyleSheets/Images/Icons/TimelineSelector.png
  artifactKey: Guid(73f5ebb64da7b2a40ab6bffac80f1a61) Importer(-1,00000000000000000000000000000000)
Start importing Packages/com.unity.timeline/Editor/StyleSheets/Images/Icons/TimelineSelector.png using Guid(73f5ebb64da7b2a40ab6bffac80f1a61) Importer(-1,00000000000000000000000000000000)  -> (artifact id: '9c751a8a8d6eb7f3be104466c8a48991') in 0.009696 seconds 
========================================================================
Received Import Request.
  Time since last request: 0.000021 seconds.
  path: Packages/com.unity.textmeshpro/Editor Resources/Textures/btn_AlignBottom_Light.psd
  artifactKey: Guid(585b70cb75dd43efbfead809c30a1731) Importer(-1,00000000000000000000000000000000)
Start importing Packages/com.unity.textmeshpro/Editor Resources/Textures/btn_AlignBottom_Light.psd using Guid(585b70cb75dd43efbfead809c30a1731) Importer(-1,00000000000000000000000000000000)  -> (artifact id: '5b165993cf127c46e59f6226956846e6') in 0.013181 seconds 
========================================================================
Received Import Request.
  Time since last request: 0.000017 seconds.
  path: Packages/com.unity.timeline/Editor/StyleSheets/Images/Icons/d_TrackLockButtonEnabled@2x.png
  artifactKey: Guid(2c85066ea99cfbe4f90294bf295ce543) Importer(-1,00000000000000000000000000000000)
Start importing Packages/com.unity.timeline/Editor/StyleSheets/Images/Icons/d_TrackLockButtonEnabled@2x.png using Guid(2c85066ea99cfbe4f90294bf295ce543) Importer(-1,00000000000000000000000000000000)  -> (artifact id: '48f88c25412066ec707ef6c50aac77f5') in 0.020170 seconds 
========================================================================
Received Import Request.
  Time since last request: 0.000016 seconds.
  path: Packages/com.unity.textmeshpro/Editor Resources/Textures/btn_AlignTop.psd
  artifactKey: Guid(48d034c499ee4697af9dd6e327110249) Importer(-1,00000000000000000000000000000000)
Start importing Packages/com.unity.textmeshpro/Editor Resources/Textures/btn_AlignTop.psd using Guid(48d034c499ee4697af9dd6e327110249) Importer(-1,00000000000000000000000000000000)  -> (artifact id: '0aed379811b38d3673bcfcd203d1c04c') in 0.027491 seconds 
========================================================================
Received Import Request.
  Time since last request: 0.000017 seconds.
  path: Packages/com.unity.collab-proxy/Editor/PlasticSCM/Assets/Images/iconconflicted.png
  artifactKey: Guid(d1c88f142eee55b4eb2b2cfd7b3624ce) Importer(-1,00000000000000000000000000000000)
Start importing Packages/com.unity.collab-proxy/Editor/PlasticSCM/Assets/Images/iconconflicted.png using Guid(d1c88f142eee55b4eb2b2cfd7b3624ce) Importer(-1,00000000000000000000000000000000)  -> (artifact id: '1896d8793a3710e11e59452edc9a8396') in 0.020175 seconds 
========================================================================
Received Import Request.
  Time since last request: 0.000017 seconds.
  path: Packages/com.unity.analytics/DataPrivacy/DataPrivacyIcon.png
  artifactKey: Guid(599a5fd92bab81a4ab02e52d0b1b1c60) Importer(-1,00000000000000000000000000000000)
Start importing Packages/com.unity.analytics/DataPrivacy/DataPrivacyIcon.png using Guid(599a5fd92bab81a4ab02e52d0b1b1c60) Importer(-1,00000000000000000000000000000000)  -> (artifact id: 'ee44d859bb9c21fe780373237b7b8322') in 0.017094 seconds 
========================================================================
Received Import Request.
  Time since last request: 0.000012 seconds.
  path: Packages/com.unity.collab-proxy/Editor/PlasticSCM/Assets/Images/d_iconconflictedoverlay@2x.png
  artifactKey: Guid(a3ced8f7044b9de4787602a9e9b20ea7) Importer(-1,00000000000000000000000000000000)
Start importing Packages/com.unity.collab-proxy/Editor/PlasticSCM/Assets/Images/d_iconconflictedoverlay@2x.png using Guid(a3ced8f7044b9de4787602a9e9b20ea7) Importer(-1,00000000000000000000000000000000)  -> (artifact id: '66b2b6589608b35f3625e87ac0894062') in 0.017426 seconds 
========================================================================
Received Import Request.
  Time since last request: 0.000013 seconds.
  path: Assets/codeandweb.com/Example/Sprites/capguy/walk/0002_n.png
  artifactKey: Guid(7d546cad0b2db48b3a3b1b8143a049d4) Importer(-1,00000000000000000000000000000000)
Start importing Assets/codeandweb.com/Example/Sprites/capguy/walk/0002_n.png using Guid(7d546cad0b2db48b3a3b1b8143a049d4) Importer(-1,00000000000000000000000000000000)  -> (artifact id: 'ccc131896bcfd2eb9e79544e8c712f4d') in 0.073969 seconds 
========================================================================
Received Import Request.
  Time since last request: 0.000013 seconds.
  path: Assets/codeandweb.com/Example/Sprites/capguy/turn/0003_n.png
  artifactKey: Guid(46c9ff1b6e84643bf88075b67a74803b) Importer(-1,00000000000000000000000000000000)
Start importing Assets/codeandweb.com/Example/Sprites/capguy/turn/0003_n.png using Guid(46c9ff1b6e84643bf88075b67a74803b) Importer(-1,00000000000000000000000000000000)  -> (artifact id: '31b30e325355b314c21b66115eb721da') in 0.071899 seconds 
========================================================================
Received Import Request.
  Time since last request: 0.000132 seconds.
  path: Packages/com.unity.textmeshpro/Editor Resources/Gizmos/TMP - Input Field Icon.psd
  artifactKey: Guid(3ee40aa79cd242a5b53b0b0ca4f13f0f) Importer(-1,00000000000000000000000000000000)
Start importing Packages/com.unity.textmeshpro/Editor Resources/Gizmos/TMP - Input Field Icon.psd using Guid(3ee40aa79cd242a5b53b0b0ca4f13f0f) Importer(-1,00000000000000000000000000000000)  -> (artifact id: 'c5469e7617fda0e916230fdd78b7a948') in 0.021960 seconds 
========================================================================
Received Import Request.
  Time since last request: 0.000018 seconds.
  path: Packages/com.unity.timeline/Editor/StyleSheets/Images/Icons/TrackRecordButtonEnabled@2x.png
  artifactKey: Guid(8fdae4ac756ed6047b01021ff0cc3ebb) Importer(-1,00000000000000000000000000000000)
Start importing Packages/com.unity.timeline/Editor/StyleSheets/Images/Icons/TrackRecordButtonEnabled@2x.png using Guid(8fdae4ac756ed6047b01021ff0cc3ebb) Importer(-1,00000000000000000000000000000000)  -> (artifact id: 'd0f8a7a86c1dcf1f8da905d935883170') in 0.021426 seconds 
========================================================================
Received Import Request.
  Time since last request: 0.000014 seconds.
  path: Packages/com.unity.timeline/Editor/StyleSheets/Images/DarkSkin/TimelineAutokey_active@2x.png
  artifactKey: Guid(183f7b7549219ab47becb461a16df882) Importer(-1,00000000000000000000000000000000)
Start importing Packages/com.unity.timeline/Editor/StyleSheets/Images/DarkSkin/TimelineAutokey_active@2x.png using Guid(183f7b7549219ab47becb461a16df882) Importer(-1,00000000000000000000000000000000)  -> (artifact id: '3815068f6ea6d3da5760c8db8e702e9e') in 0.007038 seconds 
========================================================================
Received Import Request.
  Time since last request: 0.000011 seconds.
  path: Packages/com.unity.2d.tilemap/Editor/Icons/Grid.FlipY@2x.png
  artifactKey: Guid(baab1bab0820d0942bb79c6da94b1688) Importer(-1,00000000000000000000000000000000)
Start importing Packages/com.unity.2d.tilemap/Editor/Icons/Grid.FlipY@2x.png using Guid(baab1bab0820d0942bb79c6da94b1688) Importer(-1,00000000000000000000000000000000)  -> (artifact id: '487447087f7c84cff8ccdc847e3401c9') in 0.018545 seconds 
========================================================================
Received Import Request.
  Time since last request: 0.000019 seconds.
  path: Packages/com.unity.timeline/Editor/StyleSheets/Images/Icons/d_TrackAvatarButtonEnabled.png
  artifactKey: Guid(c207dcd389fb689489f5266468cd4609) Importer(-1,00000000000000000000000000000000)
Start importing Packages/com.unity.timeline/Editor/StyleSheets/Images/Icons/d_TrackAvatarButtonEnabled.png using Guid(c207dcd389fb689489f5266468cd4609) Importer(-1,00000000000000000000000000000000)  -> (artifact id: '2ab418d50ab099747c027e13a17baf91') in 0.004487 seconds 
========================================================================
Received Import Request.
  Time since last request: 0.000039 seconds.
  path: Packages/com.unity.collab-proxy/Editor/PlasticSCM/Assets/Images/step1.png
  artifactKey: Guid(9ce84ff0fdeb13d4a83f077d075dd9a5) Importer(-1,00000000000000000000000000000000)
Start importing Packages/com.unity.collab-proxy/Editor/PlasticSCM/Assets/Images/step1.png using Guid(9ce84ff0fdeb13d4a83f077d075dd9a5) Importer(-1,00000000000000000000000000000000)  -> (artifact id: '86484b96c3f4476eaafadcb28aa1e671') in 0.008035 seconds 
========================================================================
Received Import Request.
  Time since last request: 0.000018 seconds.
  path: Packages/com.unity.collab-proxy/Editor/PlasticSCM/Assets/Images/d_iconlockedlocaloverlay@2x.png
  artifactKey: Guid(ae53a7884da90e94eb5dfeab594b746c) Importer(-1,00000000000000000000000000000000)
Start importing Packages/com.unity.collab-proxy/Editor/PlasticSCM/Assets/Images/d_iconlockedlocaloverlay@2x.png using Guid(ae53a7884da90e94eb5dfeab594b746c) Importer(-1,00000000000000000000000000000000)  -> (artifact id: '8f7835f190e27f3a1bcc0693480bc9b0') in 0.005863 seconds 
========================================================================
Received Import Request.
  Time since last request: 0.000013 seconds.
  path: Packages/com.unity.timeline/Editor/StyleSheets/Images/Icons/TrackRecordButtonDisabled@2x.png
  artifactKey: Guid(6091f9516d23100479c03bca26138bc8) Importer(-1,00000000000000000000000000000000)
Start importing Packages/com.unity.timeline/Editor/StyleSheets/Images/Icons/TrackRecordButtonDisabled@2x.png using Guid(6091f9516d23100479c03bca26138bc8) Importer(-1,00000000000000000000000000000000)  -> (artifact id: '119d62c27d0c205e03f8f44af5639be7') in 0.005555 seconds 
========================================================================
Received Import Request.
  Time since last request: 0.000014 seconds.
  path: Assets/codeandweb.com/Example/Sprites/capguy/walk/0016.png
  artifactKey: Guid(817d5828bd6ef45af8ec5b612d889873) Importer(-1,00000000000000000000000000000000)
Start importing Assets/codeandweb.com/Example/Sprites/capguy/walk/0016.png using Guid(817d5828bd6ef45af8ec5b612d889873) Importer(-1,00000000000000000000000000000000)  -> (artifact id: '551efe25e4bc55bc933bbc52c65e3724') in 0.026997 seconds 
========================================================================
Received Import Request.
  Time since last request: 0.000013 seconds.
  path: Assets/codeandweb.com/Example/SpriteSheet/sprites.png
  artifactKey: Guid(5cce10e60317e48e1b3f015fa0f09a0b) Importer(-1,00000000000000000000000000000000)
Start importing Assets/codeandweb.com/Example/SpriteSheet/sprites.png using Guid(5cce10e60317e48e1b3f015fa0f09a0b) Importer(-1,00000000000000000000000000000000)  -> (artifact id: '92098464f36a8ad1d4a165a0cf79cbc7') in 0.949054 seconds 
========================================================================
Received Import Request.
  Time since last request: 0.000017 seconds.
  path: Packages/com.unity.collab-proxy/Editor/PlasticSCM/Assets/Images/iconoutofsync@2x.png
  artifactKey: Guid(d7094718bdac022428dd29244922d06b) Importer(-1,00000000000000000000000000000000)
Start importing Packages/com.unity.collab-proxy/Editor/PlasticSCM/Assets/Images/iconoutofsync@2x.png using Guid(d7094718bdac022428dd29244922d06b) Importer(-1,00000000000000000000000000000000)  -> (artifact id: '08bf8ed75fc57792f9a258a5331277e6') in 0.005468 seconds 
========================================================================
Received Import Request.
  Time since last request: 0.000018 seconds.
  path: Packages/com.unity.timeline/Editor/StyleSheets/Images/DarkSkin/TimelineAutokey@2x.png
  artifactKey: Guid(af24c542434a025448222d576f61a956) Importer(-1,00000000000000000000000000000000)
Start importing Packages/com.unity.timeline/Editor/StyleSheets/Images/DarkSkin/TimelineAutokey@2x.png using Guid(af24c542434a025448222d576f61a956) Importer(-1,00000000000000000000000000000000)  -> (artifact id: 'c44306383c2d4ff919d1e7e280110d12') in 0.029701 seconds 
========================================================================
Received Import Request.
  Time since last request: 0.000012 seconds.
  path: Assets/codeandweb.com/Example/Sprites/capguy/walk/0001.png
  artifactKey: Guid(78061124eecc64820ba6dc6ccc95a35e) Importer(-1,00000000000000000000000000000000)
Start importing Assets/codeandweb.com/Example/Sprites/capguy/walk/0001.png using Guid(78061124eecc64820ba6dc6ccc95a35e) Importer(-1,00000000000000000000000000000000)  -> (artifact id: '2b608e17d8ac6f3c6633391131ad7ca2') in 0.030406 seconds 
========================================================================
Received Import Request.
  Time since last request: 0.000019 seconds.
  path: Assets/codeandweb.com/Example/Sprites/capguy/walk/0012_n.png
  artifactKey: Guid(558c8c2a2902b429aa92b34f04747ca7) Importer(-1,00000000000000000000000000000000)
Start importing Assets/codeandweb.com/Example/Sprites/capguy/walk/0012_n.png using Guid(558c8c2a2902b429aa92b34f04747ca7) Importer(-1,00000000000000000000000000000000)  -> (artifact id: '227723e2d14fffa3ae094d117db4a57b') in 0.040726 seconds 
========================================================================
Received Import Request.
  Time since last request: 0.000014 seconds.
  path: Assets/Resources/UI/MessageBox/MessageBox.png
  artifactKey: Guid(ded4503702244b3408dafe25fb69180c) Importer(-1,00000000000000000000000000000000)
Start importing Assets/Resources/UI/MessageBox/MessageBox.png using Guid(ded4503702244b3408dafe25fb69180c) Importer(-1,00000000000000000000000000000000)  -> (artifact id: '11065abd3a3eedd5c8944e0b84341f50') in 0.118495 seconds 
========================================================================
Received Import Request.
  Time since last request: 0.000019 seconds.
  path: Packages/com.unity.collab-proxy/Editor/PlasticSCM/Assets/Images/iconplasticnotifyincoming.png
  artifactKey: Guid(1e6c9635b80f973488d8335a081c905f) Importer(-1,00000000000000000000000000000000)
Start importing Packages/com.unity.collab-proxy/Editor/PlasticSCM/Assets/Images/iconplasticnotifyincoming.png using Guid(1e6c9635b80f973488d8335a081c905f) Importer(-1,00000000000000000000000000000000)  -> (artifact id: '2d68fbeaeeda414ad45a41af4731c638') in 0.007171 seconds 
========================================================================
Received Import Request.
  Time since last request: 0.000019 seconds.
  path: Packages/com.unity.collab-proxy/Editor/PlasticSCM/Assets/Images/refresh@2x.png
  artifactKey: Guid(59571f82a0dc1a14da606dc0df6f8ea7) Importer(-1,00000000000000000000000000000000)
Start importing Packages/com.unity.collab-proxy/Editor/PlasticSCM/Assets/Images/refresh@2x.png using Guid(59571f82a0dc1a14da606dc0df6f8ea7) Importer(-1,00000000000000000000000000000000)  -> (artifact id: '6b88ffe7aa7260938036a63d6f5f10fa') in 0.005318 seconds 
========================================================================
Received Import Request.
  Time since last request: 0.000010 seconds.
  path: Packages/com.unity.2d.sprite/Editor/ObjectMenuCreation/DefaultAssets/Textures/Square.png
  artifactKey: Guid(48e93eef0688c4a259cb0eddcd8661f7) Importer(-1,00000000000000000000000000000000)
Start importing Packages/com.unity.2d.sprite/Editor/ObjectMenuCreation/DefaultAssets/Textures/Square.png using Guid(48e93eef0688c4a259cb0eddcd8661f7) Importer(-1,00000000000000000000000000000000)  -> (artifact id: 'ab859fc18caa6c237da0f424e70823f0') in 0.005099 seconds 
========================================================================
Received Import Request.
  Time since last request: 0.000014 seconds.
  path: Packages/com.unity.collab-proxy/Editor/PlasticSCM/Assets/Images/d_iconconflicted.png
  artifactKey: Guid(881798b77426a8f47b533dcc4767e9e5) Importer(-1,00000000000000000000000000000000)
Start importing Packages/com.unity.collab-proxy/Editor/PlasticSCM/Assets/Images/d_iconconflicted.png using Guid(881798b77426a8f47b533dcc4767e9e5) Importer(-1,00000000000000000000000000000000)  -> (artifact id: '7276e19cfcbda22db5351790452f576a') in 0.012947 seconds 
========================================================================
Received Import Request.
  Time since last request: 0.000033 seconds.
  path: Packages/com.unity.timeline/Editor/StyleSheets/Images/DarkSkin/TimelineKeyframe.png
  artifactKey: Guid(8eba099eb091faf419fecdcd5cdabfd7) Importer(-1,00000000000000000000000000000000)
Start importing Packages/com.unity.timeline/Editor/StyleSheets/Images/DarkSkin/TimelineKeyframe.png using Guid(8eba099eb091faf419fecdcd5cdabfd7) Importer(-1,00000000000000000000000000000000)  -> (artifact id: '55887ddb80a128d4287fee57be61cc61') in 0.003646 seconds 
========================================================================
Received Import Request.
  Time since last request: 0.000018 seconds.
  path: Packages/com.unity.timeline/Editor/StyleSheets/Images/LightSkin/TimelineContinue.png
  artifactKey: Guid(61c21f74972ba8246b3ea400a9231841) Importer(-1,00000000000000000000000000000000)
Start importing Packages/com.unity.timeline/Editor/StyleSheets/Images/LightSkin/TimelineContinue.png using Guid(61c21f74972ba8246b3ea400a9231841) Importer(-1,00000000000000000000000000000000)  -> (artifact id: 'ce82a4ac9ea783dcb271c9b025cc36b2') in 0.002943 seconds 
========================================================================
Received Import Request.
  Time since last request: 0.000015 seconds.
  path: Packages/com.unity.timeline/Editor/StyleSheets/Images/Icons/TimelineEditModeMixOFF.png
  artifactKey: Guid(8fca5ed160cdc5440a4c7561db4082b2) Importer(-1,00000000000000000000000000000000)
Start importing Packages/com.unity.timeline/Editor/StyleSheets/Images/Icons/TimelineEditModeMixOFF.png using Guid(8fca5ed160cdc5440a4c7561db4082b2) Importer(-1,00000000000000000000000000000000)  -> (artifact id: '35b70fa2507cbd90dd350161f5d022d7') in 0.003961 seconds 
========================================================================
Received Import Request.
  Time since last request: 0.000016 seconds.
  path: Packages/com.unity.collab-proxy/Editor/PlasticSCM/Assets/Images/d_icondeletedremote@2x.png
  artifactKey: Guid(626b9cddb29049e4cac50cd87b419945) Importer(-1,00000000000000000000000000000000)
Start importing Packages/com.unity.collab-proxy/Editor/PlasticSCM/Assets/Images/d_icondeletedremote@2x.png using Guid(626b9cddb29049e4cac50cd87b419945) Importer(-1,00000000000000000000000000000000)  -> (artifact id: 'df1bcdfe0a6dad00722b53e3659adb72') in 0.004226 seconds 
========================================================================
Received Import Request.
  Time since last request: 0.000013 seconds.
  path: Packages/com.unity.timeline/Editor/StyleSheets/Images/DarkSkin/TimelinePlayRange.png
  artifactKey: Guid(43eeff8a446b32242a4fb1a5c1bd7b8e) Importer(-1,00000000000000000000000000000000)
Start importing Packages/com.unity.timeline/Editor/StyleSheets/Images/DarkSkin/TimelinePlayRange.png using Guid(43eeff8a446b32242a4fb1a5c1bd7b8e) Importer(-1,00000000000000000000000000000000)  -> (artifact id: 'de6aa2166b67ae474e59da0b58be7b2e') in 0.002802 seconds 
========================================================================
Received Import Request.
  Time since last request: 0.000014 seconds.
  path: Assets/codeandweb.com/Example/Sprites/capguy/turn/0012.png
  artifactKey: Guid(49778cc38cfcb45a79bfe9480a52063e) Importer(-1,00000000000000000000000000000000)
Start importing Assets/codeandweb.com/Example/Sprites/capguy/turn/0012.png using Guid(49778cc38cfcb45a79bfe9480a52063e) Importer(-1,00000000000000000000000000000000)  -> (artifact id: '7cf8269e8f1e9327ecab2cbd7d8a0d40') in 0.023538 seconds 
========================================================================
Received Import Request.
  Time since last request: 0.000014 seconds.
  path: Packages/com.unity.timeline/Editor/StyleSheets/Images/DarkSkin/TimelineSignalCollapsed.png
  artifactKey: Guid(d91793cd853a258448e4d5545bb38e45) Importer(-1,00000000000000000000000000000000)
Start importing Packages/com.unity.timeline/Editor/StyleSheets/Images/DarkSkin/TimelineSignalCollapsed.png using Guid(d91793cd853a258448e4d5545bb38e45) Importer(-1,00000000000000000000000000000000)  -> (artifact id: '4b5222145bcb74d9eed9a9590a95c4af') in 0.002528 seconds 
========================================================================
Received Import Request.
  Time since last request: 0.000012 seconds.
  path: Packages/com.unity.collab-proxy/Editor/PlasticSCM/Assets/Images/d_iconcheckedoutlocaloverlay@2x.png
  artifactKey: Guid(8d98ab6168c3e91439339f1908b8fe97) Importer(-1,00000000000000000000000000000000)
Start importing Packages/com.unity.collab-proxy/Editor/PlasticSCM/Assets/Images/d_iconcheckedoutlocaloverlay@2x.png using Guid(8d98ab6168c3e91439339f1908b8fe97) Importer(-1,00000000000000000000000000000000)  -> (artifact id: '7564b0188c220fb67f3344fc0f7e7cf4') in 0.005256 seconds 
========================================================================
Received Import Request.
  Time since last request: 0.000015 seconds.
  path: Packages/com.unity.timeline/Editor/StyleSheets/Images/Icons/TrackLockButtonEnabled.png
  artifactKey: Guid(cf575301f1e76c4478de0e77db15eba0) Importer(-1,00000000000000000000000000000000)
Start importing Packages/com.unity.timeline/Editor/StyleSheets/Images/Icons/TrackLockButtonEnabled.png using Guid(cf575301f1e76c4478de0e77db15eba0) Importer(-1,00000000000000000000000000000000)  -> (artifact id: '8dc3fd75f198415118b2bdf5455ec327') in 0.002771 seconds 
========================================================================
Received Import Request.
  Time since last request: 0.000016 seconds.
  path: Packages/com.unity.collab-proxy/Editor/PlasticSCM/Assets/Images/icondeletedremote@2x.png
  artifactKey: Guid(70e3ce8ad01f39248a3ea97a35bcf238) Importer(-1,00000000000000000000000000000000)
Start importing Packages/com.unity.collab-proxy/Editor/PlasticSCM/Assets/Images/icondeletedremote@2x.png using Guid(70e3ce8ad01f39248a3ea97a35bcf238) Importer(-1,00000000000000000000000000000000)  -> (artifact id: '406446c1d1f9ce574e9897a59327d97e') in 0.004608 seconds 
========================================================================
Received Import Request.
  Time since last request: 0.000016 seconds.
  path: Packages/com.unity.2d.sprite/Editor/ObjectMenuCreation/DefaultAssets/Textures/Circle.png
  artifactKey: Guid(ebe73ca9363db456bacf42c025bb4847) Importer(-1,00000000000000000000000000000000)
Start importing Packages/com.unity.2d.sprite/Editor/ObjectMenuCreation/DefaultAssets/Textures/Circle.png using Guid(ebe73ca9363db456bacf42c025bb4847) Importer(-1,00000000000000000000000000000000)  -> (artifact id: '77e31a09d01df089ecc9bd3dcb5fd245') in 0.007721 seconds 
========================================================================
Received Import Request.
  Time since last request: 0.000017 seconds.
  path: Packages/com.unity.timeline/Editor/StyleSheets/Images/LightSkin/TimelineTimeCursor.png
  artifactKey: Guid(ed665472b4fee2043a5c1cc802beaa8e) Importer(-1,00000000000000000000000000000000)
Start importing Packages/com.unity.timeline/Editor/StyleSheets/Images/LightSkin/TimelineTimeCursor.png using Guid(ed665472b4fee2043a5c1cc802beaa8e) Importer(-1,00000000000000000000000000000000)  -> (artifact id: '30a11aade9832972eb0aa59c68a5f19d') in 0.003024 seconds 
========================================================================
Received Import Request.
  Time since last request: 0.000016 seconds.
  path: Packages/com.unity.2d.sprite/Editor/ObjectMenuCreation/DefaultAssets/Textures/HexagonPointed-TopWithBorder.png
  artifactKey: Guid(4b2a04fdbe0ef4d8da8f90eaca817cd1) Importer(-1,00000000000000000000000000000000)
Start importing Packages/com.unity.2d.sprite/Editor/ObjectMenuCreation/DefaultAssets/Textures/HexagonPointed-TopWithBorder.png using Guid(4b2a04fdbe0ef4d8da8f90eaca817cd1) Importer(-1,00000000000000000000000000000000)  -> (artifact id: '3b909db5a74092fb1d4286c5fb1d1136') in 0.009338 seconds 
========================================================================
Received Import Request.
  Time since last request: 0.000016 seconds.
  path: Packages/com.unity.services.mediation/Runtime/Platform/Editor/TestAds/testAds_background.png
  artifactKey: Guid(101f89875c9bb4532957909238599da2) Importer(-1,00000000000000000000000000000000)
Start importing Packages/com.unity.services.mediation/Runtime/Platform/Editor/TestAds/testAds_background.png using Guid(101f89875c9bb4532957909238599da2) Importer(-1,00000000000000000000000000000000)  -> (artifact id: 'c3ff01f96baf5d6a48be42e0d9da4694') in 0.035097 seconds 
========================================================================
Received Import Request.
  Time since last request: 0.000016 seconds.
  path: Packages/com.unity.collab-proxy/Editor/PlasticSCM/Assets/Images/iconconflictresolvedoverlay@2x.png
  artifactKey: Guid(309b1d5a294fd6c43ae9cf77656c1852) Importer(-1,00000000000000000000000000000000)
Start importing Packages/com.unity.collab-proxy/Editor/PlasticSCM/Assets/Images/iconconflictresolvedoverlay@2x.png using Guid(309b1d5a294fd6c43ae9cf77656c1852) Importer(-1,00000000000000000000000000000000)  -> (artifact id: 'd769a4440c2a6026865d507b57353430') in 0.007283 seconds 
========================================================================
Received Import Request.
  Time since last request: 0.000015 seconds.
  path: Assets/Resources/UI/LoadingGame/LoadingGame.png
  artifactKey: Guid(bcf5b404307266441ac8c6da124ec506) Importer(-1,00000000000000000000000000000000)
Start importing Assets/Resources/UI/LoadingGame/LoadingGame.png using Guid(bcf5b404307266441ac8c6da124ec506) Importer(-1,00000000000000000000000000000000)  -> (artifact id: '08566fddf0315eb69fe0db040f410b23') in 1.202730 seconds 
========================================================================
Received Import Request.
  Time since last request: 0.000016 seconds.
  path: Packages/com.unity.collab-proxy/Editor/PlasticSCM/Assets/Images/loading.png
  artifactKey: Guid(c6b1bcaa3f4767141acd747384dbb276) Importer(-1,00000000000000000000000000000000)
Start importing Packages/com.unity.collab-proxy/Editor/PlasticSCM/Assets/Images/loading.png using Guid(c6b1bcaa3f4767141acd747384dbb276) Importer(-1,00000000000000000000000000000000)  -> (artifact id: 'a4f4ae0f9d81cda1215296805c4c9cc7') in 0.006358 seconds 
========================================================================
Received Import Request.
  Time since last request: 0.000022 seconds.
  path: Packages/com.unity.timeline/Editor/StyleSheets/Images/LightSkin/TimelinePlayRange.png
  artifactKey: Guid(70e3f118652b9094885689730ad3a47b) Importer(-1,00000000000000000000000000000000)
Start importing Packages/com.unity.timeline/Editor/StyleSheets/Images/LightSkin/TimelinePlayRange.png using Guid(70e3f118652b9094885689730ad3a47b) Importer(-1,00000000000000000000000000000000)  -> (artifact id: '1aab2c4447812e6d1b134267b1aad21c') in 0.002569 seconds 
========================================================================
Received Import Request.
  Time since last request: 0.000011 seconds.
  path: Packages/com.unity.collab-proxy/Editor/PlasticSCM/Assets/Images/iconrepository.png
  artifactKey: Guid(ed64f3a17f2ede646be21ed6edc9161a) Importer(-1,00000000000000000000000000000000)
Start importing Packages/com.unity.collab-proxy/Editor/PlasticSCM/Assets/Images/iconrepository.png using Guid(ed64f3a17f2ede646be21ed6edc9161a) Importer(-1,00000000000000000000000000000000)  -> (artifact id: '6c569bcc4dbef2ae31ea51b0c64c83e7') in 0.004908 seconds 
========================================================================
Received Import Request.
  Time since last request: 0.000012 seconds.
  path: Packages/com.unity.collab-proxy/Editor/PlasticSCM/Assets/Images/d_iconclosebutton.png
  artifactKey: Guid(9cadde7a0d5f9024ab3f2cd5f6a740d6) Importer(-1,00000000000000000000000000000000)
Start importing Packages/com.unity.collab-proxy/Editor/PlasticSCM/Assets/Images/d_iconclosebutton.png using Guid(9cadde7a0d5f9024ab3f2cd5f6a740d6) Importer(-1,00000000000000000000000000000000)  -> (artifact id: 'c183b629882a5a9b95fd142f60b0f5fd') in 0.002694 seconds 
========================================================================
Received Import Request.
  Time since last request: 0.000014 seconds.
  path: Assets/codeandweb.com/Example/Sprites/capguy/turn/0002.png
  artifactKey: Guid(43597c51dd50b4747b8285c33ea57329) Importer(-1,00000000000000000000000000000000)
Start importing Assets/codeandweb.com/Example/Sprites/capguy/turn/0002.png using Guid(43597c51dd50b4747b8285c33ea57329) Importer(-1,00000000000000000000000000000000)  -> (artifact id: 'ea8f707d54dce1ae809bcf7a5ec735d5') in 0.033331 seconds 
========================================================================
Received Import Request.
  Time since last request: 0.000016 seconds.
  path: Assets/codeandweb.com/Example/Sprites/capguy/turn/0004_n.png
  artifactKey: Guid(07034e388fbed42549c2abdff0717cf9) Importer(-1,00000000000000000000000000000000)
Start importing Assets/codeandweb.com/Example/Sprites/capguy/turn/0004_n.png using Guid(07034e388fbed42549c2abdff0717cf9) Importer(-1,00000000000000000000000000000000)  -> (artifact id: '5dfb52a5e5f0c1be2dd7cd22478208a2') in 0.106606 seconds 
========================================================================
Received Import Request.
  Time since last request: 0.000015 seconds.
  path: Packages/com.unity.collab-proxy/Editor/PlasticSCM/Assets/Images/xlink.png
  artifactKey: Guid(556a2f3b046024d4c9621c1b4be5f0c1) Importer(-1,00000000000000000000000000000000)
Start importing Packages/com.unity.collab-proxy/Editor/PlasticSCM/Assets/Images/xlink.png using Guid(556a2f3b046024d4c9621c1b4be5f0c1) Importer(-1,00000000000000000000000000000000)  -> (artifact id: '0f0ed249fd1cb4e242b0f913bdf9a01e') in 0.007033 seconds 
========================================================================
Received Import Request.
  Time since last request: 0.000018 seconds.
  path: Packages/com.unity.collab-proxy/Editor/PlasticSCM/Assets/Images/d_buttonssosigninemail.png
  artifactKey: Guid(3086d66a563317b40a20a20da2c64ac0) Importer(-1,00000000000000000000000000000000)
Start importing Packages/com.unity.collab-proxy/Editor/PlasticSCM/Assets/Images/d_buttonssosigninemail.png using Guid(3086d66a563317b40a20a20da2c64ac0) Importer(-1,00000000000000000000000000000000)  -> (artifact id: 'aafb174ea82d88f6f42905dce885458b') in 0.007409 seconds 
========================================================================
Received Import Request.
  Time since last request: 0.000016 seconds.
  path: Assets/Resources/UI/Welfare/SevenDaysLogin.png
  artifactKey: Guid(39321508ee1046e49a42bf2182505672) Importer(-1,00000000000000000000000000000000)
Start importing Assets/Resources/UI/Welfare/SevenDaysLogin.png using Guid(39321508ee1046e49a42bf2182505672) Importer(-1,00000000000000000000000000000000)  -> (artifact id: 'ad818ff643194e55a4a5cc1eb11bea0a') in 1.282029 seconds 
========================================================================
Received Import Request.
  Time since last request: 0.000017 seconds.
  path: Packages/com.unity.collab-proxy/Editor/PlasticSCM/Assets/Images/notondisk.png
  artifactKey: Guid(b205f4b28f59dda49af458b35d8a3ff3) Importer(-1,00000000000000000000000000000000)
Start importing Packages/com.unity.collab-proxy/Editor/PlasticSCM/Assets/Images/notondisk.png using Guid(b205f4b28f59dda49af458b35d8a3ff3) Importer(-1,00000000000000000000000000000000)  -> (artifact id: '1182df766278db853bd5013772a2683c') in 0.006503 seconds 
========================================================================
Received Import Request.
  Time since last request: 0.000028 seconds.
  path: Packages/com.unity.timeline/Editor/StyleSheets/Images/LightSkin/TimelineEndPlayback.png
  artifactKey: Guid(6952cd3b0f88917449a8fa4d19fc5009) Importer(-1,00000000000000000000000000000000)
Start importing Packages/com.unity.timeline/Editor/StyleSheets/Images/LightSkin/TimelineEndPlayback.png using Guid(6952cd3b0f88917449a8fa4d19fc5009) Importer(-1,00000000000000000000000000000000)  -> (artifact id: 'fe0e16faafbb1b01ab1e16f5abed98b8') in 0.004666 seconds 
========================================================================
Received Import Request.
  Time since last request: 0.000015 seconds.
  path: Assets/codeandweb.com/Example/Sprites/capguy/turn/0010_n.png
  artifactKey: Guid(3b88f56da5ba6487184148461b590db9) Importer(-1,00000000000000000000000000000000)
Start importing Assets/codeandweb.com/Example/Sprites/capguy/turn/0010_n.png using Guid(3b88f56da5ba6487184148461b590db9) Importer(-1,00000000000000000000000000000000)  -> (artifact id: 'f552d6f7e0b6c8db8203f82b8a2fec0c') in 0.073212 seconds 
========================================================================
Received Import Request.
  Time since last request: 0.006410 seconds.
  path: Packages/com.unity.collab-proxy/Editor/PlasticSCM/Assets/Images/iconundo.png
  artifactKey: Guid(98773313eabe35543bfdbf542ccea271) Importer(-1,00000000000000000000000000000000)
Start importing Packages/com.unity.collab-proxy/Editor/PlasticSCM/Assets/Images/iconundo.png using Guid(98773313eabe35543bfdbf542ccea271) Importer(-1,00000000000000000000000000000000)  -> (artifact id: 'b93082fc832334d5851b066ef76d9ed5') in 0.004945 seconds 
========================================================================
Received Import Request.
  Time since last request: 0.000010 seconds.
  path: Packages/com.unity.timeline/Editor/StyleSheets/Images/Icons/d_TrackRecordButtonEnabled@2x.png
  artifactKey: Guid(0f1c9a12872a30f45bab34f536332bb3) Importer(-1,00000000000000000000000000000000)
Start importing Packages/com.unity.timeline/Editor/StyleSheets/Images/Icons/d_TrackRecordButtonEnabled@2x.png using Guid(0f1c9a12872a30f45bab34f536332bb3) Importer(-1,00000000000000000000000000000000)  -> (artifact id: '7da8e999e2a7761e488865f0f42e30e7') in 0.003338 seconds 
========================================================================
Received Import Request.
  Time since last request: 0.000012 seconds.
  path: Packages/com.unity.2d.tilemap/Editor/Icons/d_Grid.RotateCW.png
  artifactKey: Guid(66bb00887f3170c4a95b989d392049ec) Importer(-1,00000000000000000000000000000000)
Start importing Packages/com.unity.2d.tilemap/Editor/Icons/d_Grid.RotateCW.png using Guid(66bb00887f3170c4a95b989d392049ec) Importer(-1,00000000000000000000000000000000)  -> (artifact id: 'e94c728dafb1cbab72cdb0bc3421397b') in 0.004990 seconds 
========================================================================
Received Import Request.
  Time since last request: 0.000012 seconds.
  path: Packages/com.unity.2d.tilemap/Editor/Icons/d_Grid.FlipY@2x.png
  artifactKey: Guid(a3c4ea29a117e3f418ded11a50e4d52d) Importer(-1,00000000000000000000000000000000)
Start importing Packages/com.unity.2d.tilemap/Editor/Icons/d_Grid.FlipY@2x.png using Guid(a3c4ea29a117e3f418ded11a50e4d52d) Importer(-1,00000000000000000000000000000000)  -> (artifact id: '944070f15e788db4d6ea5619c0377e3d') in 0.004537 seconds 
========================================================================
Received Import Request.
  Time since last request: 0.000013 seconds.
  path: Packages/com.unity.collab-proxy/Editor/PlasticSCM/Assets/Images/d_iconconflictedoverlay.png
  artifactKey: Guid(a892bcc7ae1871447926b3c44d158763) Importer(-1,00000000000000000000000000000000)
Start importing Packages/com.unity.collab-proxy/Editor/PlasticSCM/Assets/Images/d_iconconflictedoverlay.png using Guid(a892bcc7ae1871447926b3c44d158763) Importer(-1,00000000000000000000000000000000)  -> (artifact id: '786fa5a38182bad4b5f6d51158a6bc85') in 0.006924 seconds 
========================================================================
Received Import Request.
  Time since last request: 0.000016 seconds.
  path: Packages/com.unity.timeline/Editor/StyleSheets/Images/Icons/d_TrackRecordButtonDisabled@2x.png
  artifactKey: Guid(db15c78579dee4a4db85f392634c8ecc) Importer(-1,00000000000000000000000000000000)
Start importing Packages/com.unity.timeline/Editor/StyleSheets/Images/Icons/d_TrackRecordButtonDisabled@2x.png using Guid(db15c78579dee4a4db85f392634c8ecc) Importer(-1,00000000000000000000000000000000)  -> (artifact id: 'b62201a4426468f212354f081609ace9') in 0.006126 seconds 
========================================================================
Received Import Request.
  Time since last request: 0.000012 seconds.
  path: Packages/com.unity.timeline/Editor/StyleSheets/Images/LightSkin/TimelineInfiniteTrackNoShadow.png
  artifactKey: Guid(69ff79f863a32ad44a9497d4896d9d1c) Importer(-1,00000000000000000000000000000000)
Start importing Packages/com.unity.timeline/Editor/StyleSheets/Images/LightSkin/TimelineInfiniteTrackNoShadow.png using Guid(69ff79f863a32ad44a9497d4896d9d1c) Importer(-1,00000000000000000000000000000000)  -> (artifact id: '36b971b02f4025919c5c63c095b32b71') in 0.003060 seconds 
========================================================================
Received Import Request.
  Time since last request: 0.000012 seconds.
  path: Assets/Resources/UI/Welfare/Welfare.png
  artifactKey: Guid(1c72b0f40cda5fa4da53612e3f0e736c) Importer(-1,00000000000000000000000000000000)
Start importing Assets/Resources/UI/Welfare/Welfare.png using Guid(1c72b0f40cda5fa4da53612e3f0e736c) Importer(-1,00000000000000000000000000000000)  -> (artifact id: '5b2c0a702bbf69cc633e20b6c8ad9afa') in 1.242551 seconds 
========================================================================
Received Import Request.
  Time since last request: 0.000016 seconds.
  path: Packages/com.unity.collab-proxy/Editor/PlasticSCM/Assets/Images/d_iconconflictresolvedoverlay@2x.png
  artifactKey: Guid(4a231ba0e81e63849a8f985c228e8acd) Importer(-1,00000000000000000000000000000000)
Start importing Packages/com.unity.collab-proxy/Editor/PlasticSCM/Assets/Images/d_iconconflictresolvedoverlay@2x.png using Guid(4a231ba0e81e63849a8f985c228e8acd) Importer(-1,00000000000000000000000000000000)  -> (artifact id: 'ad7c78a39cded940fdfac4f8daa48fbb') in 0.005714 seconds 
========================================================================
Received Import Request.
  Time since last request: 0.000023 seconds.
  path: Packages/com.unity.2d.sprite/Editor/ObjectMenuCreation/DefaultAssets/Textures/v2/HexagonFlatTop.png
  artifactKey: Guid(b670ab75dde984907b8570040daa08c5) Importer(-1,00000000000000000000000000000000)
Start importing Packages/com.unity.2d.sprite/Editor/ObjectMenuCreation/DefaultAssets/Textures/v2/HexagonFlatTop.png using Guid(b670ab75dde984907b8570040daa08c5) Importer(-1,00000000000000000000000000000000)  -> (artifact id: 'c6a0aad87669d2031f69c7070b1946be') in 0.006341 seconds 
========================================================================
Received Import Request.
  Time since last request: 0.000014 seconds.
  path: Packages/com.unity.collab-proxy/Editor/PlasticSCM/Assets/Images/d_iconemptygravatar@2x.png
  artifactKey: Guid(0ac55f9f886d827408c102bdf33c5ff7) Importer(-1,00000000000000000000000000000000)
Start importing Packages/com.unity.collab-proxy/Editor/PlasticSCM/Assets/Images/d_iconemptygravatar@2x.png using Guid(0ac55f9f886d827408c102bdf33c5ff7) Importer(-1,00000000000000000000000000000000)  -> (artifact id: 'c4951e9bf6ce6465fb5c08b93344683b') in 0.007240 seconds 
========================================================================
Received Import Request.
  Time since last request: 0.000018 seconds.
  path: Assets/codeandweb.com/Example/Sprites/capguy/turn/0011_n.png
  artifactKey: Guid(7067f0235062442dbb4ad9414e4de074) Importer(-1,00000000000000000000000000000000)
Start importing Assets/codeandweb.com/Example/Sprites/capguy/turn/0011_n.png using Guid(7067f0235062442dbb4ad9414e4de074) Importer(-1,00000000000000000000000000000000)  -> (artifact id: '3386096bd9e34b322096f09bb07c4754') in 0.131832 seconds 
========================================================================
Received Import Request.
  Time since last request: 0.000016 seconds.
  path: Packages/com.unity.timeline/Editor/StyleSheets/Images/LightSkin/TimelineSignalSelected.png
  artifactKey: Guid(1a7852b1b33b816498b6af1e739f5995) Importer(-1,00000000000000000000000000000000)
Start importing Packages/com.unity.timeline/Editor/StyleSheets/Images/LightSkin/TimelineSignalSelected.png using Guid(1a7852b1b33b816498b6af1e739f5995) Importer(-1,00000000000000000000000000000000)  -> (artifact id: '0bb000d717076767fb33f3c623e58d7e') in 0.007836 seconds 
========================================================================
Received Import Request.
  Time since last request: 0.000023 seconds.
  path: Assets/codeandweb.com/Example/Sprites/capguy/walk/0007_n.png
  artifactKey: Guid(ac35450a43a71428f9314a18cc64b1d4) Importer(-1,00000000000000000000000000000000)
Start importing Assets/codeandweb.com/Example/Sprites/capguy/walk/0007_n.png using Guid(ac35450a43a71428f9314a18cc64b1d4) Importer(-1,00000000000000000000000000000000)  -> (artifact id: '58ccbe51c19f5a82124c58119ff4f2c3') in 0.074075 seconds 
========================================================================
Received Prepare
Refreshing native plugins compatible for Editor in 5.36 ms, found 2 plugins.
Preloading 0 native plugins for Editor in 0.00 ms.
Unloading 51 Unused Serialized files (Serialized files now loaded: 0)
Unloading 51 unused Assets / (23.1 KB). Loaded Objects now: 2758.
Memory consumption went from 47.4 MB to 47.4 MB.
Total: 4.913400 ms (FindLiveObjects: 0.200500 ms CreateObjectMapping: 0.146900 ms MarkObjects: 4.538900 ms  DeleteObjects: 0.026500 ms)

AssetImportParameters requested are different than current active one (requested -> active):
  custom:video-decoder-ogg-theora: a1e56fd34408186e4bbccfd4996cb3dc -> 
  custom:container-muxer-webm: aa71ff27fc2769a1b78a27578f13a17b -> 
  custom:container-demuxer-webm: 4f35f7cbe854078d1ac9338744f61a02 -> 
  custom:postprocessor/textureSprite: 1909f56bfc062723c751e8b465ee728b -> 6c974d5fbdd46f48f79c9d1ddb8bc3f3
  custom:video-encoder-webm-vp8: eb34c28f22e8b96e1ab97ce403110664 -> 
  custom:audio-encoder-webm-vorbis: bf7c407c2cedff20999df2af8eb42d56 -> 
  custom:framework-win-MediaFoundation: 216162199b28c13a410421893ffa2e32 -> 
  custom:container-demuxer-ogg: 62fdf1f143b41e24485cea50d1cbac27 -> 
  custom:video-decoder-webm-vp8: 9c59270c3fd7afecdb556c50c9e8de78 -> 
  custom:audio-decoder-ogg-vorbis: bf7c407c2cedff20999df2af8eb42d56 -> 
  custom:postprocessor/texturePreprocessor: 1909f56bfc062723c751e8b465ee728b -> 6c974d5fbdd46f48f79c9d1ddb8bc3f3
========================================================================
Received Prepare
Refreshing native plugins compatible for Editor in 5.35 ms, found 2 plugins.
Preloading 0 native plugins for Editor in 0.00 ms.
Unloading 51 Unused Serialized files (Serialized files now loaded: 0)
Unloading 51 unused Assets / (23.1 KB). Loaded Objects now: 2758.
Memory consumption went from 47.4 MB to 47.4 MB.
Total: 6.216700 ms (FindLiveObjects: 0.175000 ms CreateObjectMapping: 0.111800 ms MarkObjects: 5.902900 ms  DeleteObjects: 0.026200 ms)

AssetImportParameters requested are different than current active one (requested -> active):
  custom:video-decoder-ogg-theora: a1e56fd34408186e4bbccfd4996cb3dc -> 
  custom:container-muxer-webm: aa71ff27fc2769a1b78a27578f13a17b -> 
  custom:container-demuxer-webm: 4f35f7cbe854078d1ac9338744f61a02 -> 
  custom:postprocessor/textureSprite: 1909f56bfc062723c751e8b465ee728b -> 6c974d5fbdd46f48f79c9d1ddb8bc3f3
  custom:video-encoder-webm-vp8: eb34c28f22e8b96e1ab97ce403110664 -> 
  custom:audio-encoder-webm-vorbis: bf7c407c2cedff20999df2af8eb42d56 -> 
  custom:framework-win-MediaFoundation: 216162199b28c13a410421893ffa2e32 -> 
  custom:container-demuxer-ogg: 62fdf1f143b41e24485cea50d1cbac27 -> 
  custom:video-decoder-webm-vp8: 9c59270c3fd7afecdb556c50c9e8de78 -> 
  custom:audio-decoder-ogg-vorbis: bf7c407c2cedff20999df2af8eb42d56 -> 
  custom:postprocessor/texturePreprocessor: 1909f56bfc062723c751e8b465ee728b -> 6c974d5fbdd46f48f79c9d1ddb8bc3f3
Editor requested this worker to shutdown with reason: Scaling down because of idle timeout
AssetImportWorker is now disconnected from the server
Process exiting
Exiting without the bug reporter. Application will terminate with return code 0